#auto generated file!
12.0;14;19;15;13;15;10;16;14;15;15;14;10;14;16
18.0;14;20;17;13;15;10;14;14;15;17;13;9;15;14
24.0;15;21;18;13;14;11;13;15;13;17;13;10;14;13
30.0;15;20;17;13;16;11;12;15;13;18;13;10;15;12
36.0;16;21;17;14;16;11;12;13;14;18;15;9;14;10
42.0;16;20;17;16;15;11;12;13;14;18;15;8;14;11
48.0;17;20;17;16;17;11;13;12;14;16;15;8;14;10
54.0;17;22;17;16;18;11;13;12;13;15;14;7;15;10
60.0;17;22;17;16;18;11;12;12;12;16;15;7;15;10
66.0;17;22;17;15;20;12;12;12;11;15;15;7;15;10
72.0;19;22;17;17;19;12;11;13;12;14;13;7;14;10
78.0;19;23;18;16;19;12;10;12;12;14;14;7;14;10
84.0;17;24;19;16;19;14;10;12;11;14;14;7;13;10
90.0;17;24;19;16;19;14;10;12;11;15;14;7;13;9
96.0;18;24;19;14;19;15;11;12;10;15;14;7;13;9
102.0;19;24;18;14;18;15;12;13;9;15;15;7;12;9
108.0;18;24;19;15;18;15;12;12;9;14;16;7;11;10
114.0;18;24;22;15;19;15;12;12;8;12;15;7;10;11
120.0;21;24;22;15;21;15;10;11;8;10;15;8;9;11
126.0;21;24;22;14;21;15;10;11;9;10;15;8;9;11
132.0;23;23;24;14;22;17;8;11;8;10;14;7;8;11
138.0;26;23;24;14;22;14;9;10;9;9;13;7;9;11
144.0;26;24;21;17;22;14;9;10;11;8;11;7;9;11
150.0;27;25;21;17;23;15;9;9;9;9;11;6;9;10
156.0;29;26;22;18;22;15;8;8;9;9;10;5;9;10
162.0;28;26;22;16;22;15;7;8;12;8;11;4;10;11
168.0;27;26;20;17;20;14;7;7;13;8;11;6;12;12
174.0;25;25;20;18;21;14;8;8;13;7;12;6;11;12
180.0;25;25;20;18;21;14;9;8;11;7;14;6;10;12
186.0;26;25;20;16;21;15;9;8;10;8;14;5;11;12
192.0;25;26;19;16;22;15;9;8;11;8;14;5;11;11
198.0;26;26;19;16;20;17;8;9;11;7;14;4;11;12
204.0;27;26;18;18;19;16;8;11;11;7;14;3;10;12
210.0;27;26;18;18;19;16;7;11;10;7;14;5;11;11
216.0;28;26;19;19;20;16;7;8;9;8;15;5;8;12
222.0;28;27;19;19;20;16;7;8;8;8;15;5;8;12
228.0;29;28;18;18;20;17;6;8;8;8;16;5;8;11
234.0;29;28;18;18;20;17;6;7;11;8;15;5;7;11
240.0;29;27;18;18;21;17;7;7;11;7;14;5;7;12
246.0;29;26;18;18;21;17;7;8;12;7;14;5;5;13
252.0;29;26;18;19;20;17;7;8;12;6;15;5;5;13
258.0;29;26;18;20;20;17;7;7;11;6;15;4;7;13
264.0;29;26;18;20;20;18;7;6;11;6;15;5;6;13
270.0;30;26;18;20;20;18;7;6;11;6;14;5;6;13
276.0;30;26;19;20;19;18;7;6;11;7;13;5;6;13
282.0;30;26;19;20;19;19;8;5;10;5;12;6;7;14
288.0;30;26;17;21;18;21;7;5;10;5;13;6;7;14
294.0;30;26;17;21;18;22;6;5;10;7;12;6;6;14
300.0;31;26;18;21;18;23;6;4;10;7;10;7;6;13
306.0;30;25;16;22;17;24;7;4;12;6;10;7;7;13
312.0;30;25;16;24;18;24;6;4;12;6;10;7;6;12
318.0;31;24;17;23;18;24;6;4;12;7;10;6;6;12
324.0;32;23;16;25;19;25;6;4;11;6;10;6;6;11
330.0;32;23;16;26;19;25;6;5;9;6;10;6;6;11
336.0;32;23;15;26;19;25;6;5;9;6;12;6;6;10
342.0;32;23;15;26;19;25;6;6;9;6;12;6;6;9
348.0;29;23;15;27;19;25;6;7;11;7;12;5;5;9
354.0;29;22;15;27;19;24;6;8;11;9;12;5;4;9
360.0;27;21;16;28;18;23;6;8;10;9;12;7;4;11
366.0;27;22;16;28;18;24;5;7;9;10;11;7;5;11
372.0;27;22;17;28;18;24;6;7;8;9;12;7;4;11
378.0;27;22;17;26;18;24;8;6;8;9;12;7;5;11
384.0;27;21;17;26;17;24;7;7;9;9;13;7;5;11
390.0;26;22;18;26;17;24;6;7;9;8;13;7;5;12
396.0;26;23;18;26;17;25;6;6;8;9;12;7;5;12
402.0;26;23;17;25;18;25;7;6;9;9;14;6;6;9
408.0;26;23;17;24;18;25;7;6;9;9;14;6;7;9
414.0;26;23;17;24;18;25;8;5;8;9;14;6;7;10
420.0;26;23;16;25;18;24;8;6;8;9;15;5;8;9
426.0;28;23;14;25;17;23;8;7;8;9;15;5;8;10
432.0;29;25;14;25;17;25;8;7;7;9;12;4;8;10
438.0;30;23;14;26;17;24;9;7;7;8;12;5;8;10
444.0;32;22;14;24;17;23;9;7;9;6;13;6;7;11
450.0;34;23;13;24;16;24;9;8;9;4;12;6;7;11
456.0;34;23;13;24;16;25;9;7;9;4;12;7;7;10
462.0;33;23;13;23;16;26;10;6;10;4;12;7;7;10
468.0;32;25;13;24;16;25;10;7;8;4;12;7;7;10
474.0;32;25;12;24;15;26;10;9;9;4;12;6;6;10
480.0;31;25;11;24;16;25;10;11;9;3;12;6;6;11
486.0;29;24;11;24;17;26;10;11;10;2;11;7;6;12
492.0;29;24;11;24;18;26;9;11;11;2;10;7;7;11
498.0;32;24;11;23;18;26;8;10;11;1;9;7;9;11
504.0;32;24;11;23;19;26;8;11;10;1;9;7;8;11
510.0;33;25;12;22;19;26;8;11;9;1;8;7;8;11
516.0;33;24;12;21;19;26;8;12;8;2;8;8;9;10
522.0;33;24;12;21;19;27;8;12;8;2;8;8;9;9
528.0;33;24;12;21;18;28;10;13;6;2;9;8;9;7
534.0;33;25;12;21;16;30;11;13;5;2;11;6;9;6
540.0;31;26;14;22;16;30;11;12;5;3;10;5;9;6
546.0;31;27;13;22;17;29;11;10;6;3;8;6;11;6
552.0;32;27;14;22;16;29;11;10;6;2;9;7;11;4
558.0;32;27;13;24;17;28;11;9;6;2;9;6;11;5
564.0;32;27;14;24;16;29;10;9;7;2;8;7;10;5
570.0;32;24;14;24;17;29;10;9;6;3;9;7;11;5
576.0;32;24;14;23;17;29;10;10;6;3;10;6;10;6
582.0;32;24;14;24;17;29;10;10;6;3;9;6;10;6
588.0;32;24;15;23;16;32;8;9;7;3;9;7;9;6
594.0;32;23;16;23;16;32;8;9;7;5;7;7;9;6
