#auto generated file!
5690;174;15;10;20;1;0;1091;418;19;180.21237519838775;181.31619555996502;4
5741;203;16;11;23;1;0;494;1955;28;181.5185679691151;182.51835230453136;4
5842;110;0;0;0;1;0;3639;773;20;184.7019054086083;184.71649192270993;1
5775;394;9;4;9;1;0;2589;1654;20;182.4898014032838;185.15136734607873;4
5850;368;0;0;0;1;0;1404;1713;9;185.24217739505653;185.25676390915817;1
5852;166;0;0;0;1;0;4609;1385;27;185.3739873360645;185.38857385016613;1
5853;272;0;0;0;1;0;2923;92;13;185.39324139418483;185.40782790828646;1
5826;81;14;9;18;1;0;1305;1007;4;184.18525661197793;185.50310748333618;4
5998;258;0;0;0;1;0;3400;2679;10;190.78306302611824;190.79764954021988;1
6003;579;8;3;7;1;0;2336;981;10;190.93434562292472;193.2833089086332;4
6044;335;10;5;11;1;0;3193;17;18;192.4644041199283;195.67061152104017;4
6210;413;0;0;0;1;2;371;1204;354;197.52768994594047;197.54231596794511;1
6217;211;0;0;0;1;0;3975;4155;26;197.6195310994434;197.63415712144806;1
6117;12;16;11;23;1;0;3118;385;16;194.8956428460522;198.27187484567384;4
6239;515;19;14;29;2;3;121;3;212;198.0974852728991;198.41488363456483;4
6258;487;0;0;0;1;0;69;5846;8;198.51206000600848;198.52672575051346;1
6277;351;0;0;0;1;3;1626;9;911;198.89365422512824;198.90831996963323;1
6327;339;0;0;0;1;0;450;1954;8;199.77159222692683;199.7862579714318;1
6328;257;0;0;0;1;3;826;1;1504;199.77485669405704;199.78952243856202;1
6355;248;0;0;0;1;0;472;2735;26;200.315117211835;200.32978295633998;1
6342;218;19;14;31;2;3;515;12;1109;200.01420454425613;200.35464726089089;4
6366;104;0;0;0;1;2;3448;2246;224;200.46621759205195;200.4801998046961;1
6397;447;0;0;0;1;0;260;4547;2;201.25293684180588;201.26760258631086;1
6426;320;0;0;0;1;0;2051;4926;1;201.88903713411477;201.9028760147795;1
6434;87;0;0;0;1;0;701;357;19;201.9570332114145;201.97087209207925;1
6448;527;0;0;0;1;3;935;64;1731;202.16766281899464;202.18150169965938;1
6457;545;0;0;0;1;0;107;3898;33;202.43985083223492;202.45368971289966;1
6494;337;0;0;0;1;0;618;1875;21;203.17597059670666;203.19063634121164;1
6511;248;0;0;0;1;0;3888;120;13;203.62545154836076;203.64015723171664;1
6555;324;0;0;0;1;0;1892;1273;20;204.29274983569545;204.30745551905133;1
6594;436;19;14;28;2;3;173;30;2033;205.14222969385307;205.46138713629597;4
6658;258;0;0;0;1;0;2845;2168;41;206.3071242612207;206.3218299445766;1
6659;119;0;0;0;1;0;2951;5513;2;206.3387719108988;206.35347759425468;1
6499;55;9;4;9;1;0;2035;777;26;203.35999517646962;206.99924441375381;4
6733;365;0;0;0;1;0;1259;5579;1;207.54656319177832;207.5612688751342;1
6737;324;0;0;0;1;0;1103;2077;75;207.60365067720204;207.61835636055793;1
6753;401;0;0;0;1;0;7305;611;13;207.9834647471769;207.99730362784163;1
6758;361;19;14;31;2;0;489;377;39;208.05553411129458;208.39285330379963;4
6678;412;10;5;11;1;3;2261;20;3706;206.67205633470434;209.15478963012657;4
6838;294;0;0;0;1;0;1816;3317;41;209.9320182525638;209.94585713322854;1
6848;15;0;0;0;1;0;1639;1318;35;210.08408031060935;210.0979191912741;1
6872;401;0;0;0;1;0;563;6102;31;210.5633320714319;210.57717095209662;1
6887;392;0;0;0;1;0;963;2667;11;210.82383861677272;210.83767749743745;1
6904;224;0;0;0;1;0;173;1817;2;211.2437213432446;211.25756022390934;1
6866;189;19;14;28;2;0;4929;2704;54;210.50474687147164;211.28547655295608;4
6945;366;0;0;0;1;3;910;43;2483;212.22175331467778;212.23555682033;1
6702;74;8;3;6;1;3;2145;4;3508;207.07004849088392;212.64093573338735;4
6961;147;0;0;0;1;0;2444;119;21;212.86402539228948;212.8778288979417;1
6963;366;0;0;0;1;3;1137;1;2901;212.99481267933126;213.00861618498348;1
6972;147;0;0;0;1;0;2605;1515;65;213.28591880037737;213.2997223060296;1
6989;90;0;0;0;1;0;9387;274;48;213.73489457846688;213.7486980841191;1
6992;227;0;0;0;1;0;960;1436;1;213.78810482921944;213.80190833487165;1
7017;17;0;0;0;1;0;1395;96;10;214.39746228631654;214.41126579196876;1
7033;292;0;0;0;1;0;1337;1160;4;214.95536671300096;214.96917021865318;1
6990;61;13;8;16;1;0;1798;361;1;213.73609882916918;215.54698035586864;4
6842;149;7;2;5;1;0;2360;2741;25;209.99089055130355;215.81063152476273;4
6611;529;7;2;4;1;0;5535;129;63;205.37064622314685;215.9248007287407;4
6874;224;7;2;4;1;0;7103;890;38;210.5815892474284;222.849664711249;4
7296;377;0;0;0;1;0;611;787;153;223.71140773462747;223.72623455046048;1
7387;568;0;0;0;1;0;472;2576;2;226.47900465221915;226.49391333780605;1
7403;568;0;0;0;1;0;6072;972;7;227.04192198229924;227.05678962030458;1
7405;487;0;0;0;1;0;2135;355;20;227.08689295011976;227.1017605881251;1
7408;258;0;0;0;1;0;1017;530;21;227.32400045279144;227.33886809079678;1
7443;494;0;0;0;1;0;254;4686;5;228.52468410491431;228.53955174291966;1
7481;431;0;0;0;1;0;8040;1729;6;229.74204398188556;229.75584748753778;1
7522;460;0;0;0;1;0;3248;5575;23;230.35698362542254;230.37185126342789;1
7525;258;0;0;0;1;0;644;1756;20;230.40242721524416;230.4172948532495;1
7546;431;0;0;0;1;0;423;1386;3;230.79820544511463;230.81200895076685;1
7625;124;0;0;0;1;0;610;909;1;232.82923268563653;232.8431428630737;1
7641;484;19;14;30;2;0;4362;171;21;233.2263096066411;233.96190839189313;4
7672;162;0;0;0;1;0;1088;890;24;234.03730023596407;234.0511037416163;1
7682;563;0;0;0;1;0;696;876;4;234.29587693366295;234.30968043931517;1
7688;48;0;0;0;1;0;3315;1068;19;234.50517304499905;234.51897655065127;1
7695;561;0;0;0;1;0;1365;893;130;234.64299614121782;234.65679964687004;1
7713;146;0;0;0;1;0;369;27;84;235.11055741762075;235.12436092327297;1
7738;563;0;0;0;1;0;5337;1222;1;235.63937343030574;235.65317693595796;1
7742;593;0;0;0;1;0;538;954;13;235.655949334831;235.66975284048323;1
7760;211;0;0;0;1;0;3399;447;17;236.07330783768833;236.08817547569367;1
7765;358;0;0;0;1;0;362;785;25;236.23910395496756;236.25301413240473;1
7492;501;18;13;27;1;0;6628;1247;1;229.90968821121263;236.96941508363508;4
7816;124;0;0;0;1;0;1071;3221;11;237.4652015709626;237.47911174839976;1
7817;568;0;0;0;1;0;1006;701;36;237.47554829979958;237.49041593780493;1
7818;166;0;0;0;1;0;200;443;34;237.4970222751539;237.51188991315925;1
7823;417;0;0;0;1;1;314;1659;43;237.5987066219866;237.61261679942376;1
7839;349;0;0;0;1;0;1046;2107;11;238.19020261774793;238.20400612340015;1
7884;189;0;0;0;1;0;1272;73;2;239.84066564762122;239.85553328562656;1
7898;174;0;0;0;1;0;2885;3892;34;240.50305122197184;240.5179188599772;1
7734;106;16;11;23;1;0;4318;851;83;235.62172133520082;240.6504543061108;4
7934;565;0;0;0;1;2;3883;1097;94;241.8622520067292;241.87711964473453;1
7959;324;0;0;0;1;0;271;1491;2;242.53481710414954;242.54968474215488;1
7965;397;0;0;0;1;0;461;146;9;242.734745420228;242.74961305823334;1
7972;487;0;0;0;1;0;1576;52;35;243.08376134017126;243.0986289781766;1
7981;272;0;0;0;1;0;146;740;6;243.3558340068164;243.37070164482174;1
7983;567;0;0;0;1;0;2156;801;31;243.48331531485414;243.49818295285948;1
7990;365;0;0;0;1;0;4059;211;15;243.7738495057626;243.78871714376794;1
8015;174;0;0;0;1;0;3758;765;16;244.62620038039404;244.64106801839938;1
8023;111;0;0;0;1;0;2702;478;9;244.94080507033243;244.95567270833777;1
8028;368;0;0;0;1;0;456;1079;16;245.0658491283288;245.08071676633415;1
8009;217;19;14;30;2;0;5095;189;2;244.32651377114158;245.13716297836976;4
8021;146;19;14;29;2;0;1976;2640;17;244.84124930814906;245.33476121115203;4
8038;397;0;0;0;1;0;3258;796;16;245.45194225877847;245.46680989678381;1
8046;52;0;0;0;1;0;1333;872;1;245.76646114784356;245.7813287858489;1
8047;272;0;0;0;1;0;927;5737;15;245.7976947623344;245.81256240033974;1
8052;324;0;0;0;1;0;325;5057;11;245.88564952808247;245.9005171660878;1
8121;272;0;0;0;1;0;3010;2277;11;248.51738649003192;248.53225412803727;1
8150;568;0;0;0;1;0;1501;2283;64;249.74497960114158;249.75984723914692;1
8270;377;5;0;1;1;0;3489;2076;53;254.80424585948168;258.73602284802763;4
8575;348;0;0;0;1;3;1074;31;50;261.8933411556253;261.9074328309365;1
8580;344;0;0;0;1;3;851;3;3469;262.0006117701778;262.014703445489;1
8581;96;0;0;0;1;0;470;387;10;262.0036479121443;262.0177395874555;1
8587;381;0;0;0;1;0;459;442;5;262.14451191889907;262.15860359421026;1
8594;73;0;0;0;1;0;1553;651;2;262.29903305006764;262.3131247253788;1
8634;248;0;0;0;1;0;6553;925;2;263.0547881292246;263.0695743464429;1
8435;353;18;13;26;1;0;2932;1541;20;259.2008377809643;263.16844151252144;4
8647;570;0;0;0;1;3;1218;28;1472;263.3263079110417;263.34109412825995;1
8659;119;0;0;0;1;0;902;2070;2;263.4946533233762;263.5094395405945;1
8679;365;0;0;0;1;0;815;3915;3;263.89988023004395;263.9146664472622;1
8693;174;0;0;0;1;0;4003;243;37;264.1575951936994;264.1723814109177;1
8567;484;14;9;19;1;0;3880;152;1;261.8231068972248;266.5700699882596;4
8861;245;19;14;29;2;3;4411;23;6397;268.08652145005414;268.82843878263145;4
9022;2;0;0;0;1;0;6097;318;13;271.85590670091705;271.8688190295621;1
9040;31;0;0;0;1;0;1646;1321;17;272.411156120607;272.42409939885624;1
8992;31;7;2;5;1;0;1003;236;13;271.2173216580715;272.6155561126498;4
9055;359;0;0;0;1;0;188;3415;12;272.86595536514164;272.87889864339087;1
8902;90;7;2;4;1;0;2369;3073;16;269.09770891837377;274.2397961098242;4
8657;541;17;12;24;1;0;11078;4088;4;263.4613091580068;274.55146288890955;4
9030;429;5;0;0;1;2;2193;4550;541;272.12524541440257;274.95775015228446;4
8866;87;7;2;4;1;0;6322;249;31;268.21212271126075;278.78503671286103;4
9130;87;7;2;5;1;0;2747;2541;42;274.9457696623166;281.36653671286103;4
9426;248;0;0;0;1;0;8997;1429;1;285.36888567447073;285.383671891689;1
9459;494;0;0;0;1;0;404;446;2;286.2877845360585;286.30257075327677;1
9487;521;0;0;0;1;0;1224;591;43;287.0204522461542;287.03527906198724;1
9493;44;0;0;0;1;0;615;1339;13;287.07362090697603;287.087639417731;1
9557;155;0;0;0;1;2;690;1443;548;289.13959127809954;289.1536462759171;1
9561;347;0;0;0;1;0;293;4191;5;289.2450877142718;289.2599145301048;1
9520;259;6;1;2;1;0;1675;6101;1;288.08822150169095;289.9601715129617;4
9600;494;0;0;0;1;0;1250;581;2;290.1653746353544;290.18024227335974;1
9602;210;0;0;0;1;0;5741;51;18;290.18803080434867;290.202898442354;1
9351;259;6;1;2;1;0;5402;830;13;283.0739369270796;290.22417151296173;4
9604;414;0;0;0;1;0;642;615;24;290.2125958583418;290.2266508561593;1
9611;419;0;0;0;1;2;3263;1305;293;290.36175253184433;290.37580752966187;1
9620;157;0;0;0;1;0;2479;26;19;290.54365607512426;290.5577110729418;1
9624;414;0;0;0;1;0;1526;73;37;290.6102228899597;290.6242778877772;1
9626;320;0;0;0;1;0;56;4219;92;290.7037641533067;290.7177463659508;1
9629;256;0;0;0;1;0;3841;4795;31;290.76932967054864;290.7833846683662;1
9654;510;0;0;0;1;0;3713;118;15;291.4430257740271;291.45708077184463;1
9656;334;0;0;0;1;0;1028;883;30;291.47248216827325;291.4865371660908;1
9665;365;0;0;0;1;0;563;222;29;291.86763706596327;291.8825047039686;1
9675;157;0;0;0;1;0;4444;893;26;292.0781409233467;292.09219592116426;1
9682;575;0;0;0;1;0;710;2686;5;292.43925729663835;292.4533122944559;1
9720;375;0;0;0;1;0;2453;517;7;293.35851197325576;293.37245807527694;1
9710;332;19;14;31;2;0;730;1667;9;293.06978422750774;293.4434356431388;4
9301;259;6;1;3;1;0;8611;5674;3;281.2242348531712;293.93223540246487;4
9751;210;0;0;0;1;0;2052;1532;25;294.15088369421903;294.1656699114373;1
9669;471;13;8;17;1;0;2346;143;33;291.98569097136516;294.3436702908408;4
9763;166;0;0;0;1;0;595;893;8;294.40603625747883;294.4208224746971;1
9766;358;0;0;0;1;0;646;526;31;294.46218020303013;294.4761263050513;1
9784;469;0;0;0;1;0;2105;1597;14;294.8905673985092;294.9043006939314;1
9742;471;13;8;16;1;0;815;3427;117;293.9957579621958;295.2161702908408;4
9816;217;0;0;0;1;0;400;1493;30;295.69001913953724;295.70414768426787;1
9692;332;8;3;6;1;0;1657;1243;21;292.7342203418991;295.7457910083599;4
9748;516;16;11;23;1;0;2160;367;39;294.1008767525091;296.2735765100247;4
9855;78;0;0;0;1;0;156;496;14;296.43876144906676;296.4528164468843;1
9860;125;0;0;0;1;0;17065;1999;21;296.5586554672988;296.57271046511636;1
9861;428;0;0;0;1;0;305;594;9;296.5690138963303;296.58306889414786;1
9437;124;7;2;4;1;0;6069;918;5;285.78819243095097;296.59861529958334;4
9939;471;19;14;29;2;0;1991;305;62;298.83270927898695;299.322267422362;4
9958;447;0;0;0;1;0;1834;2488;45;299.4660468512515;299.48087366708455;1
9963;483;0;0;0;1;0;357;227;12;299.6848664213594;299.6989580966706;1
9596;471;13;8;16;1;0;9457;1747;56;290.07770100862683;299.93997548258756;4
9978;119;0;0;0;1;0;1602;2780;22;300.11877638395487;300.1336031997879;1
9980;248;0;0;0;1;0;6463;413;27;300.25852144806646;300.2733482638995;1
10048;494;0;0;0;1;0;2041;1418;57;302.1961165879261;302.21094340375913;1
10051;90;0;0;0;1;0;3265;1357;15;302.25493244355687;302.2697592593899;1
10053;248;0;0;0;1;0;2023;211;5;302.2663619210546;302.28118873688766;1
10059;447;0;0;0;1;0;2370;6061;30;302.42474640061135;302.4395732164444;1
10062;210;0;0;0;1;0;954;1096;5;302.56297419180817;302.5778010076412;1
10065;379;0;0;0;1;2;8816;1094;274;302.62245514047476;302.6372819563078;1
10068;189;0;0;0;1;0;4838;302;25;302.71859972061924;302.73342653645227;1
10069;356;0;0;0;1;0;302;342;7;302.7820180566494;302.79614660138003;1
10076;211;0;0;0;1;0;414;5547;48;302.92521800943956;302.9400448252726;1
9919;203;13;8;16;1;0;4935;228;9;298.4280722679785;303.3756028806374;4
10238;451;0;0;0;1;2;956;1658;6;309.49194295745934;309.5059979552769;1
10239;305;0;0;0;1;0;767;1510;16;309.5010543454472;309.5151093432647;1
10358;382;0;0;0;1;2;378;2633;2213;314.50348330792116;314.51826952513943;1
10373;438;0;0;0;1;2;1299;3001;109;314.8227759525331;314.8375621697514;1
10377;337;0;0;0;1;0;308;734;42;314.96376392357854;314.9785501407968;1
10398;385;0;0;0;1;0;986;1849;13;315.6522341874382;315.66702040465645;1
10257;44;16;11;22;1;0;5421;2094;40;310.4391013059147;315.87238432384095;4
10460;248;0;0;0;1;0;5507;212;34;317.31216322638494;317.3269494436032;1
10508;347;0;0;0;1;0;5621;745;10;318.41672309433727;318.43150931155554;1
10569;392;0;0;0;1;0;2641;3587;37;319.60039227270613;319.6141605837363;1
10573;8;0;0;0;1;0;752;3263;25;319.6656444231028;319.67934288056887;1
10599;469;0;0;0;1;0;473;384;100;320.3790412027478;320.392809513778;1
10602;116;0;0;0;1;0;4008;688;4;320.4121315614081;320.42579535722126;1
10432;226;13;8;16;1;0;4149;1424;1;316.6324642967787;320.79419953873867;4
10620;392;0;0;0;1;0;247;450;2;320.82973170725097;320.84350001828113;1
10621;504;0;0;0;1;0;1564;1924;9;320.94751567287807;320.96128398390823;1
10626;81;19;14;30;2;0;471;247;2;321.04826757016156;321.388058139767;4
10676;48;0;0;0;1;0;357;934;4;322.35084953742165;322.3644788465502;1
10694;169;0;0;0;1;3;763;3;274;322.7571405773034;322.77076988643194;1
10702;345;0;0;0;1;3;512;65;1166;322.963684293387;322.97731360251555;1
10765;373;19;14;30;2;3;296;28;2301;324.10084435174736;324.43228712422024;4
10786;401;0;0;0;1;0;831;271;3;324.54438182818956;324.5592494661949;1
10827;206;0;0;0;1;3;67;16;360;325.31871330686346;325.3335809448688;1
10832;189;0;0;0;1;0;1001;101;13;325.44633053097783;325.4611981689832;1
10849;248;0;0;0;1;0;1895;894;1;325.7537037781978;325.76853059403084;1
10851;337;0;0;0;1;0;419;8724;63;325.7629038017125;325.77773061754556;1
10853;401;0;0;0;1;0;1414;83;17;325.7705957845077;325.7854226003407;1
10871;116;0;0;0;1;0;2875;4803;17;326.0467541897441;326.06041798555725;1
10906;401;0;0;0;1;0;1535;76;23;326.59488093465444;326.6097077504875;1
10918;48;0;0;0;1;0;1034;890;28;326.7727811528373;326.78644494865046;1
10934;189;0;0;0;1;0;1229;2575;34;327.0086577987614;327.02348461459445;1
10938;359;0;0;0;1;0;5860;213;42;327.1187873780259;327.1328790533371;1
10942;260;0;0;0;1;0;6080;5136;42;327.16688385856924;327.1809755338804;1
10958;368;0;0;0;1;0;8958;216;19;327.4945301084226;327.50935692425566;1
10986;359;0;0;0;1;0;1065;151;2;328.1424659722933;328.1565576476045;1
10990;97;0;0;0;1;2;8565;2140;12;328.19171168281855;328.2065384986516;1
10992;567;0;0;0;1;0;838;1802;20;328.27493657202257;328.2897633878556;1
11009;457;0;0;0;1;2;1707;4014;177;328.6127528906736;328.62757970650665;1
11052;324;0;0;0;1;0;2790;473;1;329.62044107317104;329.63526788900407;1
11042;26;13;8;17;1;0;2818;220;9;329.28815738981694;332.13719972811117;4
10622;577;9;4;9;1;0;5681;1895;1;320.9751850857865;332.6916547091491;4
11218;310;19;14;31;2;3;1044;10;436;333.47350159591446;333.8651997423373;4
11329;209;0;0;0;1;0;450;5373;1;337.02676840848557;337.04071451050675;1
11360;17;7;2;4;1;0;2790;1494;28;338.1309653506566;341.32081885392705;4
11561;552;0;0;0;1;0;127;1347;21;345.05696415170905;345.0709463643532;1
11573;334;0;0;0;1;0;2355;1795;42;345.34422552050705;345.3582077331512;1
11593;577;0;0;0;1;0;1400;19;2;346.1280893754852;346.1420354775064;1
11522;61;13;8;17;1;0;3305;1513;6;343.89736341215104;347.2149698026426;4
11355;110;10;5;10;1;0;4253;3784;37;337.9714417280767;347.4260058078016;4
11671;258;0;0;0;1;0;2722;377;18;347.9054073655206;347.92015320585034;1
11532;294;11;6;12;1;0;2566;2845;20;344.19210700319377;348.79562864999747;4
11882;309;7;2;5;1;0;3155;291;94;353.5865872274676;357.05566770498666;4
12021;44;19;14;28;2;0;460;3734;24;357.90259914047283;358.2391300543912;4
12086;203;8;3;6;1;0;1720;117;55;360.12112198247456;361.8541379271759;4
12214;567;0;0;0;1;0;2422;899;63;364.2321880130433;364.24701482887633;1
12217;248;0;0;0;1;0;787;2018;18;364.2958401251514;364.31066694098445;1
12239;174;0;0;0;1;0;51;503;27;365.28515102582605;365.3000186638314;1
12291;337;0;0;0;1;0;1702;1376;19;367.3580074825295;367.3729161681164;1
12306;210;0;0;0;1;0;46;367;6;367.93803087051356;367.95293955610043;1
12381;173;19;14;28;2;3;137;10;1894;371.86306066487816;372.15814411303904;4
12303;473;7;2;5;1;0;2515;1744;4;367.78694337804546;372.9343779382552;4
12592;364;0;0;0;1;0;747;721;18;378.51016291401635;378.524478738156;1
12555;81;15;10;20;1;0;3091;250;15;377.2938130644256;380.39759011550643;4
12676;591;0;0;0;1;0;2234;4059;9;380.6238003876498;380.6380783597639;1
12703;359;0;0;0;1;0;3412;2676;2;381.23453139559626;381.24862307090746;1
12641;536;10;5;11;1;3;683;25;3003;379.85158115305825;381.6617839838984;4
12516;536;10;5;11;1;3;3936;2;1;375.9915290381992;383.87223132095784;4
12983;163;19;14;30;2;3;259;20;2861;387.1178640186944;387.4451085664703;4
13022;255;18;13;26;1;0;1957;2496;23;387.8951074185179;389.8647477209314;4
13137;33;0;0;0;1;0;3770;370;19;390.467315921107;390.48119035856513;1
13153;59;0;0;0;1;0;576;1245;73;390.9057388567172;390.91961329417535;1
13186;59;0;0;0;1;0;1387;1057;18;392.00685806635;392.02080416837117;1
13201;106;0;0;0;1;0;1121;107;2;392.3167826145567;392.3307287165779;1
13338;78;0;0;0;1;0;971;243;33;396.7614571049406;396.7758109823366;1
13365;314;0;0;0;1;2;4719;700;287;397.4440954854498;397.45844936284584;1
13322;61;16;11;22;1;0;2245;969;8;396.1471774366767;398.4047754622317;4
13408;128;0;0;0;1;0;3133;391;105;398.80877042544586;398.8231243028419;1
13403;494;19;14;30;2;0;1460;1901;1;398.5293349159392;398.9581410111938;4
13417;364;0;0;0;1;0;1808;989;34;399.29000662334283;399.3043605007389;1
13355;491;9;4;9;1;0;3585;3215;10;397.25749461671353;400.8554905146197;4
13128;494;5;0;1;1;0;7737;276;45;390.29572172003975;401.7897340361593;4
13503;147;0;0;0;1;0;2027;2468;1;402.34168950823556;402.3554930138878;1
13615;95;0;0;0;1;0;574;2278;18;405.9417393721102;405.9555782527749;1
13543;128;6;1;3;1;0;1125;1796;5;403.9268800408314;405.99281730434967;4
13631;166;0;0;0;1;0;528;710;10;406.35704034035365;406.37087922101836;1
13652;226;0;0;0;1;0;1719;1551;18;407.0533923955619;407.067374608206;1
13500;166;16;11;22;1;0;4783;1091;4;402.2901639665179;407.0852495662677;4
13661;362;0;0;0;1;2;1644;5603;18;407.3880495991305;407.40203181177463;1
13673;266;0;0;0;1;0;287;1615;3;407.70323883617334;407.71722104881746;1
13687;162;0;0;0;1;0;5087;1681;86;407.86165548934264;407.87563770198676;1
13705;518;0;0;0;1;0;2203;3986;12;408.4160944410339;408.43007665367804;1
13707;162;0;0;0;1;0;816;74;40;408.43897883550807;408.4529610481522;1
13726;442;0;0;0;1;2;3507;991;567;408.87706794182816;408.8910501544723;1
13632;249;14;9;18;1;0;2572;717;11;406.3608324633414;408.96566168697353;4
13747;15;0;0;0;1;0;4278;4396;59;409.5331826498002;409.54716486244433;1
13748;433;0;0;0;1;0;2287;1001;21;409.53657107586235;409.5505532885065;1
13776;471;0;0;0;1;0;9417;658;18;410.2864268617689;410.30040907441304;1
13799;392;0;0;0;1;0;845;361;26;410.84274051920073;410.8567590299557;1
13817;162;0;0;0;1;0;43;781;14;411.16404961580804;411.178068126563;1
13698;597;12;7;15;1;0;4296;101;56;408.1543358436091;412.4624776712918;4
13907;347;0;0;0;1;0;9317;294;50;413.50426953087987;413.5191371688852;1
13954;413;0;0;0;1;2;438;5829;10;414.73637332435413;414.7512409623595;1
13957;106;0;0;0;1;0;66;2075;30;414.7703917706339;414.7843378726551;1
13946;541;19;14;30;2;0;623;448;17;414.51891418680697;414.88296017611606;4
13964;428;0;0;0;1;0;1112;96;3;414.97350204603975;414.98797130676604;1
13965;203;0;0;0;1;0;1360;83;13;415.0103353918738;415.0248046526001;1
14000;99;0;0;0;1;0;67;1207;20;416.36756968817986;416.381479865617;1
14007;385;0;0;0;1;0;1413;1237;23;416.55996623604295;416.5748338740483;1
14009;285;0;0;0;1;0;3711;291;6;416.588663492256;416.60353113026133;1
14015;125;0;0;0;1;0;6407;9102;14;416.6746982787294;416.6891675394557;1
14021;125;0;0;0;1;0;358;1279;24;416.73918156946013;416.7536508301864;1
14026;73;0;0;0;1;0;555;392;73;416.8728912959137;416.88736055664;1
14030;501;0;0;0;1;0;3475;2504;71;417.1502824074989;417.16475166822516;1
14024;397;19;14;28;2;0;816;390;56;416.8349325718437;417.1993549947887;4
14035;61;0;0;0;1;0;1446;4;9;417.2903725189983;417.30428269643545;1
14036;189;0;0;0;1;0;951;429;3;417.3002710295789;417.31517971516575;1
13939;397;18;13;26;1;0;2724;253;22;414.27962987547227;417.3738306784481;4
14054;99;0;0;0;1;0;4243;6155;11;418.00873624488054;418.0226464223177;1
14073;471;0;0;0;1;0;2074;1148;23;418.5045836224823;418.51849379991944;1
14074;347;0;0;0;1;0;814;1268;5;418.56838437795426;418.58329306354113;1
14085;567;0;0;0;1;0;1431;2851;12;418.77866578211433;418.7935744677012;1
14088;162;0;0;0;1;0;1009;1252;27;418.8590841205034;418.8729942979405;1
14040;409;11;6;12;1;0;4380;270;14;417.3868189006546;422.734604844051;4
14237;52;0;0;0;1;0;1509;2170;66;423.003621008907;423.01852969449385;1
14250;189;0;0;0;1;0;2213;79;20;423.5128641854926;423.5277728710795;1
14238;203;19;14;28;2;0;5173;168;21;423.02538014860676;423.8544928141639;4
14262;189;0;0;0;1;0;1075;25;50;423.97402824331346;423.98893692890033;1
14265;61;0;0;0;1;0;2932;633;5;423.99234658867033;424.00618546933504;1
14268;511;0;0;0;1;0;394;144;8;424.22592480603976;424.23976368670446;1
14295;414;0;0;0;1;0;1607;2704;36;425.2055820678207;425.21963706563827;1
14296;452;0;0;0;1;0;179;1495;13;425.25941484326785;425.2734698410854;1
14298;359;0;0;0;1;0;577;1091;34;425.32702267418216;425.3410776719997;1
14357;332;0;0;0;1;0;1137;3520;10;427.17966154238565;427.194529180391;1
14362;385;0;0;0;1;0;734;305;29;427.4799771635131;427.49484480151847;1
14368;337;0;0;0;1;0;1073;107;9;427.67900074408425;427.6938683820896;1
14381;189;0;0;0;1;0;966;676;49;428.17677298828306;428.1916406262884;1
14387;583;0;0;0;1;0;2084;259;18;428.7787978095178;428.79285280733535;1
14423;259;19;14;28;2;0;4363;1573;9;430.5925021732947;431.3125539186964;4
14319;332;5;0;1;1;0;2181;1;18;426.15173584818666;431.3674894090439;4
14456;189;0;0;0;1;0;619;51;64;432.18733534463695;432.20216216047;1
14460;353;0;0;0;1;0;2509;750;8;432.25342691773636;432.2682537335694;1
13986;332;5;0;0;1;0;6984;1514;7;415.80396019036857;432.354219176987;4
14353;332;5;0;1;1;0;2981;418;18;427.15748421314504;434.4763278283739;4
14580;95;0;0;0;1;0;465;520;18;435.7398713966278;435.75367490228;1
14624;443;0;0;0;1;2;5551;3228;544;436.961698875188;436.9755023808402;1
14625;567;0;0;0;1;0;1650;2924;3;437.0845891788531;437.09945681685844;1
14604;364;19;14;28;2;0;9206;2084;12;436.57332292984626;437.8050892187158;4
14655;357;0;0;0;1;0;2112;300;35;437.7960669220255;437.8098704276777;1
14735;357;0;0;0;1;0;77;368;198;439.9157997766778;439.92956808770793;1
14789;57;0;0;0;1;0;699;789;5;440.96018115862864;440.97438402403304;1
14804;189;0;0;0;1;0;1246;1719;62;441.29958721284123;441.31441402867426;1
14806;420;0;0;0;1;0;3383;2098;1;441.3443334660126;441.3581369716648;1
14938;73;0;0;0;1;0;1554;2824;59;444.1897796804363;444.2042102744908;1
14957;576;0;0;0;1;3;104;16;2687;444.5308205724511;444.5445190299172;1
15019;384;0;0;0;1;3;596;21;586;445.9781404997325;445.99292671695076;1
15021;447;0;0;0;1;0;428;1634;26;445.9928215277188;446.00760774493705;1
14468;166;7;2;5;1;0;5558;2480;43;432.4419932371185;446.2782194176017;4
15072;526;0;0;0;1;0;1661;51;38;446.9950218840002;447.0098081012185;1
15085;210;0;0;0;1;0;238;632;27;447.2512810049092;447.26606722212745;1
15099;468;0;0;0;1;0;1205;32;9;447.5432471319041;447.5573756766347;1
15106;119;0;0;0;1;0;6407;624;45;447.6473653972814;447.66219221311445;1
15126;24;0;0;0;1;3;571;39;2931;448.29908812736886;448.3139149432019;1
15128;52;0;0;0;1;0;2887;1101;9;448.35712925042225;448.3719154676405;1
15135;47;0;0;0;1;2;437;3778;435;448.5074522175979;448.5219214783242;1
15138;39;0;0;0;1;3;654;58;3015;448.52788935337014;448.5426755705884;1
14965;359;10;5;10;1;0;1549;2366;3;444.7687894607072;448.6954923261116;4
15150;447;0;0;0;1;0;151;25;15;448.7113060943563;448.7260923115746;1
14899;339;5;0;1;1;0;3208;664;23;443.5437615744621;449.7120888582013;4
15354;78;0;0;0;1;0;228;2235;1;453.6862305639576;453.7006611580121;1
14785;359;10;5;10;1;0;5928;623;14;440.8672566767651;453.71298347311165;4
15244;178;16;11;22;1;3;2690;9;2090;451.13872160118547;453.9170140558248;4
15417;276;0;0;0;1;0;5999;1083;82;455.775215213541;455.78956909093705;1
15423;73;0;0;0;1;0;1012;1080;33;456.0242808202245;456.0386346976205;1
15517;381;0;0;0;1;0;6518;616;79;459.36244060033863;459.3767944777347;1
15538;96;0;0;0;1;0;4130;338;32;459.93852925717846;459.9528831345745;1
15541;541;0;0;0;1;0;501;1520;28;459.97934827540445;459.9937021528005;1
15523;537;18;13;26;1;0;3085;125;28;459.55261101035285;462.64936221626846;4
15632;99;0;0;0;1;0;1374;4002;9;462.9202199208876;462.9342021335317;1
15638;537;0;0;0;1;0;1436;3206;5;463.11766156652993;463.13164377917406;1
15795;347;0;0;0;1;0;2882;178;8;467.4711084818224;467.4861416814351;1
15800;537;0;0;0;1;0;1221;981;52;467.5621799388385;467.5761621514826;1
15810;511;0;0;0;1;0;879;243;37;467.8048217224987;467.81884023325364;1
15813;385;0;0;0;1;0;1995;2596;40;467.8647219653517;467.87975516496437;1
15921;119;0;0;0;1;0;6713;356;11;470.82319408696105;470.8382272865737;1
15968;567;0;0;0;1;0;830;2041;36;471.93644823798695;471.9514814375996;1
15991;324;0;0;0;1;0;1334;591;22;472.51883755038864;472.5338707500013;1
16011;469;0;0;0;1;0;473;669;54;473.1969617572538;473.2119949568665;1
16012;111;0;0;0;1;0;1368;33;10;473.2327082619597;473.2477414615724;1
16018;258;0;0;0;1;0;2233;619;67;473.4007242996732;473.41575749928586;1
16040;361;0;0;0;1;0;84;298;24;473.92257042939536;473.93673603698164;1
16048;519;0;0;0;1;0;2234;2159;8;474.15095226774537;474.16598546735804;1
16055;110;0;0;0;1;0;3145;1327;96;474.2974123303692;474.31157793795546;1
16075;161;0;0;0;1;0;1217;826;10;474.95925975269745;474.9734253602837;1
16077;563;0;0;0;1;0;485;4006;7;474.9867918133574;475.0009574209437;1
16079;26;0;0;0;1;0;368;1410;9;474.99957884071864;475.0137444483049;1
16086;447;0;0;0;1;0;1280;1347;31;475.2188689932484;475.2339021928611;1
16087;38;0;0;0;1;0;2103;2209;28;475.2332536954482;475.24741930303446;1
16092;365;0;0;0;1;0;989;3023;14;475.3628294213143;475.377862620927;1
16095;321;0;0;0;1;0;7855;1451;30;475.51200892794674;475.526174535533;1
16096;336;0;0;0;1;0;1856;646;7;475.5455582850017;475.55972389258795;1
16099;411;0;0;0;1;0;2090;1616;36;475.65367292521654;475.6678385328028;1
16225;119;0;0;0;1;0;766;351;12;479.23696652632657;479.25195799081365;1
16227;258;0;0;0;1;0;1631;706;7;479.2974925016287;479.3124839661158;1
16243;588;0;0;0;1;0;454;1567;55;479.655227375228;479.67021883971506;1
16252;567;0;0;0;1;0;353;256;28;479.79478256066835;479.80977402515543;1
16267;224;0;0;0;1;0;3413;440;41;480.333616097039;480.3477817046253;1
16475;519;0;0;0;1;0;103;93;40;488.6573048901637;488.67221357575056;1
16480;519;0;0;0;1;0;3187;3261;32;488.83751738786447;488.85242607345134;1
16493;375;0;0;0;1;0;346;132;9;489.2973121085275;489.3110454039497;1
16504;469;0;0;0;1;0;1112;2698;77;489.7440573546854;489.7589660402723;1
16510;337;0;0;0;1;0;2285;1187;1;490.21159092712054;490.2264996127074;1
16511;259;0;0;0;1;0;2338;743;20;490.2516846311951;490.2654179266173;1
16459;266;8;3;7;1;0;1416;873;19;488.034153757537;490.84070930799027;4
16558;479;0;0;0;1;0;229;2513;31;492.3599997396084;492.3738032452606;1
16149;592;5;0;1;1;2;9854;612;54;477.0682070996612;493.53378209815935;4
16814;475;0;0;0;1;3;1422;14;2446;499.0648395223615;499.07867840302623;1
16696;385;7;2;4;1;0;2364;1920;18;496.6416534692062;499.725480121045;4
16852;43;0;0;0;1;3;452;29;1514;499.8161921963093;499.83101901214235;1
16853;376;0;0;0;1;3;77;64;4511;499.81699503484765;499.8318218506807;1
16854;189;0;0;0;1;0;788;747;71;499.82877890144016;499.8436057172732;1
16861;378;0;0;0;1;1;278;2715;1;499.98751202248866;500.0023388383217;1
16520;332;17;12;24;1;0;8600;660;24;490.76994769940364;500.1213214730863;4
16824;38;9;4;8;1;0;1813;757;16;499.3511986856679;501.67072059817747;4
16933;347;0;0;0;1;0;73;474;36;501.6611413694714;501.67596818530444;1
16935;469;0;0;0;1;0;984;4370;16;501.7164104766498;501.73123729248283;1
16516;385;5;0;1;1;0;7602;1730;2;490.4918739961561;501.7970708002823;4
16794;320;7;2;5;1;0;4940;7286;7;498.56310568358685;510.55596882746767;4
17363;274;19;14;28;2;3;1291;23;2031;511.66367325453234;512.0780940185858;4
17411;410;0;0;0;1;3;150;9;2491;512.5297826576488;512.5439855230532;1
17422;283;0;0;0;1;3;257;9;2395;512.7517908146054;512.7659936800098;1
17444;381;0;0;0;1;0;153;1634;8;513.3628170957514;513.3770199611558;1
17448;501;0;0;0;1;0;1057;474;66;513.4592730891923;513.4734759545967;1
17455;198;0;0;0;1;3;1319;52;1209;513.553253393444;513.5674562588484;1
17481;5;0;0;0;1;2;2109;11196;625;514.20078518374;514.2149880491444;1
17550;78;0;0;0;1;0;3095;516;3;516.6327238984434;516.6469642181709;1
17566;87;0;0;0;1;0;468;1843;2;517.3376645537344;517.3519048734619;1
17640;501;0;0;0;1;0;1243;533;12;519.7191183218374;519.7333586415649;1
17812;510;0;0;0;1;0;4497;191;9;525.54437662822;525.5582868056572;1
17845;281;0;0;0;1;2;2382;2684;73;526.4465924428812;526.4604668803393;1
17851;111;0;0;0;1;0;150;1631;36;526.6022254628163;526.6168912073213;1
17854;255;0;0;0;1;0;3935;2913;27;526.7099171589334;526.7245829034384;1
17856;210;0;0;0;1;0;727;1427;8;526.7665771847062;526.7812429292112;1
17873;111;0;0;0;1;0;606;3867;50;527.1692071460313;527.1838728905363;1
17882;285;0;0;0;1;0;977;9416;1;527.3969325709072;527.4115983154122;1
17904;174;0;0;0;1;0;702;893;17;528.0429739825582;528.0576397270632;1
17960;568;0;0;0;1;0;722;317;1;529.6451889180512;529.6598149400559;1
17807;106;8;3;6;1;0;3625;407;33;525.4835535599532;529.8311490373555;4
17976;347;0;0;0;1;0;3772;903;10;529.9930498392362;530.0076758612408;1
17984;174;0;0;0;1;0;6835;582;7;530.1894307965337;530.2040568185383;1
17992;286;0;0;0;1;0;1601;1065;7;530.4090254935761;530.4233034656902;1
17996;174;0;0;0;1;0;1226;1076;6;530.4361608475535;530.4507868695582;1
18002;119;0;0;0;1;0;518;2255;25;530.5680941988549;530.5827202208595;1
18027;285;0;0;0;1;0;1095;78;4;531.2526761757413;531.2672626898429;1
18037;469;0;0;0;1;0;2789;350;7;531.5332912126285;531.5478777267301;1
18049;353;0;0;0;1;0;2920;501;14;531.74282724434;531.7574137584417;1
18067;439;0;0;0;1;0;706;2298;16;532.2996331619181;532.3138734816456;1
18074;311;0;0;0;1;1;1;369;2;532.3794136273249;532.3936539470524;1
18089;411;0;0;0;1;0;589;836;17;532.8284413338141;532.8426816535416;1
18097;347;0;0;0;1;0;2317;1104;20;533.0505392668837;533.0650864859454;1
18100;460;0;0;0;1;0;1814;307;1;533.1006567554113;533.1148970751387;1
18103;460;0;0;0;1;0;1281;386;14;533.1214967560664;533.1357370757939;1
18107;248;0;0;0;1;0;963;1340;28;533.1764802933218;533.1907206130493;1
18112;48;0;0;0;1;0;575;2367;19;533.4301925775329;533.4444328972604;1
18116;130;0;0;0;1;2;4405;552;157;533.454937897996;533.4691782177235;1
18130;110;0;0;0;1;0;2665;822;31;533.9707675965901;533.9850079163176;1
18147;339;0;0;0;1;0;704;1596;12;534.4329082477591;534.4471862198732;1
18152;469;0;0;0;1;0;703;5300;1;534.6017238893347;534.6162711083964;1
18158;73;0;0;0;1;0;3727;6199;15;534.6819908702067;534.6963066943464;1
18160;405;0;0;0;1;0;2011;427;38;534.7032137505685;534.7177609696301;1
18168;259;0;0;0;1;0;831;406;21;534.8748141274978;534.8891299516374;1
18194;255;0;0;0;1;0;360;123;15;535.7161550882571;535.7307023073188;1
18195;116;0;0;0;1;0;2395;3439;19;535.7205980944885;535.734838414216;1
18197;474;0;0;0;1;0;5877;240;96;535.7351784137218;535.7494187334493;1
18209;210;0;0;0;1;0;775;2486;4;536.1004344605731;536.1149816796348;1
18216;175;0;0;0;1;0;912;1056;20;536.2101130239395;536.2244288480791;1
18220;336;0;0;0;1;0;1153;1660;41;536.3960743516767;536.4103146714042;1
18223;588;0;0;0;1;0;1733;8;35;536.4132194474968;536.4277666665585;1
18224;8;0;0;0;1;0;2444;559;30;536.414728695285;536.4289690150125;1
18255;521;0;0;0;1;0;1045;294;70;537.2532774796969;537.2678246987585;1
18271;381;0;0;0;1;0;6284;283;1;537.6448783335404;537.6591941576801;1
18278;460;0;0;0;1;0;85;79;4;537.9700856088378;537.9842884742422;1
18300;563;0;0;0;1;0;1470;468;13;538.4781562322071;538.4923590976115;1
18301;460;0;0;0;1;0;5807;155;6;538.4916623406519;538.5058652060563;1
18339;394;0;0;0;1;0;7436;1237;18;539.7306923372522;539.7445312179169;1
18352;116;0;0;0;1;0;510;3803;35;540.1661873819663;540.1803902473707;1
18356;468;0;0;0;1;0;874;2025;15;540.2679736840568;540.2818125647215;1
18360;122;0;0;0;1;0;633;77;16;540.4628661660226;540.4767050466874;1
18363;155;19;14;30;2;2;5936;1911;269;540.5461918805069;541.4326353902635;4
18389;474;0;0;0;1;0;2347;197;22;541.5497066682923;541.5639095336967;1
18391;217;0;0;0;1;0;10;1393;22;541.6151377534889;541.628801549302;1
18403;497;0;0;0;1;2;4970;2098;76;541.8514169212854;541.8650807170985;1
17779;175;10;5;11;1;0;7882;2158;18;524.5993104809892;541.8804200312969;4
18410;326;0;0;0;1;2;134;1599;255;541.9931926781967;542.0068564740099;1
18412;26;0;0;0;1;0;1513;1572;1;542.1359406468255;542.1501435122299;1
18424;25;0;0;0;1;2;40;2664;80;542.511785007572;542.5259878729764;1
18328;309;9;4;9;1;0;1528;2938;140;539.3980220899291;543.2297643109803;4
18128;309;9;4;9;1;0;4071;2577;38;533.9200822046311;543.6194941178226;4
18486;111;0;0;0;1;0;124;1193;18;544.5750031810733;544.589550400135;1
18489;365;0;0;0;1;0;1461;682;42;544.5999438367938;544.6144910558555;1
18491;52;0;0;0;1;0;589;2241;12;544.6120734149123;544.626620633974;1
18534;26;0;0;0;1;0;2430;1652;17;546.0867054702225;546.1009083356269;1
18451;420;13;8;17;1;0;3953;4424;25;543.50291871666;547.4678938513241;4
18585;231;0;0;0;1;2;662;4821;159;547.630688989388;547.6443527852011;1
18627;12;0;0;0;1;0;2710;5879;5;549.8430148569338;549.856678652747;1
18388;567;15;10;21;1;0;8550;1141;39;541.5371109616266;550.0991541757068;4
18679;272;0;0;0;1;0;953;321;25;551.6669720784766;551.6806705359427;1
18680;53;0;0;0;1;0;2124;932;13;551.6832628697813;551.6969613272473;1
18684;284;19;14;30;2;2;3832;4513;47;551.9160329356373;552.588221935989;4
18637;442;17;12;24;1;2;3606;302;20;550.107257554796;553.7250845981438;4
18612;486;15;10;20;1;0;4899;70;108;549.1505443835194;554.816046097112;4
18885;491;19;14;29;2;0;1605;7142;47;558.0114390016507;558.461408163489;4
19195;411;0;0;0;1;0;1766;2939;10;564.9155719242158;564.9298122439433;1
19085;511;8;3;7;1;0;1230;333;13;562.8026848590929;565.2088371080325;4
19224;504;0;0;0;1;0;801;621;37;565.6715950233687;565.6854339040334;1
19228;8;0;0;0;1;0;3087;138;6;565.8177155920827;565.8319559118102;1
19250;112;0;0;0;1;0;6852;3315;4;566.1902402563439;566.2040791370086;1
19258;61;0;0;0;1;0;676;817;38;566.32584224906;566.3396811297247;1
19276;536;0;0;0;1;3;37;4;551;566.7608945877196;566.7747690251776;1
19289;518;0;0;0;1;0;1163;1631;26;566.9398716597036;566.9537460971617;1
19290;537;0;0;0;1;0;1228;2932;6;566.9536380374205;566.9675124748786;1
19292;48;0;0;0;1;0;2612;1185;12;567.0250658247786;567.0393061445061;1
19293;504;0;0;0;1;0;1154;364;8;567.0346704438577;567.0485448813158;1
19279;74;19;14;30;2;3;609;14;5009;566.7963087239895;567.146526989195;4
19360;174;0;0;0;1;0;1010;376;19;568.2929936706983;568.3072339904257;1
19381;126;0;0;0;1;3;381;43;3481;569.0238230831577;569.0380634028852;1
19382;59;0;0;0;1;0;305;2444;2;569.0563536016879;569.070228039146;1
19383;433;0;0;0;1;0;511;6989;8;569.0685126286958;569.0823870661538;1
19384;55;0;0;0;1;0;3154;249;37;569.0898154815299;569.1036899189879;1
19393;59;0;0;0;1;0;2827;1420;3;569.3072476780189;569.321122115477;1
19394;116;0;0;0;1;0;1551;927;46;569.3163561065213;569.3305964262488;1
19395;474;0;0;0;1;0;1996;2515;13;569.3174002654981;569.3316405852256;1
19396;495;0;0;0;1;3;677;1;36;569.363686981926;569.377561419384;1
19417;276;0;0;0;1;0;145;206;46;569.8728202894238;569.8872895501501;1
19458;202;0;0;0;1;0;704;4591;38;570.9553263953441;570.9697569893985;1
19493;161;0;0;0;1;0;35;1265;36;571.8382077098454;571.8524480295729;1
19515;2;0;0;0;1;0;224;1303;38;572.1812193534824;572.1954596732099;1
19556;73;0;0;0;1;0;573;233;40;573.2052948505922;573.2197254446467;1
19560;96;0;0;0;1;0;1544;2971;1;573.2508818358326;573.2653124298871;1
19562;276;0;0;0;1;0;3335;208;6;573.2953337845219;573.3097643785763;1
19570;31;19;14;30;2;0;607;724;28;573.4155810410465;573.7576644892074;4
19588;361;0;0;0;1;0;346;896;19;574.0197688685096;574.0340468406237;1
18616;125;6;1;2;1;0;11867;1192;12;549.3535914986965;576.1780887355324;4
19726;330;19;14;28;2;0;2921;6517;6;578.0499778101037;578.6310205267384;4
20032;337;0;0;0;1;0;376;722;13;588.2354674256213;588.2502536428397;1
20037;368;0;0;0;1;0;812;824;10;588.3137816806201;588.3285678978384;1
20048;460;0;0;0;1;0;402;1756;35;588.6387286843919;588.6530445085316;1
20100;378;0;0;0;1;1;140;1104;40;590.45558944945;590.4703756666684;1
20103;119;0;0;0;1;0;2985;3410;7;590.5825870468262;590.5973732640446;1
20105;469;0;0;0;1;0;59;4591;7;590.6102318708097;590.625018088028;1
20149;521;0;0;0;1;0;271;1695;6;591.6688022102719;591.6835884274902;1
20151;368;0;0;0;1;0;1079;347;13;591.6985738697753;591.7133600869936;1
20192;519;0;0;0;1;0;1861;2514;1;592.6496422048923;592.6645098428976;1
20200;353;0;0;0;1;0;1272;4198;7;592.7460220740146;592.7608897120199;1
20201;474;0;0;0;1;0;2763;2450;12;592.7845640686808;592.7988420407949;1
20209;353;0;0;0;1;0;766;142;22;592.9340833433735;592.9489509813787;1
20214;258;0;0;0;1;0;4458;467;24;593.0974608080031;593.1123284460084;1
20277;337;0;0;0;1;0;2092;1358;11;594.9306998792156;594.9455675172209;1
20284;285;0;0;0;1;0;225;2597;3;595.0920674148506;595.1069350528559;1
20289;588;0;0;0;1;0;4899;2115;2;595.2028670013505;595.2177346393557;1
20309;357;0;0;0;1;0;835;2151;14;595.729379467904;595.74307792537;1
20393;597;0;0;0;1;0;852;4174;16;597.6990020642006;597.7130570620182;1
