#auto generated file!
12.0;58;46;51;47;48;58;58;58;55;42;53;47;31;48
18.0;57;47;51;47;48;59;60;61;56;40;53;44;29;48
24.0;58;48;52;48;50;58;59;58;54;39;54;43;29;50
30.0;58;49;55;49;51;57;59;56;52;37;57;44;30;46
36.0;60;50;54;48;55;56;57;56;49;36;57;45;31;46
42.0;61;51;52;50;58;55;55;55;48;39;57;45;28;46
48.0;64;55;53;51;58;53;54;55;48;38;56;42;29;44
54.0;65;58;52;49;59;54;52;51;44;40;62;42;31;41
60.0;67;60;52;50;60;56;50;51;40;40;61;40;31;42
66.0;68;63;51;49;62;55;48;49;41;44;59;41;30;40
72.0;68;65;52;48;61;55;48;48;41;43;59;42;31;39
78.0;71;67;54;50;60;54;50;48;39;41;54;43;33;36
84.0;73;69;52;51;62;54;49;48;40;41;49;42;34;36
90.0;72;70;54;49;63;55;48;47;43;40;47;40;32;40
96.0;72;73;55;49;65;55;46;44;43;37;48;38;34;41
102.0;72;76;54;48;64;56;45;43;41;40;51;37;33;40
108.0;72;78;56;52;64;57;45;44;37;39;51;35;35;35
114.0;71;78;56;52;65;59;44;44;39;37;50;32;36;37
120.0;71;80;56;54;66;59;42;45;38;37;46;31;37;38
126.0;73;80;53;57;65;61;41;45;39;39;46;28;35;38
132.0;73;77;54;58;66;62;39;43;37;37;49;30;35;40
138.0;73;76;55;57;65;62;39;43;38;38;47;34;34;39
144.0;72;76;58;58;66;64;40;41;37;37;46;33;34;38
150.0;77;76;55;59;66;65;39;39;38;40;45;33;32;36
156.0;79;76;56;61;65;65;35;38;39;40;46;33;32;35
162.0;82;81;57;63;65;61;35;40;37;39;46;29;30;35
168.0;82;83;55;62;65;62;34;37;39;40;44;32;30;35
174.0;80;82;52;64;69;60;34;37;39;43;43;32;31;34
180.0;81;81;54;64;70;59;31;37;38;44;43;34;31;33
186.0;82;83;57;63;72;56;31;39;41;39;41;36;28;32
192.0;82;84;58;63;71;56;32;38;40;37;43;36;29;31
198.0;80;85;59;63;71;57;30;40;40;38;40;38;28;31
204.0;79;86;61;66;70;57;30;42;43;32;36;37;30;31
210.0;83;91;63;65;69;56;30;40;41;30;36;36;28;32
216.0;83;90;64;65;67;56;29;39;41;32;36;37;27;34
222.0;83;90;62;66;67;55;29;38;42;33;35;37;29;34
228.0;86;93;63;68;67;56;28;36;44;34;34;36;26;29
234.0;88;93;64;66;69;58;26;35;43;33;33;36;26;30
240.0;89;95;63;66;68;58;24;35;42;35;35;37;26;27
246.0;91;97;63;65;68;58;23;36;41;37;30;38;26;27
252.0;92;95;63;65;68;59;23;36;39;37;31;37;27;28
258.0;94;95;62;65;70;57;23;32;40;38;30;37;27;30
264.0;94;95;63;66;72;60;23;32;38;38;29;33;27;30
270.0;94;93;63;66;72;62;23;29;37;39;30;31;29;32
276.0;95;95;61;67;72;59;24;30;38;38;30;30;31;30
282.0;95;94;61;69;73;60;23;27;40;38;31;31;31;27
288.0;96;94;62;68;74;60;26;26;38;38;29;31;32;26
294.0;93;95;67;69;71;57;31;27;36;37;30;30;29;28
300.0;91;98;67;65;71;58;33;28;33;35;33;31;27;30
306.0;88;99;67;66;73;60;31;28;31;35;32;31;28;31
312.0;90;99;68;64;75;60;29;27;31;35;32;31;29;30
318.0;88;98;70;60;77;58;28;27;32;34;32;33;29;34
324.0;88;99;65;60;74;61;30;27;33;33;30;31;33;36
330.0;91;99;65;59;75;62;32;28;33;32;31;28;32;33
336.0;90;100;66;58;76;61;32;29;34;31;31;27;31;34
342.0;90;98;67;59;77;62;31;30;37;30;32;27;30;30
348.0;91;101;68;59;78;63;31;28;36;30;30;28;30;27
354.0;89;104;67;62;76;64;29;27;34;31;30;27;32;28
360.0;90;104;67;60;75;67;28;26;33;31;32;27;32;28
366.0;93;104;66;60;75;68;30;25;35;31;32;25;30;26
372.0;95;101;66;61;75;69;29;25;37;28;33;26;31;24
378.0;95;100;65;60;76;69;31;26;36;27;31;27;33;24
384.0;96;100;67;59;76;71;31;27;32;27;29;27;33;25
390.0;97;99;65;59;80;72;30;31;30;26;27;27;34;23
396.0;99;100;63;60;81;72;31;31;27;25;29;28;33;21
402.0;99;100;61;61;79;71;32;30;30;25;28;29;33;22
408.0;101;100;57;61;77;73;33;31;27;27;28;29;30;26
414.0;100;99;57;61;76;73;32;34;29;26;28;28;32;25
420.0;99;99;56;66;74;72;32;34;29;30;28;26;29;26
426.0;101;100;56;64;75;71;30;32;29;30;29;26;31;26
432.0;104;101;58;64;72;68;30;32;28;30;31;25;34;23
438.0;104;99;58;65;71;68;32;30;26;29;32;27;35;24
444.0;105;100;61;64;71;70;31;28;21;31;36;28;32;22
450.0;107;101;58;64;73;70;30;26;21;32;36;26;31;25
456.0;107;102;59;66;73;69;27;27;22;31;37;24;31;25
462.0;106;103;59;66;74;64;30;30;23;30;37;23;30;25
468.0;104;105;57;65;75;65;29;32;21;27;39;25;30;26
474.0;104;101;59;66;73;65;31;31;21;25;40;27;30;27
480.0;107;100;59;66;74;66;30;31;20;24;40;26;31;26
486.0;110;100;57;66;72;66;28;33;20;25;39;25;32;27
492.0;113;100;60;65;71;67;26;33;18;22;38;28;33;26
498.0;112;102;59;64;71;68;23;32;19;25;38;29;31;27
504.0;112;105;61;64;68;67;23;32;21;23;36;29;34;25
510.0;111;102;61;63;65;67;24;33;22;24;38;32;32;26
516.0;112;104;62;65;64;66;23;32;22;26;35;32;31;26
522.0;111;102;62;66;64;66;23;32;22;27;36;34;29;26
528.0;110;100;67;66;64;62;25;32;20;30;35;34;29;26
534.0;109;99;70;68;64;65;23;30;20;29;33;33;31;26
540.0;107;101;69;70;63;65;24;30;20;29;35;32;30;25
546.0;108;103;70;66;64;67;22;30;22;29;33;31;30;25
552.0;109;101;71;66;64;66;23;32;24;28;33;30;28;25
558.0;107;100;70;68;65;63;25;31;26;29;34;29;29;24
564.0;109;102;70;70;65;63;23;32;24;30;32;32;26;22
570.0;106;104;70;69;67;64;23;33;24;31;29;30;27;23
576.0;107;101;70;72;67;61;23;33;23;31;31;30;27;24
582.0;105;103;71;73;70;60;24;33;22;31;28;28;27;25
588.0;105;104;68;72;71;61;24;33;19;31;29;27;28;28
594.0;105;103;66;72;72;61;23;34;18;33;32;25;27;29
