#auto generated file!
12.0;50;45;56;43;54;50;60;52;38;45;62;49;52;44
18.0;54;45;57;43;57;51;60;49;37;43;61;46;51;46
24.0;56;47;57;42;54;54;58;52;35;42;60;46;51;46
30.0;57;51;58;40;56;50;60;50;36;42;61;44;49;46
36.0;57;51;58;41;55;52;56;47;39;40;62;44;52;46
42.0;57;51;58;43;55;56;54;48;39;42;57;43;51;46
48.0;56;52;57;43;58;58;54;47;38;43;55;46;49;44
54.0;57;53;56;45;56;60;53;50;37;43;53;45;49;43
60.0;56;54;56;46;56;58;53;46;39;45;56;46;47;42
66.0;57;55;57;48;56;60;48;42;38;42;59;49;48;41
72.0;58;56;58;48;54;62;49;39;38;43;59;49;46;41
78.0;60;57;59;47;54;64;50;38;39;42;56;47;47;40
84.0;59;60;59;48;53;65;49;38;36;44;55;47;48;39
90.0;61;63;60;45;56;65;50;37;36;43;54;48;44;38
96.0;63;62;60;45;57;66;50;38;36;40;58;48;41;36
102.0;63;63;59;48;59;67;50;38;35;40;58;45;38;37
108.0;61;63;61;50;61;70;48;38;33;40;57;43;39;36
114.0;63;64;59;52;61;71;46;39;34;39;55;45;37;35
120.0;64;65;58;55;59;72;47;37;35;37;56;47;34;34
126.0;64;65;58;54;59;70;48;37;35;36;56;45;39;34
132.0;66;64;58;56;62;72;46;35;37;35;56;44;37;32
138.0;68;63;55;55;63;71;50;36;34;38;57;42;34;34
144.0;68;62;55;57;63;71;50;39;34;37;56;44;34;30
150.0;68;62;55;59;65;73;49;38;35;37;57;40;30;32
156.0;69;63;58;59;67;71;48;36;36;34;53;41;32;33
162.0;69;65;58;58;63;71;46;35;37;35;54;43;32;34
168.0;67;68;59;58;67;66;48;39;36;37;53;39;30;33
174.0;67;67;59;57;67;64;47;40;34;40;53;39;30;36
180.0;67;66;61;58;66;66;48;41;39;39;54;33;28;34
186.0;67;69;63;59;68;64;49;41;38;37;51;33;30;31
192.0;68;71;66;61;65;64;47;38;36;37;49;34;31;33
198.0;67;71;66;61;69;63;44;38;36;38;49;35;30;33
204.0;68;71;65;59;69;64;45;43;34;37;48;34;30;33
210.0;71;72;65;57;69;63;39;44;35;39;50;34;30;32
216.0;74;74;63;54;71;62;39;44;34;39;53;32;30;31
222.0;72;76;65;55;66;65;39;42;35;40;50;31;31;33
228.0;74;75;63;56;65;68;41;44;33;38;50;32;29;32
234.0;75;76;64;59;66;69;37;40;36;38;47;30;29;34
240.0;76;76;65;59;66;68;35;40;36;36;47;30;29;37
246.0;75;75;66;59;69;68;33;41;36;35;47;30;29;37
252.0;77;74;67;59;69;66;35;39;37;37;45;30;28;37
258.0;79;73;67;60;68;67;35;39;37;37;44;30;27;37
264.0;76;74;68;60;68;68;34;38;36;36;46;32;26;38
270.0;78;76;71;60;66;69;33;38;34;34;46;32;25;38
276.0;80;77;69;60;65;71;34;39;32;36;47;31;23;36
282.0;81;77;70;61;68;70;35;39;30;36;49;29;22;33
288.0;79;77;71;58;69;71;34;41;27;35;52;30;23;33
294.0;78;79;72;58;68;70;35;39;24;34;55;33;25;30
300.0;80;79;75;61;69;69;34;38;25;33;51;34;23;29
306.0;80;79;75;65;70;68;36;37;25;33;48;32;23;29
312.0;80;78;76;65;68;70;37;36;28;36;46;32;20;28
318.0;80;78;79;63;66;68;37;36;30;36;45;32;21;29
324.0;82;79;80;62;66;69;35;38;29;35;45;30;22;28
330.0;82;80;79;61;67;70;33;42;29;35;43;28;23;28
336.0;82;80;79;61;69;70;36;39;27;34;46;26;24;27
342.0;83;79;76;61;71;68;33;42;29;37;42;27;24;28
348.0;83;80;78;62;67;70;31;44;32;37;40;26;24;26
354.0;83;79;79;60;70;70;29;43;34;38;37;26;26;26
360.0;85;82;82;61;72;70;27;41;35;36;36;22;26;25
366.0;85;82;82;59;74;69;27;42;35;33;37;22;27;26
372.0;85;85;81;59;78;67;29;38;35;30;36;23;27;27
378.0;86;87;80;60;77;68;25;37;37;29;34;23;29;28
384.0;84;87;79;60;79;70;25;37;38;29;35;24;26;27
390.0;84;88;76;60;74;71;25;39;41;29;36;24;27;26
396.0;87;87;79;60;73;71;26;35;40;30;36;24;26;26
402.0;87;88;75;63;74;71;29;34;37;32;37;23;25;25
408.0;89;89;77;60;75;73;28;34;39;30;36;25;21;24
414.0;90;90;79;61;72;72;30;32;38;28;38;25;21;24
420.0;88;88;78;64;73;74;27;32;37;30;37;29;21;22
426.0;89;89;80;64;72;73;28;32;37;29;36;26;21;24
432.0;89;89;81;67;73;76;27;32;37;30;34;24;19;22
438.0;89;89;83;69;72;75;28;33;35;31;33;24;18;21
444.0;88;92;83;70;71;77;25;32;36;31;33;24;18;20
450.0;88;93;84;68;69;78;23;32;37;29;33;29;16;21
456.0;86;94;83;66;68;77;25;31;37;28;33;32;18;22
462.0;88;95;82;66;70;79;23;31;36;27;31;30;18;24
468.0;89;95;80;67;70;77;24;32;32;28;31;32;19;24
474.0;93;94;80;67;69;78;24;31;33;30;27;30;20;24
480.0;93;93;78;69;69;81;25;29;32;30;29;31;19;22
486.0;96;93;77;68;70;83;24;27;32;34;26;34;16;20
492.0;95;94;77;68;70;82;23;31;32;30;26;33;18;21
498.0;98;93;76;68;71;82;24;29;31;30;25;32;20;21
504.0;97;94;74;67;71;83;24;30;33;31;24;31;20;21
510.0;99;94;73;67;71;85;26;29;29;30;25;30;22;20
516.0;97;98;73;67;71;86;27;28;30;28;25;26;24;20
522.0;97;99;70;63;71;88;28;29;27;29;27;24;25;23
528.0;98;99;68;66;71;88;32;29;27;27;26;22;25;22
534.0;99;101;68;65;71;88;32;28;27;26;26;21;27;21
540.0;99;102;68;65;72;90;28;27;29;24;26;22;26;22
546.0;103;104;70;65;70;91;26;26;29;24;26;20;25;21
552.0;102;105;72;66;68;93;25;25;28;23;27;22;24;20
558.0;104;107;72;64;69;90;25;23;29;25;26;23;24;19
564.0;102;107;68;68;68;90;25;22;27;27;25;27;25;19
570.0;102;107;67;67;70;89;24;22;24;29;27;28;24;20
576.0;102;105;68;68;71;89;23;23;24;26;26;29;27;19
582.0;99;102;70;68;71;92;25;21;25;27;24;29;28;19
588.0;100;99;69;66;70;91;24;23;26;26;26;29;31;20
594.0;99;99;68;66;68;90;25;24;26;30;24;29;30;22
