#auto generated file!
12.0;29;31;28;20;34;20;26;19;29;38;35;30;27;34
18.0;32;33;28;20;37;20;25;18;28;40;33;27;26;33
24.0;33;37;29;20;37;19;25;19;26;37;32;28;27;31
30.0;34;38;28;21;36;20;25;19;27;36;31;28;26;31
36.0;36;38;28;21;36;21;25;20;27;35;31;26;26;30
42.0;35;41;28;22;34;21;26;20;26;34;29;25;28;31
48.0;35;42;27;24;34;21;26;20;25;35;29;25;29;28
54.0;36;42;26;24;34;26;25;21;25;35;26;23;27;30
60.0;36;44;28;24;35;28;24;19;24;34;25;22;27;30
66.0;36;43;30;25;34;29;24;20;23;32;26;24;25;29
72.0;39;42;30;25;31;33;25;18;22;33;27;23;24;28
78.0;41;44;31;24;32;32;27;14;22;32;27;23;24;27
84.0;42;47;34;24;30;31;25;12;21;34;27;21;27;25
90.0;41;47;35;27;30;30;26;15;21;33;25;19;26;25
96.0;42;49;35;28;29;29;28;18;20;31;26;14;27;24
102.0;44;49;36;27;32;30;28;17;18;30;25;15;25;24
108.0;44;50;37;30;36;30;29;17;16;27;20;15;25;24
114.0;44;51;38;31;37;30;29;16;17;26;19;15;24;23
120.0;44;52;37;33;36;30;30;17;16;26;19;15;23;22
126.0;46;51;38;32;36;31;30;17;17;26;18;16;19;23
132.0;45;52;39;33;37;31;30;15;17;25;18;16;19;23
138.0;46;52;39;32;37;31;29;14;17;26;19;17;19;22
144.0;45;55;41;33;37;31;30;14;16;23;19;17;17;22
150.0;44;56;40;31;38;31;29;14;17;24;19;18;16;23
156.0;44;56;38;32;38;33;29;14;16;23;17;18;18;24
162.0;45;55;39;32;38;33;28;16;15;21;15;19;18;26
168.0;46;56;42;33;37;32;27;15;15;20;14;19;18;26
174.0;45;56;43;32;38;33;28;15;17;20;12;19;18;24
180.0;45;56;44;29;40;35;28;15;18;18;14;19;17;22
186.0;46;58;44;29;40;34;29;14;16;19;15;19;16;21
192.0;46;57;44;30;41;34;29;15;17;18;15;17;16;21
198.0;46;58;42;29;41;35;29;16;17;18;16;18;15;20
204.0;47;57;43;29;42;35;29;17;16;17;16;18;16;18
210.0;47;56;43;29;41;35;27;19;17;17;15;17;18;19
216.0;46;55;41;27;43;37;25;22;16;18;13;18;18;21
222.0;46;55;42;27;44;38;26;20;14;20;13;17;16;22
228.0;48;54;40;26;43;39;25;25;14;17;15;15;16;23
234.0;48;54;37;29;42;37;23;26;16;18;14;16;17;23
240.0;49;55;38;31;42;36;27;24;14;15;14;17;16;22
246.0;50;56;38;30;43;37;27;23;14;13;15;15;15;24
252.0;50;57;41;30;44;37;26;19;11;15;15;16;15;24
258.0;49;57;41;29;44;39;26;20;9;15;16;17;15;23
264.0;50;57;42;29;42;37;29;19;9;14;16;18;16;22
270.0;50;55;44;29;42;38;26;17;9;16;18;18;14;24
276.0;51;56;42;29;44;35;26;17;10;17;18;18;13;24
282.0;49;55;44;30;44;35;28;17;9;19;19;16;14;21
288.0;50;55;44;29;42;37;28;19;7;19;17;16;14;23
294.0;52;52;46;30;38;38;27;21;9;19;17;16;13;22
300.0;52;53;47;30;40;37;27;18;10;18;16;16;14;22
306.0;51;52;49;30;41;36;27;18;10;19;14;18;13;22
312.0;50;52;48;30;40;37;26;16;10;21;15;18;13;24
318.0;52;51;50;30;38;36;25;14;10;22;15;18;14;25
324.0;50;50;50;31;39;35;27;14;10;22;15;19;13;25
330.0;50;51;50;32;37;34;31;15;9;22;14;18;12;25
336.0;49;52;48;32;39;35;32;14;9;21;16;18;11;24
342.0;49;53;49;30;41;35;33;13;10;17;19;18;12;21
348.0;48;53;49;29;42;34;31;16;12;18;19;16;13;20
354.0;48;55;49;30;42;35;30;17;12;17;19;15;11;20
360.0;48;57;51;30;39;33;31;17;11;15;19;14;14;21
366.0;48;56;52;28;42;34;29;18;11;17;17;13;14;21
372.0;48;58;50;28;41;35;28;17;11;18;17;13;16;20
378.0;49;57;49;27;41;35;26;20;11;19;17;12;16;21
384.0;47;56;50;27;41;36;26;19;12;19;17;12;17;21
390.0;47;56;51;28;39;35;27;20;12;19;16;11;19;20
396.0;46;56;52;28;39;32;29;20;13;19;17;11;20;18
402.0;46;58;50;29;39;29;28;21;14;18;16;12;22;18
408.0;47;59;50;28;40;30;29;20;15;17;15;10;21;19
414.0;50;61;48;27;39;32;26;20;14;14;15;12;21;21
420.0;51;65;46;27;41;32;25;20;14;14;16;12;19;18
426.0;51;63;46;28;43;32;26;19;14;15;16;11;19;17
432.0;53;62;46;28;41;33;26;19;12;18;14;12;20;16
438.0;53;63;46;28;41;34;26;19;11;19;14;11;19;16
444.0;54;64;46;29;40;35;27;19;9;19;13;12;18;15
450.0;54;64;45;28;39;36;27;19;10;18;13;14;19;14
456.0;54;63;46;29;36;36;25;20;12;17;13;14;20;15
462.0;53;64;45;29;37;36;24;19;13;19;13;14;18;16
468.0;53;64;45;30;39;36;23;17;12;20;13;15;18;15
474.0;54;66;43;31;38;34;22;18;12;22;14;15;17;14
480.0;53;66;43;32;38;33;22;19;12;22;14;17;17;12
486.0;53;67;43;33;35;34;22;21;12;23;13;15;16;13
492.0;52;70;45;33;33;36;20;21;12;22;17;13;12;14
498.0;52;72;45;32;33;36;20;20;12;22;17;13;12;14
504.0;53;71;48;33;33;37;20;20;9;21;15;14;12;14
510.0;51;71;47;37;33;36;21;22;8;21;17;13;10;13
516.0;50;71;48;35;35;34;21;24;9;20;17;13;12;11
522.0;51;71;48;35;34;34;20;24;10;18;17;14;13;11
528.0;50;71;47;34;36;34;20;24;9;17;17;16;13;12
534.0;50;71;47;35;36;33;19;24;10;15;19;17;12;12
540.0;50;70;49;37;36;33;19;23;9;16;18;18;12;10
546.0;53;71;49;37;36;35;18;21;8;16;16;18;11;11
552.0;52;72;47;38;35;35;17;20;10;16;17;18;11;12
558.0;53;71;47;38;37;32;18;21;9;15;16;18;11;14
564.0;53;74;45;42;38;35;17;18;8;14;16;18;10;12
570.0;55;73;45;43;38;33;18;18;8;15;16;18;10;10
576.0;54;73;44;41;40;32;18;19;9;15;17;18;10;10
582.0;53;73;45;43;40;31;18;20;9;17;16;17;9;9
588.0;53;73;46;42;40;31;16;19;11;15;16;18;10;10
594.0;52;73;45;41;40;30;18;21;12;15;16;15;11;11
