#auto generated file!
12.0;54;64;55;65;79;66;57;63;70;61;81;48;60;77
18.0;59;65;56;67;78;62;54;63;67;60;83;49;62;75
24.0;60;66;58;66;79;63;58;62;63;65;78;46;63;73
30.0;60;67;58;66;78;69;58;61;60;65;76;49;61;72
36.0;65;70;60;65;79;70;58;60;59;62;76;47;59;70
42.0;69;72;61;66;75;69;58;58;60;63;75;50;61;63
48.0;67;74;65;62;79;70;55;56;59;62;74;51;62;64
54.0;69;75;67;64;78;73;54;54;62;59;74;44;63;64
60.0;70;78;68;63;78;75;56;52;59;56;75;46;64;60
66.0;69;81;72;65;77;74;54;51;60;58;73;43;64;59
72.0;71;79;70;64;82;71;50;53;60;62;72;46;65;55
78.0;73;78;75;66;83;72;46;52;60;59;70;49;65;52
84.0;75;81;77;70;84;72;47;50;60;59;63;47;65;50
90.0;75;81;75;74;85;69;47;54;61;60;58;46;62;53
96.0;79;81;75;75;85;73;51;52;57;57;57;48;59;51
102.0;80;82;78;77;84;74;50;49;56;56;55;50;59;50
108.0;81;85;78;76;86;73;51;49;57;55;51;50;57;51
114.0;83;88;78;77;86;74;48;46;55;56;52;50;56;51
120.0;83;88;77;80;85;73;51;45;54;55;52;53;55;49
126.0;82;89;80;83;84;72;49;46;55;57;54;50;51;48
132.0;80;89;81;86;87;73;50;45;51;55;55;48;51;49
138.0;79;89;85;90;85;73;49;45;52;56;56;46;48;47
144.0;81;88;86;87;84;74;52;44;53;55;56;48;47;45
150.0;83;89;86;89;84;76;52;45;54;53;55;47;45;42
156.0;85;90;87;90;83;77;50;44;52;51;56;50;47;38
162.0;84;91;87;90;83;78;46;47;50;51;53;50;48;42
168.0;87;89;86;92;83;80;47;45;47;52;54;50;47;41
174.0;88;90;90;92;80;81;48;49;43;49;55;50;47;38
180.0;86;92;90;93;81;83;50;47;42;50;52;51;46;37
186.0;88;94;91;95;83;85;49;43;38;50;53;52;44;35
192.0;83;93;90;96;83;84;49;45;39;51;55;51;46;35
198.0;85;95;89;96;85;82;44;45;40;53;58;49;48;31
204.0;86;99;88;96;83;83;43;46;38;52;58;51;48;29
210.0;86;98;88;97;85;82;41;49;38;51;59;50;46;30
216.0;88;103;86;97;83;84;40;45;39;47;60;48;49;31
222.0;89;104;86;95;84;82;43;45;38;47;58;50;47;32
228.0;92;106;87;97;85;82;39;46;37;48;55;48;46;32
234.0;95;104;89;96;85;82;42;46;36;47;53;47;48;30
240.0;94;106;89;97;84;83;41;45;34;48;54;50;47;28
246.0;95;106;87;102;85;86;38;42;34;46;52;50;50;27
252.0;97;106;90;103;84;85;39;41;34;46;52;48;48;27
258.0;96;109;90;102;84;82;39;40;34;49;53;43;49;30
264.0;98;110;87;101;85;81;39;43;34;48;54;41;46;33
270.0;102;109;87;99;86;79;39;42;32;46;52;44;47;36
276.0;102;110;89;101;87;79;38;40;34;42;53;46;44;35
282.0;101;112;86;104;87;80;40;38;35;43;53;47;40;34
288.0;100;114;89;98;89;82;39;38;38;43;55;42;40;33
294.0;100;115;95;99;87;82;38;35;42;40;50;39;44;34
300.0;99;114;93;100;86;84;39;35;42;40;52;38;46;32
306.0;99;112;93;100;88;82;39;34;44;39;52;40;45;33
312.0;99;112;93;97;89;81;40;38;43;37;54;42;45;30
318.0;102;109;95;95;92;79;45;36;43;36;55;40;43;30
324.0;104;110;93;90;95;76;40;36;45;38;53;44;45;31
330.0;106;111;92;90;97;75;37;36;43;40;51;48;42;32
336.0;106;115;92;91;99;75;38;34;43;41;50;44;40;32
342.0;107;117;93;90;99;76;39;34;41;40;47;45;38;34
348.0;106;118;92;90;99;76;38;33;45;37;47;44;41;34
354.0;106;123;92;88;98;74;37;32;50;37;47;44;39;33
360.0;108;125;90;88;96;74;38;32;52;36;41;43;39;38
366.0;109;120;91;90;97;78;34;33;51;37;40;45;38;37
372.0;109;121;91;89;97;78;34;33;52;37;37;45;40;37
378.0;109;121;92;91;97;78;33;34;50;39;35;42;39;40
384.0;107;122;92;90;96;82;35;33;46;39;35;43;40;40
390.0;107;120;96;87;96;83;34;32;48;44;34;42;39;38
396.0;107;121;95;86;97;81;35;33;47;47;32;41;40;38
402.0;108;120;92;86;95;83;35;34;47;45;32;41;41;41
408.0;112;121;90;83;93;85;34;35;46;50;32;39;39;41
414.0;112;120;90;83;98;83;33;37;47;47;31;39;40;40
420.0;113;121;88;84;96;81;35;36;54;45;32;38;35;42
426.0;114;123;87;85;94;83;40;35;55;45;30;39;32;38
432.0;114;124;89;85;93;81;42;33;52;45;31;40;34;37
438.0;116;124;88;85;92;82;42;34;48;48;31;39;33;38
444.0;119;123;87;87;91;82;42;34;47;49;30;38;33;38
450.0;119;122;87;87;93;84;42;34;47;48;30;38;32;37
456.0;122;121;87;88;91;83;44;34;44;49;30;39;32;36
462.0;119;122;85;91;92;84;45;36;43;46;29;40;32;36
468.0;121;122;85;90;90;84;46;36;41;46;31;41;31;36
474.0;121;126;83;91;95;82;45;30;40;44;30;42;31;40
480.0;122;122;79;91;97;85;44;33;43;46;26;43;29;40
486.0;122;122;80;91;97;84;43;31;46;46;27;43;28;40
492.0;120;122;75;91;96;84;47;32;47;43;31;44;27;41
498.0;121;126;73;90;96;84;48;32;46;42;30;46;26;40
504.0;122;122;73;89;96;83;47;34;44;42;34;48;28;38
510.0;120;121;74;89;96;82;49;35;44;43;35;48;28;36
516.0;120;123;73;87;95;83;47;34;45;44;36;47;28;38
522.0;120;123;72;90;97;83;49;30;45;44;33;44;28;42
528.0;123;124;71;91;96;83;51;29;43;44;33;42;28;42
534.0;124;122;68;93;94;84;51;28;44;41;36;45;28;42
540.0;126;121;64;91;96;85;49;32;41;43;36;45;29;42
546.0;128;123;65;86;98;84;49;33;37;41;35;47;33;41
552.0;128;124;67;87;92;85;46;37;38;40;36;47;32;41
558.0;130;122;65;86;95;85;43;38;38;41;39;47;31;40
564.0;131;121;64;86;92;84;45;39;38;41;40;48;28;43
570.0;136;121;63;87;92;86;42;40;39;38;42;44;26;44
576.0;137;119;63;88;93;86;42;40;38;39;44;43;26;42
582.0;139;114;66;86;94;87;42;41;39;41;41;40;27;43
588.0;140;113;66;85;92;88;44;43;40;42;35;40;29;43
594.0;140;112;64;85;93;88;42;43;39;45;34;40;31;44
