#auto generated file!
6690;544;0;0;0;1;0;5856;1986;28;184.5977585942419;184.6118502695531;1
6712;302;0;0;0;1;0;180;1636;6;185.10727806153906;185.12136973685026;1
6718;626;0;0;0;1;0;342;1234;35;185.40083989227347;185.41493156758466;1
6728;428;0;0;0;1;0;8079;1063;10;185.7359758436185;185.75006751892968;1
6732;684;0;0;0;1;2;1797;1267;94;185.7926332476131;185.8067249229243;1
6600;323;13;8;16;1;0;3696;3186;13;182.2296598825721;185.93797102252427;4
6677;217;9;4;9;1;0;1434;3220;63;184.25909343661752;187.7553235102791;4
6629;650;14;9;19;1;0;6146;752;2;182.99177827669197;189.65053941153027;4
6846;139;0;0;0;1;0;3239;2780;2;189.7647203879972;189.77896070772462;1
6818;690;19;14;30;2;0;3308;711;19;189.16025841675872;189.7837489863642;4
6838;62;19;14;30;2;0;1695;376;43;189.59010857249578;190.06753440183664;4
6885;597;0;0;0;1;0;1427;3970;39;190.86378773508682;190.87802805481425;1
6891;110;0;0;0;1;0;337;2485;6;190.93639526244178;190.9506355821692;1
6968;106;0;0;0;1;0;524;57;12;193.07171548811527;193.0859558078427;1
7048;694;0;0;0;1;0;140;1195;47;194.53605064398693;194.55029096371436;1
7073;160;0;0;0;1;3;1615;27;995;195.18159506291244;195.19583538263987;1
6855;529;13;8;17;1;0;5215;1340;33;190.0220772149649;195.5634282206447;4
7098;50;0;0;0;1;0;839;1213;14;195.5695200450238;195.58376036475124;1
7119;62;0;0;0;1;0;3903;439;31;195.92412944304303;195.93836976277046;1
7238;309;0;0;0;1;0;2483;2229;2;198.30647786891748;198.32064347650376;1
7251;215;0;0;0;1;0;396;122;5;198.66711388362933;198.6812794912156;1
7252;215;0;0;0;1;0;1420;109;19;198.71708952993652;198.7312551375228;1
7302;226;19;14;29;2;0;11;1939;29;199.90203975739513;200.2136767335091;4
7361;72;0;0;0;1;0;2095;430;6;201.00566718784154;201.01876746660292;1
7386;637;0;0;0;1;3;488;9;328;201.33127302462802;201.34540156935867;1
6609;200;5;0;0;1;0;10720;125;39;182.53897264954895;203.22571482132707;4
7547;694;0;0;0;1;0;1589;565;15;203.92194728059368;203.93607582532434;1
7141;238;13;8;17;1;0;4360;204;2;196.30040215129893;204.69163211461398;4
7452;321;11;6;13;1;0;2415;142;3;202.4283166824817;205.15297198515339;4
7295;226;12;7;15;1;0;4128;939;3;199.8198696778683;206.0263561850417;4
7354;519;7;2;4;1;0;3640;109;8;200.89598917676042;207.26640237811148;4
7597;108;11;6;13;1;0;2542;1828;43;204.96437490173173;208.7212536108328;4
7339;108;11;6;13;1;0;7101;4415;9;200.66682762056178;209.2212536108328;4
7327;72;13;8;17;1;0;5837;421;13;200.37918234966386;210.75140631650663;4
7687;497;15;10;20;1;0;2508;124;8;206.4616943086906;211.55429591655002;4
7979;183;0;0;0;1;0;1484;253;43;212.41580328590518;212.42943259503372;1
7987;317;0;0;0;1;0;921;422;23;212.63300518563437;212.64743577968886;1
7996;534;0;0;0;1;0;61;1053;1;212.73856366379405;212.75299425784854;1
8007;284;0;0;0;1;0;1432;855;14;213.0075650640687;213.0219956581232;1
7716;531;15;10;20;1;0;3014;486;102;206.96976188674003;213.42179591655002;4
8025;317;0;0;0;1;0;609;14;29;213.5531394506364;213.56757004469088;1
7813;118;11;6;12;1;2;4629;3107;540;208.97325451554954;214.7780526259461;4
8127;285;13;8;17;1;0;1167;45;63;216.55051524712525;217.73058382181785;4
8162;389;19;14;30;2;0;108;1113;13;217.6896684586717;218.01106466391184;4
7034;128;14;9;19;1;2;15188;1017;29;194.2848021423577;218.178908459095;4
8290;487;19;14;29;2;0;792;1505;5;221.9094792832368;222.2765778484145;4
8356;213;19;14;31;2;0;6790;344;36;224.31112602382345;225.27848096507776;4
8615;35;0;0;0;1;2;1592;923;237;231.2384965311384;231.25296579186468;1
8632;271;0;0;0;1;0;1278;1662;36;231.51495251084788;231.52904418615907;1
8633;627;0;0;0;1;0;3893;242;34;231.51944251884163;231.53353419415282;1
8608;463;19;14;30;2;0;1300;299;18;231.14876977632065;231.5714603459261;4
8637;29;0;0;0;1;0;1487;1178;16;231.65875476012397;231.67322402085026;1
8643;43;0;0;0;1;0;2218;254;1;231.87063014145392;231.8850994021802;1
8647;627;0;0;0;1;0;6130;4738;9;231.9607869511967;231.97491549592735;1
8730;238;0;0;0;1;0;956;5570;19;234.05223617259537;234.0665141447095;1
8738;214;0;0;0;1;1;181;8;4;234.17326295656574;234.18754092867985;1
8758;342;0;0;0;1;0;1684;1106;1;234.4549533001859;234.46950051924756;1
8761;268;0;0;0;1;0;231;556;6;234.6049268851333;234.6192048572474;1
8765;675;0;0;0;1;0;2248;902;31;234.6908530270599;234.705130999174;1
8767;439;0;0;0;1;0;134;1489;26;234.71712358975284;234.73140156186696;1
8777;498;0;0;0;1;0;3353;234;69;235.00453337319306;235.01862504850425;1
8799;259;0;0;0;1;0;35;1117;52;235.69965494652217;235.71416308169114;1
8813;342;0;0;0;1;0;1473;772;7;236.02784433875433;236.0423524739233;1
8820;259;0;0;0;1;0;654;923;35;236.1744043578856;236.18891249305457;1
8858;625;0;0;0;1;0;937;4733;9;237.03909055509362;237.05321909982428;1
8869;518;0;0;0;1;0;1270;1145;4;237.35391113279383;237.36803967752448;1
8874;61;0;0;0;1;0;371;2680;111;237.51390102188404;237.5280295666147;1
8879;61;0;0;0;1;0;40;2201;76;237.57326623088755;237.5873947756182;1
8891;61;0;0;0;1;0;1212;28;4;237.89375186008607;237.90788040481672;1
8931;481;0;0;0;1;0;2160;863;7;239.05858617402217;239.07313339308382;1
8964;200;0;0;0;1;0;439;1365;1;239.88715795580384;239.9012865005345;1
8999;338;0;0;0;1;2;406;2445;217;241.04212828604065;241.05629389362693;1
9032;309;0;0;0;1;0;403;2184;9;241.97493704549368;241.98910265307995;1
9044;652;0;0;0;1;0;514;4007;33;242.30251689282156;242.31668250040784;1
9184;584;0;0;0;1;2;1816;702;29;246.73177134177143;246.74597420717583;1
9301;75;19;14;28;2;0;349;5114;4;250.52063936935133;250.84877753463718;4
9361;384;0;0;0;1;0;1414;1498;4;252.1585316075231;252.17311812162473;1
9374;531;0;0;0;1;0;1467;1567;59;252.59888675875868;252.61305236634496;1
9378;62;0;0;0;1;0;75;1085;4;252.65304843947595;252.6676349535776;1
9382;56;0;0;0;1;0;1653;2724;27;252.71103690064214;252.72562341474378;1
9424;418;0;0;0;1;0;1682;2093;6;253.56330439665456;253.5778909107562;1
9444;563;0;0;0;1;3;289;41;1384;253.99266108295112;254.00728710495576;1
9450;556;0;0;0;1;0;503;2022;19;254.09530275794768;254.10992877995233;1
9460;106;0;0;0;1;0;778;3332;33;254.52446972858104;254.5390957505857;1
9515;200;0;0;0;1;0;516;3352;27;255.68700973866595;255.70121260407035;1
9539;56;0;0;0;1;0;4453;3067;9;256.00685588570065;256.02148190770527;1
9559;454;0;0;0;1;0;1934;500;29;256.61338402984416;256.62758689524856;1
9564;652;0;0;0;1;0;234;3081;36;256.74399118978664;256.75819405519104;1
9575;46;0;0;0;1;0;86;4536;44;257.05091981284306;257.06512267824746;1
9618;603;0;0;0;1;0;577;585;17;258.02578004755617;258.03998291296057;1
9628;291;0;0;0;1;0;368;2518;3;258.1428582816008;258.156804383622;1
9640;340;0;0;0;1;0;207;626;5;258.4875287053628;258.50176902509025;1
9654;226;0;0;0;1;0;430;6456;13;258.77746761671847;258.79167048212287;1
9719;675;0;0;0;1;0;588;1254;11;260.23671355710945;260.25091642251385;1
9727;129;0;0;0;1;0;1217;906;2;260.4087591229981;260.4229619884025;1
9748;638;0;0;0;1;3;814;30;892;260.7425385451907;260.7567414105951;1
9772;417;0;0;0;1;3;690;1;5600;261.2096118458146;261.223814711219;1
9807;340;0;0;0;1;0;402;1144;11;261.80955244299616;261.82375530840056;1
9864;698;0;0;0;1;0;1073;1736;24;262.7059922549223;262.7201951203267;1
9871;675;0;0;0;1;0;5040;1606;38;262.8453838222125;262.8595866876169;1
9870;249;19;14;31;2;0;43;1022;55;262.83653136423186;263.1266759120078;4
9892;555;0;0;0;1;0;2511;2723;3;263.2579308148547;263.27217113458215;1
9702;359;14;9;19;1;0;4732;79;7;259.90594774595496;264.65033072650493;4
9990;238;0;0;0;1;0;1802;182;9;264.7977974083031;264.81203772803053;1
10056;21;14;9;18;1;3;1704;30;1334;265.84507792631274;267.6208417857574;4
10289;690;0;0;0;1;0;153;2457;1;270.4149759203065;270.4292538924206;1
10304;544;0;0;0;1;0;722;1426;13;270.7264619440238;270.7407399161379;1
10248;206;9;4;9;1;0;1890;144;37;269.4244286244929;271.3281314898974;4
10337;439;0;0;0;1;0;4411;2123;12;271.48534542758074;271.4996612517204;1
10342;555;0;0;0;1;0;196;1979;12;271.5504894280109;271.56480525215056;1
10346;238;0;0;0;1;0;1466;3703;4;271.6083244875139;271.6226403116536;1
10354;626;0;0;0;1;0;373;528;29;271.6723706762685;271.68672455366453;1
10365;268;0;0;0;1;0;3270;350;77;271.9171069123824;271.93146078977844;1
10284;310;9;4;8;1;0;1717;445;24;270.2099384381458;272.51735125393157;4
10399;181;0;0;0;1;0;1165;31;36;272.86182872080974;272.876220854302;1
10424;360;0;0;0;1;0;6540;391;23;273.44291157792105;273.4573037114133;1
10441;360;0;0;0;1;0;2048;780;19;274.03095561602174;274.045347749514;1
10464;310;0;0;0;1;0;1798;827;1;274.607920304148;274.6223124376403;1
10477;310;0;0;0;1;0;2488;789;80;274.9576594379146;274.9720133153106;1
10596;46;0;0;0;1;0;3128;371;24;278.0425347765731;278.0569269100654;1
10599;268;0;0;0;1;0;1710;1197;1;278.120152122424;278.13454425591624;1
10601;238;0;0;0;1;0;2376;863;62;278.15471815945335;278.1691102929456;1
10966;667;0;0;0;1;2;420;933;69;289.5632655086587;289.57758133279833;1
10972;23;0;0;0;1;0;983;141;24;289.7226517321457;289.7372382462474;1
11006;690;0;0;0;1;0;2341;69;3;290.4035098158112;290.4178256399509;1
11023;667;0;0;0;1;2;476;168;41;290.7517031775123;290.76601900165196;1
11046;276;19;14;31;2;0;277;959;9;291.656773025806;291.9813160270134;4
11119;226;0;0;0;1;0;515;271;4;293.04741954045954;293.0617353645992;1
11123;360;0;0;0;1;0;37;1281;45;293.11217521268;293.12649103681963;1
11137;405;0;0;0;1;2;1051;3841;49;293.2653370597927;293.2796528839324;1
11055;635;14;9;18;1;0;3554;599;10;291.74873298051364;295.31485935081366;4
11251;431;0;0;0;1;2;18364;3176;30;296.06621671698235;296.0800911544405;1
11267;603;0;0;0;1;0;3742;4567;28;296.43320981771353;296.4475636951096;1
11289;533;0;0;0;1;1;534;1734;105;296.8124409305991;296.82679480799516;1
11301;652;0;0;0;1;0;3633;762;18;297.05758961782203;297.0719434952181;1
11321;271;0;0;0;1;0;2682;46;2;297.5030326344933;297.51738651188936;1
11323;428;0;0;0;1;0;651;809;1;297.5118926741048;297.52624655150083;1
11332;656;0;0;0;1;0;105;557;4;297.69915266279486;297.71335552819926;1
11333;651;0;0;0;1;0;48;3134;26;297.70620650303704;297.7205603804331;1
11348;359;0;0;0;1;0;3351;884;26;297.9384684536512;297.95282233104723;1
11354;345;0;0;0;1;0;8518;665;1;298.043099370313;298.057453247709;1
11079;564;8;3;6;1;0;3004;64;2;292.13814702288255;298.39334417667203;4
11239;202;12;7;15;1;0;1945;658;32;295.61335951974985;298.5429873078614;4
11395;544;0;0;0;1;0;2355;1908;1;299.14674962865945;299.16102760077354;1
11406;443;19;14;28;2;0;1515;4235;50;299.422625195349;299.8782807949829;4
11441;192;0;0;0;1;0;5166;53;5;300.2580975032872;300.2726056384562;1
11445;2;0;0;0;1;2;3791;2124;548;300.34553325932467;300.36023894268055;1
11199;407;12;7;15;1;2;4302;713;88;294.9176266932259;300.3683929713505;4
11459;359;0;0;0;1;0;396;1396;17;300.7086316440112;300.72313977918014;1
11462;4;0;0;0;1;0;5776;791;13;300.75421076304633;300.76819297569045;1
11465;80;0;0;0;1;0;1541;246;10;300.77606837518675;300.7900505878309;1
11630;650;0;0;0;1;0;325;376;12;305.074540812618;305.089048947787;1
11658;546;0;0;0;1;0;101;1491;83;305.740681259662;305.75518939483095;1
11430;393;15;10;20;1;0;5839;2942;1;299.98168057093477;305.9403620605839;4
11733;163;17;12;25;1;0;1256;230;2;308.16408560542885;309.4327853629444;4
11847;29;0;0;0;1;0;2933;3867;1;311.9804134949326;311.9950395169372;1
11861;233;0;0;0;1;2;4446;342;337;312.26255873414055;312.2771847561452;1
11899;62;0;0;0;1;0;463;821;93;313.014209664742;313.02895550507174;1
11939;299;0;0;0;1;2;5098;1113;172;314.02650503098556;314.0412508713153;1
11959;238;0;0;0;1;0;292;1266;10;314.346679791002;314.36095776311606;1
12096;535;0;0;0;1;0;3680;524;31;317.207874281434;317.22203988902027;1
11614;237;13;8;16;1;0;13769;1330;103;304.69077513528504;320.1713538254019;4
12275;174;0;0;0;1;0;2848;6863;75;320.4562967788542;320.47053709858164;1
12058;656;13;8;16;1;0;3096;976;2;316.24395110773554;320.9893538254019;4
12375;21;0;0;0;1;3;2516;40;2381;322.07027761869233;322.08490364069695;1
12427;378;0;0;0;1;3;329;11;1312;322.7696912118864;322.78431723389104;1
12438;311;0;0;0;1;0;621;1635;12;322.97100196768554;322.9851675752718;1
12448;336;0;0;0;1;2;3189;871;406;323.13386015785056;323.1484861798552;1
12301;483;16;11;23;1;3;1968;15;336;320.95665945925145;324.1019234155615;4
12521;380;0;0;0;1;0;18;2442;5;324.174981561257;324.18964730576204;1
12523;643;0;0;0;1;3;64;14;6574;324.2449609511405;324.2591638165449;1
12526;508;0;0;0;1;3;1279;14;1115;324.2861541373776;324.300357002782;1
12531;440;0;0;0;1;3;393;17;1540;324.40744384831964;324.42164671372404;1
12537;278;0;0;0;1;2;316;1119;1437;324.50519129016186;324.51939415556626;1
12541;528;0;0;0;1;0;1595;988;12;324.5333387116115;324.5464389903729;1
12543;664;0;0;0;1;1;234;1981;30;324.56661286839596;324.58081573380036;1
12561;677;0;0;0;1;0;626;1205;25;324.80633592033195;324.82061389244603;1
12564;220;0;0;0;1;3;1148;18;4403;324.82899459177344;324.84319745717784;1
12584;534;0;0;0;1;0;704;798;5;325.26600619177725;325.28067193628226;1
12594;543;0;0;0;1;0;3975;992;13;325.3968607263537;325.41156640970956;1
12618;232;0;0;0;1;0;1272;1202;59;325.80020961077287;325.8148753552779;1
12620;185;0;0;0;1;1;123;2353;11;325.8173289020185;325.8315317674229;1
12381;635;15;10;20;1;0;4206;2167;83;322.12416779130564;326.34301690582214;4
12674;680;0;0;0;1;2;10881;9618;114;326.83089936887853;326.84556511338354;1
12681;310;0;0;0;1;0;988;377;14;326.92676398489556;326.941004304623;1
12693;146;0;0;0;1;3;318;6;3917;327.07574456704907;327.09002253916316;1
12694;90;0;0;0;1;3;1559;40;2026;327.1064280508593;327.1206683705867;1
12700;695;0;0;0;1;3;170;10;565;327.23380201241275;327.24807998452684;1
12444;226;10;5;11;1;0;1608;951;13;323.09289041806676;327.37154920006077;4
12711;488;0;0;0;1;0;665;3167;11;327.41272689985334;327.4269672195808;1
12768;531;0;0;0;1;0;1298;472;33;328.3983160149922;328.41263183913185;1
12365;323;11;6;12;1;0;4171;1637;5;321.9378150008222;328.42763492388974;4
12771;544;0;0;0;1;0;1933;1282;19;328.4693120930561;328.48362791719575;1
12778;677;0;0;0;1;0;4518;4030;27;328.56040453374834;328.574720357888;1
12335;5;14;9;18;1;0;2974;150;11;321.4924092451817;328.58991117267976;4
12807;187;0;0;0;1;0;4093;16;12;328.97722190883326;328.9915377329729;1
12872;389;0;0;0;1;0;1971;132;47;330.2781424358706;330.2928481192265;1
12904;519;18;13;26;1;0;481;6084;32;330.8467494389287;331.340022962051;4
12925;45;0;0;0;1;2;2059;5103;228;331.362248111616;331.3764509770204;1
12597;5;9;4;9;1;0;3498;436;79;325.42418156089246;333.03478303274574;4
13127;158;15;10;21;1;2;8654;3385;1;336.07887091768;344.745448325632;4
13434;255;19;14;29;2;1;82;1833;5;345.989264836704;346.315405793047;4
13484;110;0;0;0;1;0;1246;1422;22;347.59704677337305;347.6118735892061;1
13493;183;0;0;0;1;0;1721;453;15;347.94731069606013;347.96213751189316;1
13494;414;0;0;0;1;0;4764;1766;8;347.96038452081626;347.9752113366493;1
13459;527;13;8;16;1;0;1592;1644;50;347.0040404271604;348.60904605186124;4
13526;222;0;0;0;1;0;5658;152;1;348.7462477147371;348.7610745305701;1
13340;527;13;8;17;1;0;5851;2848;33;343.3085444250466;349.4896342073365;4
13206;60;9;4;8;1;2;8400;8081;345;338.32896077459975;349.5215581603365;4
13565;310;0;0;0;1;0;5320;2173;31;349.69649802590374;349.71073834563117;1
13577;443;0;0;0;1;0;4098;709;1;349.8768215080448;349.89106182777226;1
13609;652;0;0;0;1;0;35;412;27;350.57100814427605;350.58567388878106;1
13619;651;0;0;0;1;0;10;2727;125;350.86631104625656;350.88097679076157;1
13620;56;0;0;0;1;0;3351;3667;16;350.8761747052146;350.89100152104766;1
13622;401;0;0;0;1;0;1497;143;12;351.0201033484262;351.0349301642592;1
13638;612;0;0;0;1;0;1761;3263;42;351.5013122184785;351.5156280426182;1
13642;359;0;0;0;1;0;1754;2715;3;351.58763957118674;351.60230531569175;1
13645;192;0;0;0;1;0;1514;606;15;351.7147287063023;351.7293944508073;1
13650;612;0;0;0;1;0;815;3555;48;351.8049215252631;351.8192373494028;1
13693;518;0;0;0;1;0;1700;4053;13;352.71052843614166;352.72519418064667;1
13694;663;0;0;0;1;0;751;1548;7;352.71816414964576;352.7324799737854;1
13547;631;15;10;20;1;0;4492;400;62;349.244521472019;353.74918475592756;4
13766;106;0;0;0;1;0;5246;437;17;354.3605556040809;354.37538241991393;1
13768;414;0;0;0;1;0;1880;971;15;354.3986828453683;354.4135096612013;1
13798;384;0;0;0;1;0;3376;761;75;355.0153845027963;355.0302521408016;1
13803;271;0;0;0;1;0;81;87;6;355.0732815901438;355.0879473346488;1
13806;650;0;0;0;1;0;2266;3389;39;355.222863877988;355.237529622493;1
13819;408;0;0;0;1;1;853;402;10;355.55103857713885;355.5659062151442;1
13822;240;0;0;0;1;0;1859;391;1;355.59245109490035;355.60711683940536;1
13823;172;0;0;0;1;0;2911;972;33;355.59633309480023;355.6110387781561;1
13827;110;0;0;0;1;0;319;2258;35;355.6822145999926;355.69708223799796;1
13853;418;0;0;0;1;0;53;118;3;356.3053236345203;356.3201504503533;1
13858;462;0;0;0;1;0;1222;1745;5;356.42804039724285;356.44274608059874;1
13861;222;0;0;0;1;0;1147;4032;9;356.50102814500934;356.5158549608424;1
13877;543;0;0;0;1;0;3956;1292;1;356.94468344697634;356.9594292873061;1
13882;454;0;0;0;1;0;580;1238;8;357.0236963456242;357.03844218595395;1
13905;106;0;0;0;1;0;3341;332;18;357.7599343619834;357.77480199998877;1
13909;29;0;0;0;1;0;2666;1451;37;357.82074173824554;357.8354875785753;1
13884;630;11;6;12;1;0;829;1400;4;357.0603612170503;357.90224274374975;4
13915;586;0;0;0;1;0;1034;1886;54;357.92458960875683;357.9394572467622;1
13918;232;0;0;0;1;0;2826;288;118;357.9889964849312;358.00374232526093;1
13834;630;11;6;12;1;0;2387;20;20;355.8463837131913;358.24624274374975;4
13930;605;0;0;0;1;1;113;131;24;358.2880198847487;358.3023737621447;1
13937;544;0;0;0;1;0;34;101;49;358.4720673522364;358.48642122963247;1
13956;200;0;0;0;1;0;678;199;6;358.90576993789847;358.92055615511674;1
13960;650;0;0;0;1;0;817;868;1;359.0006470900338;359.01543330725207;1
13970;608;0;0;0;1;0;154;588;10;359.21087213115084;359.2256583483691;1
13975;481;0;0;0;1;0;390;852;28;359.29421625598417;359.3089620963139;1
13990;627;0;0;0;1;0;762;2875;4;359.5878082583249;359.6025944755432;1
13994;25;0;0;0;1;0;877;1010;10;359.71251756569814;359.727426251285;1
13995;485;0;0;0;1;0;94;1155;4;359.7231938871145;359.7381025727014;1
14012;438;0;0;0;1;0;953;1172;7;360.0503239447055;360.06511016192377;1
14020;544;0;0;0;1;0;3595;1546;10;360.2024226779029;360.2168148113952;1
14024;652;0;0;0;1;0;4740;461;73;360.3574412155239;360.3722274327422;1
14031;75;0;0;0;1;0;1782;2734;14;360.5089234610023;360.5237096782206;1
14036;630;0;0;0;1;0;6938;2217;12;360.55716998127315;360.5719561984914;1
14047;162;0;0;0;1;0;1300;137;15;360.9017910165523;360.91657723377057;1
14053;608;0;0;0;1;0;1122;1196;2;361.0928229985697;361.107609215788;1
14071;358;0;0;0;1;2;5379;645;1078;361.94744307088365;361.9618352043759;1
14157;663;0;0;0;1;0;831;1340;53;364.51990388884724;364.5343731495735;1
14039;599;16;11;23;1;0;8529;149;22;360.6831539714847;369.2239813593877;4
14338;266;0;0;0;1;0;2723;2263;138;371.2715251864747;371.28615120847934;1
14072;200;7;2;4;1;0;4306;1689;13;361.9532723112495;371.3827598178457;4
14355;266;0;0;0;1;0;1198;1628;10;371.86952301095386;371.8841490329585;1
14465;535;0;0;0;1;0;4138;52;1;374.9029408189175;374.9175668409221;1
14470;376;0;0;0;1;0;558;1046;40;374.96927124549524;374.98389726749986;1
14483;213;0;0;0;1;0;1738;3408;25;375.3265722806934;375.34119830269805;1
14516;535;0;0;0;1;0;949;926;4;376.02269645404647;376.0373224760511;1
14544;508;0;0;0;1;3;1369;4;2684;376.6233253494775;376.63795137148213;1
14549;438;0;0;0;1;0;65;1010;15;376.79744651955116;376.8121923598809;1
14558;174;0;0;0;1;0;1202;2306;6;376.9567784957451;376.97136500984675;1
14573;635;0;0;0;1;0;890;267;6;377.2818907683018;377.2964772824035;1
14579;651;0;0;0;1;0;225;353;9;377.40544773649924;377.420193576829;1
14581;488;0;0;0;1;0;1467;331;27;377.4095403670705;377.4241268811722;1
14615;612;0;0;0;1;0;186;392;7;378.0999082821916;378.1144947962933;1
14619;600;19;14;28;2;0;2869;447;46;378.16288622008824;378.73132410389115;4
14660;635;0;0;0;1;0;170;1802;28;378.87174570308156;378.8863322171832;1
14667;663;0;0;0;1;0;1578;3994;5;378.98678524713387;379.00137176123553;1
14517;566;7;2;4;1;3;1279;62;7151;376.0266447688672;379.4773314825753;4
14727;676;0;0;0;1;3;1576;2;832;380.52743891980674;380.5424303842938;1
14756;31;0;0;0;1;1;2074;1963;26;381.1793551858612;381.1943466503483;1
14762;462;0;0;0;1;0;1480;440;23;381.33080398262996;381.34583718224263;1
14763;243;0;0;0;1;3;1058;30;2731;381.34776343836205;381.3627966379747;1
14764;630;0;0;0;1;0;1445;139;5;381.3972319009968;381.4122651006095;1
14722;564;19;14;30;2;0;7067;2414;26;380.48645752166306;381.4800234268448;4
14652;380;13;8;17;1;0;4442;1609;12;378.73086365350457;383.1852469685107;4
14944;240;0;0;0;1;0;174;1549;86;384.64200575285395;384.65699721734103;1
14955;638;0;0;0;1;3;539;2;3553;384.7620897710182;384.7764055951579;1
14958;545;0;0;0;1;0;3371;3877;10;384.81575142226205;384.83074288674914;1
15008;655;0;0;0;1;0;1291;4277;24;385.79254222974834;385.806858053888;1
15022;625;0;0;0;1;0;3126;692;13;386.06015581429637;386.074703033358;1
15043;625;0;0;0;1;0;3168;152;7;386.31097093863553;386.32551815769716;1
15059;269;0;0;0;1;3;1308;9;1314;386.59563008935834;386.609945913498;1
15076;638;0;0;0;1;3;837;22;3214;386.8064872783376;386.82080310247727;1
15111;187;0;0;0;1;0;788;338;13;387.55915465385647;387.5734704779961;1
15232;625;0;0;0;1;0;999;2631;5;389.70877557490616;389.7233227939678;1
15239;625;0;0;0;1;0;887;4543;46;389.9654071296359;389.9799543486975;1
15240;206;0;0;0;1;0;1960;1085;2;389.97062523831187;389.9851724573735;1
15243;19;0;0;0;1;0;1024;566;3;390.02159013878577;390.0359440161818;1
15280;111;0;0;0;1;3;325;4;5958;390.69464459227237;390.70923110637403;1
15284;625;0;0;0;1;0;1423;882;4;390.8524289219147;390.86701543601635;1
15314;206;0;0;0;1;0;3318;1720;20;391.4547817576732;391.46936827177484;1
15228;200;14;9;19;1;0;1663;2027;5;389.6178395001807;391.7813595058685;4
15343;359;0;0;0;1;0;10564;1057;18;392.026917164994;392.0415036790957;1
15344;200;0;0;0;1;0;72;2345;1;392.0457771318038;392.06036364590545;1
15373;625;0;0;0;1;0;4536;217;24;392.61683150028375;392.6314180143854;1
15378;531;0;0;0;1;0;1645;4459;21;392.64464012036836;392.65903225386063;1
15380;518;0;0;0;1;0;229;66;30;392.6810461763483;392.69563269044994;1
15394;172;0;0;0;1;0;9161;713;1;392.95734981454046;392.9719758365451;1
15402;652;0;0;0;1;0;4256;1760;1;393.13426300533104;393.14888902733566;1
15408;454;0;0;0;1;0;6163;2435;19;393.1953986436246;393.21002466562925;1
15460;206;0;0;0;1;0;1675;513;36;394.4656816880901;394.48030771009473;1
15190;689;12;7;15;1;0;5704;1782;14;388.991907391888;394.7082731388064;4
15519;621;0;0;0;1;2;394;3773;498;395.9278513790641;395.94247740106874;1
15603;597;19;14;29;2;0;10295;2056;9;398.4608098441203;399.8041672042964;4
15540;597;9;4;9;1;0;2869;669;1;396.51895357130826;400.79336968319046;4
15686;77;0;0;0;1;2;5548;1717;105;401.110231152754;401.124739287923;1
15791;56;0;0;0;1;0;1840;447;17;404.7438163313396;404.75880779582667;1
15810;454;0;0;0;1;0;3543;185;17;405.26161840515385;405.2761656242155;1
15813;651;0;0;0;1;0;7101;823;5;405.44183253824656;405.4563797573082;1
15824;172;0;0;0;1;0;5628;1091;29;405.804695431353;405.8192819454547;1
15841;282;0;0;0;1;0;4924;1089;12;406.224072504906;406.2386590190077;1
15851;642;0;0;0;1;0;1228;531;3;406.53420955647067;406.5481197339078;1
15863;162;0;0;0;1;0;5840;2972;17;406.8596405361504;406.87422705025205;1
15878;75;0;0;0;1;0;3968;36;7;407.29236763161674;407.3074427993787;1
15883;77;0;0;0;1;2;6211;3905;155;407.3559459398152;407.37053245391684;1
15886;29;0;0;0;1;0;1483;2423;25;407.42532999201944;407.4404051597814;1
15888;303;0;0;0;1;0;1770;1596;1;407.45843054495697;407.4735057127189;1
15892;608;0;0;0;1;0;6387;765;9;407.5711717476366;407.58575826173825;1
15894;99;0;0;0;1;2;6296;112;166;407.585121011157;407.5995516052115;1
15897;13;0;0;0;1;0;74;3211;19;407.6492493593185;407.66383587342017;1
15904;192;0;0;0;1;0;559;474;1;407.8709705715593;407.885557085661;1
15908;698;0;0;0;1;0;5704;99;50;407.9286538569893;407.9430844510438;1
15914;195;0;0;0;1;0;1036;787;61;408.0816050630212;408.0960356570757;1
15939;677;0;0;0;1;0;5793;1650;19;408.7996872058254;408.8141177998799;1
15944;690;0;0;0;1;0;1802;6559;18;408.851036981065;408.8654675751195;1
15960;344;0;0;0;1;0;346;498;2;409.09433777389626;409.1089242879979;1
15965;195;0;0;0;1;0;19;329;39;409.1602812688977;409.17471186295217;1
15967;282;0;0;0;1;0;8295;1680;7;409.2575030049325;409.2720895190342;1
15993;291;0;0;0;1;0;1060;1211;9;409.9449915937905;409.95897380643464;1
15975;527;16;11;22;1;0;1070;2141;25;409.4927153712967;410.57550536761886;4
16080;194;0;0;0;1;0;2229;50;36;412.1809827711709;412.1939260494201;1
16101;393;0;0;0;1;0;578;16;20;412.5620775078912;412.57498983653625;1
16110;606;0;0;0;1;1;1433;243;9;412.6879251631559;412.70083749180094;1
16150;194;0;0;0;1;0;3839;2210;6;413.6017543159708;413.6146358426703;1
16185;443;0;0;0;1;0;1420;2702;81;414.5388635354423;414.5532556689346;1
16186;310;0;0;0;1;0;4135;73;1;414.5743764504296;414.5887685839219;1
16199;174;0;0;0;1;0;194;2313;41;414.86282232624023;414.8772144597325;1
16241;139;0;0;0;1;0;1082;745;5;415.83246133307915;415.8475365008411;1
16257;56;0;0;0;1;0;5071;1717;1;416.1875764211617;416.20260962077435;1
16271;211;0;0;0;1;0;180;901;9;416.4175398835906;416.4325730832033;1
16276;266;0;0;0;1;0;3262;354;1;416.5815771987736;416.59604645949986;1
16278;564;0;0;0;1;0;246;85;24;416.6154510860838;416.6299203468101;1
16281;488;0;0;0;1;0;2514;1378;4;416.6785447125672;416.6930139732935;1
16305;75;0;0;0;1;0;77;1092;10;417.21527890447754;417.2303540722395;1
16308;249;0;0;0;1;0;1000;370;32;417.3376255346204;417.3527007023823;1
16318;627;0;0;0;1;0;2074;589;1;417.4747127019956;417.4893387240002;1
16323;384;0;0;0;1;0;5049;495;111;417.57909998767246;417.59413318728514;1
16338;309;0;0;0;1;0;2753;100;17;418.05264198435924;418.06726800636386;1
16356;647;0;0;0;1;2;152;874;215;418.549015768309;418.5634463623635;1
16388;652;0;0;0;1;0;278;2494;2;419.59866910006645;419.61329512207107;1
16420;75;0;0;0;1;0;1104;274;27;420.4260440026023;420.44111917036423;1
16431;174;0;0;0;1;0;1286;716;8;420.7638996638525;420.778330257907;1
16457;612;0;0;0;1;0;1156;171;35;421.61098568103364;421.6254162750881;1
16458;257;0;0;0;1;0;1401;378;70;421.65678306174505;421.67091160647567;1
16462;140;0;0;0;1;2;1092;4213;474;421.73442564190196;421.7495008096639;1
16464;443;0;0;0;1;0;862;358;5;421.7490607325583;421.7634913266128;1
16466;323;0;0;0;1;0;694;3224;44;421.8394672629968;421.8535958077274;1
16469;487;0;0;0;1;0;2583;898;13;421.9620785187786;421.97715368654053;1
16476;222;0;0;0;1;0;5678;2738;2;422.2794353044035;422.2945104721654;1
16275;20;9;4;9;1;0;2948;1907;13;416.5564587163567;422.9365914589508;4
16525;56;0;0;0;1;0;1085;1677;1;423.53048652704007;423.545561694802;1
16538;686;0;0;0;1;0;14;994;38;423.9798563899356;423.99493155769756;1
16544;418;0;0;0;1;0;1393;927;18;424.118350585487;424.13342575324896;1
16549;310;0;0;0;1;0;2051;565;23;424.20168367014054;424.216114264195;1
16550;29;0;0;0;1;0;1537;926;14;424.2730995968627;424.2881327964754;1
16552;202;0;0;0;1;0;602;2265;8;424.3197810839711;424.3342116780256;1
16562;340;0;0;0;1;0;1146;102;28;424.62196366030986;424.6370388280718;1
16564;686;0;0;0;1;0;32;2265;4;424.6276170792726;424.6426922470346;1
16609;295;0;0;0;1;0;182;1163;1;425.7985090335123;425.8132147168682;1
16500;339;14;9;19;1;0;3125;2317;4;422.81898489287437;425.97610249684186;4
16649;27;0;0;0;1;0;285;477;7;427.0724676101622;427.0875008097749;1
16662;498;0;0;0;1;0;1350;1759;4;427.41381407737913;427.428519760735;1
16703;511;0;0;0;1;0;889;1046;20;428.98917737623384;429.00429474712587;1
16721;80;0;0;0;1;0;2040;80;6;429.6048317765203;429.6190346419247;1
16652;304;15;10;21;1;0;2634;601;5;427.1347692593176;429.78105384124893;4
16727;428;0;0;0;1;0;4735;413;3;429.82229446297345;429.83649732837785;1
16731;610;0;0;0;1;2;1750;5679;296;429.91932314982284;429.93352601522724;1
16759;350;0;0;0;1;2;6939;488;94;430.75826242041364;430.7733375881756;1
16682;97;11;6;13;1;0;2608;29;3;428.2134344120096;430.83403484174715;4
16812;144;0;0;0;1;3;572;1;797;432.2505731751611;432.26564834292304;1
16819;469;0;0;0;1;2;467;2613;86;432.4339418367953;432.4487280540136;1
16904;261;0;0;0;1;0;1373;1663;51;434.6406029856537;434.655470623659;1
16910;650;0;0;0;1;0;438;516;75;434.76785552116206;434.7827231591674;1
16913;384;0;0;0;1;0;7784;3754;43;434.8136254330057;434.82870060076766;1
16917;498;0;0;0;1;0;321;266;7;434.9199240678785;434.93479170588387;1
16922;651;0;0;0;1;0;4842;758;51;434.9798668371894;434.9947344751947;1
16945;586;0;0;0;1;0;2330;682;41;435.5560534882002;435.5711286559621;1
16947;384;0;0;0;1;0;611;514;3;435.58807784444986;435.6031530122118;1
16962;373;0;0;0;1;3;955;6;3692;436.03811433859136;436.0531895063533;1
16985;511;0;0;0;1;0;497;551;36;436.46257162556077;436.4776467933227;1
16988;144;0;0;0;1;3;1123;18;351;436.4692784302777;436.48435359803966;1
16992;28;0;0;0;1;2;440;7625;21;436.5567401847237;436.57181535248566;1
17015;499;0;0;0;1;0;316;765;8;437.0561025889734;437.0711777567353;1
17034;438;0;0;0;1;0;4151;602;44;437.44851610640103;437.46334292223406;1
16301;617;6;1;2;1;2;13930;1785;316;417.12933664760874;437.49228593135433;4
17051;295;0;0;0;1;0;1813;22;22;437.83806547450695;437.85289229034;1
17066;586;0;0;0;1;0;2469;1133;19;438.1896186678051;438.20469383556707;1
17083;198;0;0;0;1;0;3593;557;2;438.68760798792135;438.7026831556833;1
17091;395;0;0;0;1;0;5249;1343;26;438.81926461093246;438.8343819818245;1
17111;240;0;0;0;1;0;1432;215;37;439.2227093940974;439.2378692050793;1
17115;454;0;0;0;1;0;2960;1457;37;439.3390629465494;439.35393058455475;1
17158;163;0;0;0;1;0;362;1553;5;440.17387113022585;440.18907362025874;1
17166;293;0;0;0;1;0;1826;1090;1;440.3062168619211;440.3204948340352;1
17191;534;0;0;0;1;0;4051;2160;42;441.0257534671504;441.0409559571833;1
17193;134;0;0;0;1;0;234;1050;40;441.0410336403652;441.05606683997786;1
17196;336;0;0;0;1;2;7361;1593;187;441.09112298912055;441.10632547915344;1
17200;462;0;0;0;1;0;834;2405;5;441.1583253274157;441.1735278174486;1
17211;384;0;0;0;1;0;952;4276;7;441.34488877823225;441.3599219778449;1
17237;342;0;0;0;1;0;190;468;27;441.75336597664887;441.76856846668176;1
17324;50;0;0;0;1;0;3312;2286;89;443.2466259931958;443.26182848322867;1
17347;321;0;0;0;1;0;539;1504;4;443.7414101597662;443.75599667386786;1
17348;295;0;0;0;1;0;422;446;6;443.7463086140836;443.76113542991664;1
17367;62;0;0;0;1;0;2957;57;22;444.05411972451253;444.0691529241252;1
17504;570;0;0;0;1;0;355;794;6;446.18255025883343;446.1968660829731;1
17525;323;0;0;0;1;0;4063;1355;30;446.5142078693353;446.52848584144937;1
17540;328;0;0;0;1;0;1538;18;10;446.7816947337814;446.79698330691826;1
17548;132;0;0;0;1;0;500;128;10;446.9914546594793;447.0064461239664;1
17580;278;0;0;0;1;2;7227;5895;50;447.5649711044056;447.57936323789784;1
17588;677;0;0;0;1;0;2144;879;132;447.67632649358114;447.6909130076828;1
17594;107;0;0;0;1;0;3989;2096;18;447.70693395576393;447.7222225289008;1
17595;232;0;0;0;1;0;1494;1115;15;447.7098538254392;447.72514239857605;1
17602;655;0;0;0;1;0;283;1014;7;447.86146824103974;447.87609426304437;1
17609;586;0;0;0;1;0;974;329;57;447.9775305899949;447.9925637896076;1
17471;377;8;3;6;1;0;1690;5;38;445.58738602533714;448.5315496800409;4
17631;51;19;14;30;2;3;827;42;3299;448.6845914685775;449.0771649012326;4
17547;89;12;7;14;1;0;1767;2504;19;446.933417879965;449.23798921620545;4
17660;19;0;0;0;1;0;2542;817;17;449.3487791893414;449.36340521134605;1
17695;1;0;0;0;1;0;1964;8747;3;449.96928832652617;449.9839143485308;1
17706;544;0;0;0;1;0;43;567;1;450.0672642579509;450.081542230065;1
17745;216;0;0;0;1;3;921;18;722;450.89218766689726;450.90722086650993;1
17758;211;0;0;0;1;0;4389;2376;61;451.07078092897785;451.0858141285905;1
17762;216;0;0;0;1;3;2646;14;556;451.1541218789276;451.16915507854026;1
17537;89;12;7;15;1;0;2309;551;4;446.7627872175969;451.4352633275433;4
17796;240;0;0;0;1;0;1553;116;7;451.7760026943981;451.791248104467;1
17797;587;0;0;0;1;3;99;17;312;451.77831154271956;451.7935569527885;1
17798;370;0;0;0;1;0;1277;135;12;451.8009228034526;451.81516312318;1
17801;468;0;0;0;1;0;409;1234;25;451.8383019696438;451.8535473797127;1
17831;570;0;0;0;1;0;5351;928;1;452.74735997221524;452.76160029194267;1
17835;342;0;0;0;1;0;469;4129;15;452.81025165348467;452.8255402266215;1
17839;172;0;0;0;1;0;7474;1994;13;452.9175667986737;452.93243443667905;1
17849;507;0;0;0;1;2;5872;6185;265;453.0887588042739;453.10303677638797;1
17850;163;0;0;0;1;0;1970;1629;1;453.1166283147887;453.13187372485766;1
17851;541;0;0;0;1;0;467;11412;40;453.13504151361695;453.14931948573104;1
17648;541;9;4;8;1;0;1815;314;72;449.19575779309105;453.6136258560836;4
17873;608;0;0;0;1;0;332;605;25;453.6416084511006;453.6564352669336;1
17878;172;0;0;0;1;0;5279;2866;40;453.7319261335517;453.74675294938476;1
17888;375;0;0;0;1;0;887;1538;31;453.89820811632774;453.9131995808148;1
17893;439;0;0;0;1;0;1625;1348;55;453.99995105935926;454.01422903147335;1
17895;211;0;0;0;1;0;24;238;8;454.02186727968535;454.03685874417243;1
17902;608;0;0;0;1;0;798;1604;2;454.2687683145878;454.28359513042085;1
17903;89;0;0;0;1;0;1197;380;7;454.2722758020867;454.28710261791974;1
17905;46;0;0;0;1;0;692;4984;24;454.2968296726495;454.3111076447636;1
17906;625;0;0;0;1;0;4334;2965;52;454.3022163621905;454.31704317802354;1
17907;310;0;0;0;1;0;709;897;66;454.33336889708113;454.3476468691952;1
17911;259;0;0;0;1;0;1213;777;93;454.3862808299098;454.40152623997875;1
17920;13;0;0;0;1;0;8043;1818;6;454.510831113466;454.52569875147134;1
17928;615;0;0;0;1;0;197;15;9;454.7108109891064;454.7250138545108;1
17938;370;0;0;0;1;0;2535;756;19;454.9373781667344;454.95154377432067;1
17943;454;0;0;0;1;0;630;7107;11;455.2056508565333;455.2204776723663;1
17958;543;0;0;0;1;0;15;245;5;455.55766840818046;455.5724952240135;1
17975;627;0;0;0;1;0;869;19;41;455.9663865199574;455.9812133357904;1
17976;271;0;0;0;1;0;4100;77;1;455.98742025000496;456.002247065838;1
17889;623;14;9;18;1;0;2345;837;57;453.9196822433201;456.3006126056632;4
17987;608;0;0;0;1;0;938;2445;5;456.31609853265707;456.3309253484901;1
18055;328;0;0;0;1;0;2289;1157;1;457.9293627996695;457.94465137280633;1
18060;259;0;0;0;1;0;1161;1749;52;458.16856047726867;458.1838490504055;1
18110;599;0;0;0;1;0;9665;3490;59;459.91078655016287;459.9256541881682;1
18121;282;0;0;0;1;0;2331;3713;23;460.1851407083787;460.20000834638404;1
18161;240;0;0;0;1;0;847;718;18;461.7143203857196;461.72965236702635;1
18172;105;0;0;0;1;0;575;607;10;461.9257876516287;461.94010347576835;1
18176;487;0;0;0;1;0;2911;1662;4;462.0326033651683;462.047636564781;1
18200;29;0;0;0;1;0;151;7026;11;462.95220685222745;462.9674954253643;1
18202;56;0;0;0;1;0;944;1018;10;463.0061975979644;463.02123079757706;1
18219;211;0;0;0;1;0;120;2;14;463.5584957750851;463.57352897469775;1
18220;630;0;0;0;1;0;1568;1611;12;463.5586983124611;463.57398688559795;1
18230;43;0;0;0;1;0;6385;4912;70;463.82925578674724;463.8445443598841;1
18243;635;0;0;0;1;0;1404;599;13;464.10338160577265;464.1176974299123;1
18252;222;0;0;0;1;0;1738;1895;49;464.3013366450179;464.3163698446306;1
18254;418;0;0;0;1;0;6126;832;31;464.3590444697355;464.3740776693482;1
18255;507;0;0;0;1;2;5271;429;321;464.3860346970845;464.40035052122414;1
18268;240;0;0;0;1;0;703;1437;46;464.85652068323685;464.8718092563737;1
18269;23;0;0;0;1;0;4009;1192;10;464.8651798933864;464.88046846652327;1
18279;663;0;0;0;1;0;1748;1165;20;465.0687621225209;465.08405069565777;1
18291;60;0;0;0;1;2;3763;928;199;465.4377418340779;465.4530304072147;1
18311;418;0;0;0;1;0;799;1600;16;465.9574950727221;465.9725282723348;1
18322;139;0;0;0;1;0;4667;1888;5;466.1469588806144;466.1619920802271;1
18329;303;0;0;0;1;0;5838;1698;21;466.4372229129128;466.45255489421953;1
18357;499;0;0;0;1;0;4206;213;2;467.1140312312;467.12906443081266;1
18360;389;0;0;0;1;0;923;196;21;467.1326097476596;467.1479417289664;1
18375;511;0;0;0;1;0;183;369;31;467.4103151486663;467.425348348279;1
18377;240;0;0;0;1;0;203;629;3;467.4701064102247;467.48543839153143;1
18380;556;0;0;0;1;0;2693;97;39;467.5172489757629;467.5322821753756;1
18388;663;0;0;0;1;0;846;178;1;467.65024770017925;467.665579681486;1
18559;295;0;0;0;1;0;6210;4557;8;472.05299247136264;472.06765821586765;1
18566;652;0;0;0;1;0;240;2088;1;472.18953711603973;472.20420286054474;1
18571;485;0;0;0;1;0;4398;1024;16;472.28751081654616;472.302799389683;1
18573;438;0;0;0;1;0;149;1349;57;472.29132624628636;472.30599199079137;1
18576;29;0;0;0;1;0;2285;433;9;472.4026480209431;472.41793659407995;1
18580;303;0;0;0;1;0;471;1049;14;472.44384735841896;472.4591359315558;1
18583;462;0;0;0;1;0;653;1651;43;472.47408404166265;472.4893726147995;1
18592;556;0;0;0;1;0;449;2439;8;472.60976714701906;472.625012557088;1
18593;586;0;0;0;1;0;465;2930;40;472.6230096893003;472.63825509936925;1
18598;29;0;0;0;1;0;63;1765;8;472.71793930694986;472.7332278800867;1
18606;183;0;0;0;1;0;1503;603;4;472.9401571059406;472.95540251600954;1
18619;484;0;0;0;1;1;112;944;12;473.45265409836725;473.46693207048133;1
18622;377;0;0;0;1;0;170;2577;27;473.51411642453235;473.52882210788823;1
18623;321;0;0;0;1;0;1294;2152;2;473.5177094313912;473.53233545339583;1
18625;107;0;0;0;1;0;884;935;10;473.5437271832272;473.55901575636403;1
18634;386;0;0;0;1;1;220;1441;20;473.73132115902473;473.7466097321616;1
18632;370;19;14;28;2;0;807;1319;26;473.6485758718518;474.05243318347345;4
18662;661;0;0;0;1;0;7808;4225;85;474.61783444257986;474.63211241469395;1
18669;376;0;0;0;1;0;6742;1651;4;474.7787180010698;474.7929959731839;1
18691;555;0;0;0;1;0;4441;1313;68;475.25982409413405;475.27448983863906;1
18698;481;0;0;0;1;0;996;12;3;475.48232975847174;475.49757516854066;1
18710;56;0;0;0;1;0;3674;112;37;475.6993712659982;475.71465983913504;1
18714;677;0;0;0;1;0;6619;454;5;475.77209261601627;475.7867583605213;1
18726;232;0;0;0;1;0;3968;600;5;476.0043393497052;476.01958475977415;1
18728;485;0;0;0;1;0;1899;887;22;476.11269520254405;476.127940612613;1
18730;478;0;0;0;1;0;7316;454;10;476.1474589699836;476.1627475431204;1
18760;511;0;0;0;1;0;588;57;1;476.7199388177449;476.73522739088173;1
18769;183;0;0;0;1;0;1160;799;13;477.01638594992664;477.0316745230635;1
18779;265;0;0;0;1;0;6698;158;24;477.291329191241;477.3055320566454;1
18781;166;0;0;0;1;0;702;1541;19;477.38301339376636;477.39721625917076;1
18793;187;0;0;0;1;0;1366;1645;26;477.5094535474517;477.5241592308076;1
18801;493;0;0;0;1;0;2655;209;44;477.694545054834;477.7087479202384;1
18808;217;0;0;0;1;0;1676;1409;9;477.8375626586975;477.8517655241019;1
18810;46;0;0;0;1;0;2692;1417;28;477.85664972784053;477.87085259324493;1
18811;240;0;0;0;1;0;2980;347;11;477.85804956979166;477.8733381429285;1
18813;66;0;0;0;1;0;3189;1604;17;477.9119588340827;477.92720424415165;1
18822;249;0;0;0;1;0;3055;80;3;478.059167860848;478.0744132709169;1
18823;556;0;0;0;1;0;305;2156;6;478.07718383795896;478.0924724110958;1
18831;377;0;0;0;1;0;889;1801;13;478.2046173492612;478.2192433712658;1
18839;534;0;0;0;1;0;35;925;29;478.33224984703554;478.34749525710447;1
18842;686;0;0;0;1;0;463;4120;33;478.39656088836153;478.41180629843046;1
18843;401;0;0;0;1;0;31;623;58;478.4079403276549;478.4231857377238;1
18856;580;0;0;0;1;0;22;133;37;478.7312531388658;478.7464985489347;1
18861;321;0;0;0;1;0;1190;841;13;478.8314239022274;478.84616974255715;1
18863;134;0;0;0;1;0;134;951;14;478.9461307344232;478.96137614449214;1
18864;698;0;0;0;1;0;3425;858;4;478.95825125701833;478.97299709734807;1
18870;443;0;0;0;1;0;248;314;74;479.1873970339021;479.2016373536295;1
18878;110;0;0;0;1;0;1640;2570;15;479.45881065965926;479.4740560697282;1
18882;321;0;0;0;1;0;1575;871;17;479.6081906162925;479.62293645662226;1
18884;1;0;0;0;1;0;775;2811;59;479.63687246143;479.65161830175975;1
18739;626;13;8;17;1;0;3944;1647;5;476.3045808501104;480.26078173299356;4
18915;75;0;0;0;1;0;1003;783;7;480.4613684877956;480.47665706093244;1
18963;608;0;0;0;1;0;762;503;31;481.67472538149536;481.6893514035;1
18989;345;0;0;0;1;0;5577;780;104;482.20315762193616;482.2177836439408;1
18996;401;0;0;0;1;0;2931;2775;1;482.3763878137158;482.39171979502254;1
19044;599;0;0;0;1;0;37;2273;27;483.9581194679219;483.97270598202357;1
19045;271;0;0;0;1;0;2279;3177;40;483.96486111554566;483.9794476296473;1
19100;556;0;0;0;1;0;891;222;23;485.74636910294225;485.7617447396146;1
19104;348;0;0;0;1;0;96;365;13;485.80729588817195;485.8216117123116;1
19086;184;19;14;29;2;0;4939;486;22;485.14927381099625;485.92948321835655;4
19115;139;0;0;0;1;0;436;543;1;486.2377586433947;486.25313428006706;1
19119;345;0;0;0;1;0;100;3242;3;486.3804893955867;486.3950759096884;1
19123;658;0;0;0;1;0;5505;832;72;486.46280595025166;486.478181586924;1
19139;132;0;0;0;1;0;243;226;23;486.8529594113572;486.8683350480295;1
19142;13;0;0;0;1;0;1050;345;11;486.8816052673413;486.89619178144295;1
19050;541;8;3;7;1;0;3061;164;27;484.07576528885625;488.3443964824138;4
19317;202;0;0;0;1;0;3224;1874;20;493.3968817710862;493.4111975952259;1
19340;376;0;0;0;1;0;880;1058;19;493.95161343306773;493.9659292572074;1
19347;376;0;0;0;1;0;2628;709;22;494.25711351443175;494.2714293385714;1
19408;174;0;0;0;1;0;1725;372;6;495.9607186327045;495.9750725101006;1
19410;653;0;0;0;1;3;543;43;848;495.9712123113383;495.98556618873437;1
19424;461;0;0;0;1;3;144;12;898;496.27083925952536;496.2851931369214;1
19648;384;0;0;0;1;0;189;713;12;500.7059242183874;500.7213437597385;1
19653;563;0;0;0;1;3;135;3;146;500.75603076175435;500.77145030310544;1
19666;107;0;0;0;1;0;1117;1118;19;500.89138556628416;500.906674139421;1
19670;389;0;0;0;1;0;1204;1516;34;501.00339645293343;501.0186850260703;1
19697;134;0;0;0;1;0;3915;98;21;501.44085966368027;501.45627920503136;1
19757;389;0;0;0;1;0;2412;1260;30;502.62843470065957;502.6437232737964;1
19772;539;0;0;0;1;2;894;3122;403;502.78299644059314;502.7977826578114;1
19777;297;0;0;0;1;3;276;25;929;502.8405316164394;502.8553178336577;1
19782;690;0;0;0;1;0;158;610;11;502.9704625561917;502.98524877341;1
19784;249;0;0;0;1;0;634;2773;7;502.98694298724297;503.0022315603798;1
19414;577;10;5;11;1;0;3206;2151;72;496.0342141760119;503.06350480796556;4
19794;395;0;0;0;1;0;3348;251;35;503.09083448720673;503.1061230603436;1
19830;611;0;0;0;1;2;3626;2965;105;503.67321363897724;503.6880404548103;1
19898;400;0;0;0;1;3;1400;21;217;505.0850745029478;505.10053820043277;1
19903;320;0;0;0;1;3;2073;52;3851;505.15078614534167;505.16624984282663;1
19906;532;0;0;0;1;1;409;2418;7;505.19610496748044;505.2113935406173;1
19914;354;0;0;0;1;3;1024;21;553;505.3121024248891;505.3273909980259;1
19918;503;0;0;0;1;3;260;13;2144;505.37660561882194;505.3918941919588;1
19922;163;0;0;0;1;0;2062;1133;62;505.40983167013934;505.4251202432762;1
19924;503;0;0;0;1;3;1001;11;276;505.47366305205327;505.4889516251901;1
19973;545;0;0;0;1;0;154;219;17;506.40113170550103;506.4164202786379;1
19982;395;0;0;0;1;0;2359;5654;20;506.57326983996575;506.5885584131026;1
19992;500;0;0;0;1;3;163;11;752;506.6909796783702;506.70644337585514;1
20005;442;0;0;0;1;0;933;2361;4;506.95928995844537;506.9745785315822;1
20010;284;0;0;0;1;0;832;1417;10;507.0379849554152;507.05327352855204;1
20014;300;0;0;0;1;3;572;33;664;507.0756658679235;507.0909544410603;1
20017;259;0;0;0;1;0;31;148;5;507.1163182551334;507.13160682827026;1
20025;373;0;0;0;1;3;290;46;5209;507.26459503258053;507.2801031398209;1
20052;328;0;0;0;1;0;444;7867;55;507.6872785373703;507.7025671105071;1
20056;427;0;0;0;1;3;313;5;707;507.73667627425306;507.7519648473899;1
20067;587;0;0;0;1;3;55;86;3641;507.9175529200027;507.93284149313956;1
20070;146;0;0;0;1;3;766;46;4068;508.027653387838;508.042480203671;1
20074;27;0;0;0;1;0;7367;1087;22;508.05571750474985;508.0710060778867;1
20076;545;0;0;0;1;0;3854;3168;14;508.0652248096908;508.08051338282763;1
20082;487;0;0;0;1;0;5381;101;35;508.234368026118;508.2498761333583;1
20087;2;0;0;0;1;2;3215;3851;526;508.2880509250705;508.30355903231083;1
20095;247;0;0;0;1;3;1142;1;68;508.3929588613723;508.4078264993776;1
20096;363;0;0;0;1;3;534;83;1513;508.40135356354693;508.4166421366838;1
20101;432;0;0;0;1;3;656;44;1224;508.493992024523;508.5092805976598;1
20102;66;0;0;0;1;0;4096;77;23;508.5031919914702;508.51848056460705;1
20105;134;0;0;0;1;0;3670;650;12;508.5372241545993;508.55273226183965;1
20106;390;0;0;0;1;3;30;21;574;508.616414551343;508.6317031244798;1
20109;527;0;0;0;1;0;3383;1667;6;508.64867449108465;508.66354212909;1
20111;698;0;0;0;1;0;3277;2785;22;508.65813273987925;508.6730003778846;1
20115;235;0;0;0;1;3;724;30;1575;508.68210144517246;508.6969690831778;1
20116;147;0;0;0;1;3;365;29;1609;508.68912403279444;508.7034020049085;1
20117;232;0;0;0;1;0;1491;412;5;508.70407593390144;508.7193645070383;1
20130;632;0;0;0;1;3;446;1;2239;508.95069921414046;508.9659877872773;1
20131;291;0;0;0;1;0;4670;2120;33;508.98771859655545;509.0025862345608;1
20147;542;0;0;0;1;3;877;1;949;509.25402065573354;509.268260975461;1
20161;328;0;0;0;1;0;168;491;13;509.46335895300564;509.4786475261425;1
20166;300;0;0;0;1;3;428;7;260;509.61543684494626;509.6307254180831;1
20081;291;14;9;18;1;0;2260;107;1;508.2306424903065;510.5026266536592;4
20221;427;0;0;0;1;3;578;15;667;510.8028210596288;510.81810963276564;1
20233;578;0;0;0;1;3;3216;43;535;511.01441414531473;511.0297027184516;1
20241;134;0;0;0;1;0;5581;472;14;511.16787766682035;511.1833857740607;1
20248;340;0;0;0;1;0;73;812;26;511.2777933694721;511.29330147671243;1
20251;591;0;0;0;1;0;2125;2189;6;511.3191845468401;511.33469265408047;1
20260;553;19;14;28;2;3;505;21;1904;511.5893020076027;511.91288766873294;4
20312;259;0;0;0;1;0;745;2124;32;512.4500410488439;512.4653296219808;1
20384;5;0;0;0;1;0;1616;318;49;514.0114350606269;514.0268106972992;1
20402;50;0;0;0;1;0;1283;326;45;514.4135468111779;514.4289224478501;1
20404;608;0;0;0;1;0;3180;192;6;514.4228586311838;514.4372892252383;1
20411;66;0;0;0;1;0;4449;1204;71;514.5340415802965;514.5494172169688;1
20412;599;0;0;0;1;0;4897;2009;25;514.552004910934;514.5664355049885;1
20413;599;0;0;0;1;0;3019;168;7;514.5771761864274;514.5916067804819;1
20415;192;0;0;0;1;0;12311;380;20;514.596284934071;514.6107155281255;1
20426;269;19;14;28;2;3;69;25;11473;515.0243172441155;515.3581194145155;4
20406;269;10;5;11;1;3;1021;68;818;514.4518219843164;516.1801300563053;4
20617;19;0;0;0;1;0;678;536;17;521.1200460999853;521.1351212677473;1
20645;543;0;0;0;1;0;136;3896;2;522.2078266187449;522.2221424428845;1
20654;623;0;0;0;1;0;2764;6589;44;522.4747817065132;522.4890975306529;1
20668;271;0;0;0;1;0;589;2956;7;522.986850552905;523.0011663770447;1
20676;271;0;0;0;1;0;1924;2;10;523.3076364737884;523.3219522979281;1
20681;285;0;0;0;1;0;597;89;22;523.4773301840373;523.491646008177;1
20683;652;0;0;0;1;0;1263;242;1;523.5268924021991;523.5412082263388;1
20701;295;0;0;0;1;0;1347;2581;25;523.9627618906611;523.9770777148008;1
20716;271;0;0;0;1;0;3534;1827;32;524.4014742792117;524.4157901033514;1
20741;245;0;0;0;1;1;637;1136;37;525.1293836590476;525.1436616311616;1
20743;261;19;14;29;2;0;2270;9789;10;525.2284658811154;525.7811893258857;4
20774;195;0;0;0;1;0;361;144;67;526.3881460324304;526.403179232043;1
20792;528;0;0;0;1;0;1907;3624;18;526.9107111904469;526.9257443900595;1
20800;321;0;0;0;1;0;1885;215;1;527.078186019089;527.0932192187016;1
20806;19;0;0;0;1;0;1594;389;8;527.2447361944182;527.2597693940309;1
20709;577;16;11;23;1;0;4899;443;24;524.1429907275942;529.0540967432943;4
20889;259;0;0;0;1;0;5593;2178;107;529.5144737203301;529.5299818275704;1
20904;389;0;0;0;1;0;1570;569;25;529.8220073876845;529.8375154949248;1
20917;630;0;0;0;1;0;197;767;23;530.118162735981;530.1336708432212;1
21007;534;0;0;0;1;0;1992;144;7;532.4584788383396;532.474076534746;1
21010;19;0;0;0;1;0;1557;1152;37;532.497808488749;532.5128416883616;1
21011;698;0;0;0;1;0;380;134;22;532.5141171981562;532.5291503977688;1
21028;43;0;0;0;1;0;3689;804;25;532.855937173569;532.8715348699754;1
21029;75;0;0;0;1;0;916;1243;37;532.8573786393104;532.8729763357168;1
21033;183;0;0;0;1;0;3114;135;8;533.0288833569505;533.0443470544354;1
21035;29;0;0;0;1;0;2316;2371;10;533.0577841724443;533.0733818688507;1
21036;211;0;0;0;1;0;832;188;21;533.0615829141079;533.0770466115929;1
21074;657;0;0;0;1;0;2013;2414;24;533.8175470967759;533.8331447931823;1
21084;481;0;0;0;1;0;1082;2870;7;533.9248151555472;533.9404128519536;1
21088;266;0;0;0;1;0;1779;1011;44;533.9680586345906;533.9835667418309;1
21089;29;0;0;0;1;0;496;2910;42;534.0044799161041;534.0200776125105;1
21057;39;18;13;26;1;1;575;2312;7;533.4899126408482;534.0776123983636;4
21094;418;0;0;0;1;0;2592;3829;23;534.1167959309772;534.1323040382175;1
21098;389;0;0;0;1;0;148;1434;30;534.1848072588346;534.2004501391109;1
21103;663;0;0;0;1;0;754;1945;82;534.4076215886865;534.4232644689629;1
21116;588;0;0;0;1;2;560;1101;64;534.5518668597069;534.5675097399833;1
21117;10;0;0;0;1;2;1051;2423;104;534.5782271771085;534.592467496836;1
21122;128;0;0;0;1;2;3655;3229;112;534.6931663799279;534.7086744871682;1
21128;5;0;0;0;1;0;1913;944;12;534.804849474739;534.8204923550153;1
21135;375;0;0;0;1;0;499;1058;18;534.991408344987;535.0069611177956;1
21139;580;0;0;0;1;0;751;319;5;535.141809376922;535.1573621497306;1
21175;10;0;0;0;1;2;2515;618;132;536.263947151276;536.2782251233901;1
21192;468;0;0;0;1;0;669;594;83;536.7681613086556;536.783759005062;1
21190;189;19;14;29;2;1;923;1392;1;536.7322676978656;537.1497612488994;4
21283;29;0;0;0;1;0;251;1919;6;539.7212400114835;539.7368828917598;1
21287;27;0;0;0;1;0;1351;1810;30;539.7783544944506;539.7939973747269;1
21294;481;0;0;0;1;0;1870;323;1;539.8803844632498;539.8960273435262;1
21305;50;0;0;0;1;0;4127;1974;58;540.2393412343872;540.255029561074;1
21307;75;0;0;0;1;0;1220;911;20;540.2672849278065;540.2829732544933;1
21308;50;0;0;0;1;0;1108;2947;2;540.293689093496;540.3093774201828;1
21311;493;0;0;0;1;0;1595;457;9;540.3386770087582;540.354365335445;1
21361;663;0;0;0;1;0;2108;1023;27;541.6792207271858;541.6949090538726;1
21366;348;0;0;0;1;0;1545;180;2;541.7695112207902;541.785199547477;1
21380;493;0;0;0;1;0;1857;418;6;542.2262730919824;542.242007129915;1
21391;630;0;0;0;1;0;576;161;52;542.5987643790996;542.6144984170322;1
21393;317;0;0;0;1;0;1450;2264;83;542.6086356409942;542.6243696789268;1
21507;43;0;0;0;1;0;1592;263;42;545.4744940207217;545.4902280586543;1
21510;43;0;0;0;1;0;293;209;28;545.5531155039293;545.5688495418619;1
21512;107;0;0;0;1;0;512;502;31;545.627611526373;545.6433455643056;1
21525;50;0;0;0;1;0;1910;2087;4;545.9462532183514;545.961987256284;1
21535;303;0;0;0;1;0;1055;429;2;546.2790924017977;546.2948264397303;1
21571;395;0;0;0;1;0;1264;1006;11;547.3232324128874;547.33896645082;1
21576;468;0;0;0;1;0;7139;1647;5;547.4506626603769;547.4663966983095;1
21581;630;0;0;0;1;0;162;3033;12;547.6003996177751;547.6161336557077;1
21582;663;0;0;0;1;0;1447;841;34;547.6192125076371;547.6349465455697;1
21584;27;0;0;0;1;0;567;1586;16;547.6646601696884;547.680394207621;1
21585;511;0;0;0;1;0;431;1813;49;547.7528823301934;547.768616368126;1
21606;556;0;0;0;1;0;2868;3123;13;548.5016826869679;548.5174167249005;1
21619;340;0;0;0;1;0;337;1242;115;548.8512044180602;548.8669384559928;1
21642;295;19;14;30;2;0;2761;247;2;549.5931235123787;550.1803798603984;4
21660;56;0;0;0;1;0;739;2046;3;550.3715025347826;550.3871908614694;1
21526;418;5;0;0;1;0;1874;1552;18;546.0209562536182;550.4960813900768;4
21678;340;0;0;0;1;0;1029;507;10;550.9253516031672;550.9409944834435;1
21708;174;0;0;0;1;0;77;401;8;551.7031676244559;551.71744559657;1
21715;73;0;0;0;1;2;5664;2030;180;551.8887274910974;551.9031196245896;1
21717;635;0;0;0;1;0;1883;236;5;551.9109748450394;551.9252151647669;1
21721;438;0;0;0;1;0;386;981;2;552.0064383259422;552.0206786456697;1
21722;612;0;0;0;1;0;507;1262;19;552.0674648006831;552.0817051204106;1
21750;518;0;0;0;1;0;2676;886;30;552.7010280490897;552.715420182582;1
21751;541;0;0;0;1;0;1775;675;15;552.7271885711485;552.7415807046408;1
21757;340;0;0;0;1;0;703;162;8;552.8079231529746;552.8235660332509;1
21759;599;0;0;0;1;0;2505;576;7;552.8541691993347;552.868561332827;1
21762;580;0;0;0;1;0;681;4424;45;552.951074256092;552.9667171363684;1
21764;623;0;0;0;1;0;1357;168;3;552.9628879500617;552.977280083554;1
21768;162;0;0;0;1;0;188;50;21;553.1267225774152;553.1411147109075;1
21787;498;0;0;0;1;0;3522;266;32;553.6642282165122;553.6786203500045;1
21603;295;7;2;4;1;0;2500;530;12;548.4038667470637;553.8231825712033;4
21807;541;0;0;0;1;0;2280;5111;2;554.2002381935911;554.2146303270833;1
21828;615;0;0;0;1;0;620;1041;5;554.5745021884571;554.5886307331878;1
21848;215;0;0;0;1;0;570;1648;33;554.926331973463;554.9407241069553;1
21856;13;0;0;0;1;0;2049;2944;15;555.1344835357402;555.1488756692324;1
21960;653;19;14;28;2;3;353;41;3306;557.4424962461851;557.7755102832479;4
21892;173;8;3;6;1;3;964;14;61;555.9385785473542;558.3594470332147;4
22031;622;0;0;0;1;3;2639;68;60;558.7363134457523;558.7520017724391;1
22046;459;0;0;0;1;3;40;12;544;559.097490601823;559.1131789285098;1
22069;375;0;0;0;1;0;691;920;6;559.3756086870961;559.391297013783;1
22070;400;0;0;0;1;3;21;2;317;559.434762591875;559.4504509185618;1
22074;495;0;0;0;1;3;391;8;2361;559.5315196970874;559.5472080237743;1
22077;139;0;0;0;1;0;4121;1775;36;559.6454123448192;559.661100671506;1
22118;53;0;0;0;1;3;301;48;1630;560.5459163974591;560.561789181495;1
22143;487;0;0;0;1;0;4375;966;23;561.0677855484404;561.0834284287167;1
22182;291;0;0;0;1;0;102;640;5;561.8598754438714;561.8749928147633;1
22186;85;0;0;0;1;0;205;493;105;561.8909560966094;561.9060734675014;1
22187;630;0;0;0;1;0;6629;741;13;561.8980823134478;561.9139550974837;1
22202;663;0;0;0;1;0;4505;1579;40;562.1547146496929;562.1706342278076;1
22213;561;0;0;0;1;3;749;29;1691;562.4427199993504;562.4578373702424;1
22215;386;0;0;0;1;1;191;214;45;562.459375990417;562.4752955685317;1
22217;270;0;0;0;1;3;1297;2;1866;562.482723725577;562.497841096469;1
22227;395;0;0;0;1;0;416;2480;43;562.6230671696538;562.6389867477685;1
22230;638;0;0;0;1;3;283;26;1795;562.6460199696853;562.6611373405773;1
22237;66;0;0;0;1;0;2549;1064;38;562.7503087141295;562.7662282922441;1
22250;695;0;0;0;1;3;704;10;675;562.9185320545156;562.9336494254076;1
22254;377;0;0;0;1;0;2923;1351;21;562.935611288384;562.9515308664987;1
22260;163;0;0;0;1;0;2445;1167;17;563.033911264939;563.0498308430537;1
22292;295;0;0;0;1;0;4;2859;28;563.5318790516725;563.5477986297872;1
22295;561;0;0;0;1;3;2965;48;2655;563.5787943357751;563.5939117066671;1
22304;238;0;0;0;1;0;1443;2101;14;563.7879892367625;563.8031066076545;1
22305;284;0;0;0;1;0;105;45;44;563.8260375614185;563.8419103454544;1
22306;570;0;0;0;1;0;2159;104;94;563.8450859372822;563.8602033081742;1
22329;609;0;0;0;1;3;871;35;122;564.2909509545962;564.306823738632;1
22348;527;0;0;0;1;0;906;1775;1;564.5867535417235;564.6018709126155;1
22357;220;0;0;0;1;3;2319;3;546;564.7641183151189;564.7799910991548;1
22364;232;0;0;0;1;0;1759;2724;21;564.8843939244989;564.9002667085348;1
22366;630;0;0;0;1;0;700;937;4;564.8964770717674;564.9123498558033;1
22379;676;0;0;0;1;3;395;81;1817;565.1270730831224;565.1429458671582;1
22383;481;0;0;0;1;0;1733;443;1;565.1943504659821;565.210223250018;1
22384;481;0;0;0;1;0;3087;1362;57;565.2046979737213;565.2205707577572;1
22401;578;0;0;0;1;3;112;3;347;565.49275256219;565.5086253462259;1
22412;630;0;0;0;1;0;12632;1271;30;565.7987700839756;565.8146428680114;1
22425;362;0;0;0;1;0;3335;1440;10;566.022161453347;566.0380342373829;1
22435;259;0;0;0;1;0;1263;466;28;566.1876361691478;566.2035089531837;1
22120;595;9;4;8;1;0;2818;1978;71;560.5596020428501;566.2377676804228;4
22441;442;0;0;0;1;0;1566;640;2;566.2817726204221;566.297645404458;1
22477;578;0;0;0;1;3;46;35;10179;566.776802105526;566.7926748895619;1
21802;535;9;4;9;1;0;6247;244;1;554.085788504311;566.9107541388641;4
22484;377;0;0;0;1;0;1034;1130;21;566.9047175771902;566.9205903612261;1
22489;378;0;0;0;1;3;1769;8;10;567.072535706736;567.0884084907718;1
22490;295;0;0;0;1;0;1323;1503;25;567.1200922072259;567.1359649912617;1
22498;295;0;0;0;1;0;535;1093;19;567.2184391275741;567.23431191161;1
22147;323;15;10;20;1;0;6131;1301;7;561.1215124798225;567.2643581554072;4
22504;631;0;0;0;1;0;2092;675;11;567.351671580548;567.36674674831;1
22517;679;0;0;0;1;3;109;128;55;567.6129543769707;567.6280295447327;1
22520;555;0;0;0;1;0;4385;1193;25;567.6596988039184;567.6747739716805;1
22523;243;0;0;0;1;3;573;32;4339;567.7524579270463;567.7683307110822;1
22530;481;0;0;0;1;0;5215;210;2;567.8865268653185;567.9023996493544;1
22545;587;0;0;0;1;3;128;4;576;568.1159278289707;568.1318006130066;1
22552;328;0;0;0;1;0;1770;1313;27;568.1786869025827;568.1945596866186;1
22556;435;0;0;0;1;2;3860;795;198;568.2246445761789;568.2405173602148;1
22561;348;0;0;0;1;0;1021;5071;24;568.2798663548459;568.2957391388818;1
22584;545;0;0;0;1;0;361;1002;14;568.7335618845399;568.7494346685758;1
22597;27;0;0;0;1;0;4751;131;10;569.0477274009997;569.0636001850356;1
22606;232;0;0;0;1;0;5763;1367;33;569.1353578791756;569.1512306632114;1
22625;379;0;0;0;1;3;392;6;2677;569.4611962827204;569.4770690667563;1
22631;587;0;0;0;1;3;1129;10;6313;569.604240882215;569.6201136662509;1
22632;163;0;0;0;1;0;1132;316;14;569.6045138157307;569.6203865997666;1
22638;163;0;0;0;1;0;20;348;1;569.7219152269583;569.7377880109942;1
22641;485;0;0;0;1;0;378;2416;31;569.8005153788362;569.816388162872;1
22645;545;0;0;0;1;0;3148;508;43;569.9109257479485;569.9267985319843;1
22649;378;0;0;0;1;3;53;38;8661;570.0093286822718;570.0252014663076;1
22652;66;0;0;0;1;0;93;1043;21;570.1226147043265;570.1384874883623;1
22653;389;0;0;0;1;0;234;8873;14;570.1358236232957;570.1516964073315;1
22660;79;0;0;0;1;3;1658;13;978;570.2209121895332;570.2359873572952;1
22661;698;0;0;0;1;0;4091;42;10;570.2293656212504;570.2444407890124;1
22662;529;0;0;0;1;0;777;272;32;570.2725960693872;570.2876712371492;1
22665;561;0;0;0;1;3;511;83;592;570.3102165105602;570.3252916783222;1
22666;528;0;0;0;1;0;5607;546;5;570.3229900163095;570.3380651840715;1
22671;689;0;0;0;1;0;1290;23;21;570.3959349315652;570.4110100993272;1
22682;690;0;0;0;1;0;2288;698;1;570.5006233476796;570.5156565472922;1
22690;571;0;0;0;1;3;1896;25;3638;570.6448628415293;570.6598960411419;1
22695;695;0;0;0;1;3;439;79;3551;570.712207941273;570.7272411408857;1
22712;692;0;0;0;1;2;5575;3140;186;571.128118086183;571.1439908702189;1
22726;19;0;0;0;1;0;2587;281;53;571.37737424542;571.392449413182;1
22728;488;0;0;0;1;0;515;1757;12;571.4163988842101;571.4307147083498;1
22731;529;0;0;0;1;0;513;5362;3;571.4777861470767;571.4928613148387;1
22737;46;0;0;0;1;0;2848;3133;38;571.5989232512874;571.613239075427;1
22741;657;0;0;0;1;0;982;2155;108;571.7281339280717;571.7440067121075;1
22748;657;0;0;0;1;0;2289;333;4;571.8730282517729;571.8889010358088;1
22750;358;0;0;0;1;2;3813;2921;158;571.9275000861899;571.9418159103295;1
22758;209;0;0;0;1;3;76;16;7547;572.1128259538775;572.1279011216395;1
22799;534;0;0;0;1;0;3788;369;4;572.9761287589005;572.9919550231448;1
22804;389;0;0;0;1;0;777;6297;3;573.2460502746344;573.2618765388787;1
22806;50;0;0;0;1;0;4779;1922;9;573.2889880646717;573.304814328916;1
22809;19;0;0;0;1;0;3729;94;34;573.3871940416751;573.4022692094371;1
22822;176;0;0;0;1;2;840;1434;70;573.8770745338445;573.8914284112406;1
22836;195;0;0;0;1;0;1415;2075;11;574.2001357049764;574.2152108727385;1
22842;531;0;0;0;1;0;2167;1748;24;574.2885148020549;574.3035899698169;1
22858;377;0;0;0;1;0;273;955;11;574.7737131223003;574.7894931386356;1
22865;485;0;0;0;1;0;103;1439;1;575.0072532642342;575.0230332805696;1
22909;376;0;0;0;1;0;1191;323;52;576.4214580161815;576.4358501496738;1
22933;213;0;0;0;1;0;1677;203;1;577.2382849170717;577.252677050564;1
22938;696;0;0;0;1;3;515;17;772;577.4793672633222;577.4937593968144;1
22978;580;0;0;0;1;0;3156;5962;12;578.4040531399293;578.4196960202056;1
22987;591;0;0;0;1;0;6687;350;8;578.6249719353098;578.6405696317162;1
22992;649;0;0;0;1;3;1463;81;791;578.8298769777799;578.8454746741863;1
22996;580;0;0;0;1;0;11038;2556;67;578.9687137567564;578.9843114531628;1
23001;211;0;0;0;1;0;1556;4311;3;579.1166096867926;579.1321624596012;1
23037;487;0;0;0;1;0;5106;1969;68;580.496497219951;580.5120499927597;1
23146;85;0;0;0;1;0;4681;3096;1;584.7015442586488;584.7167040696307;1
23166;190;0;0;0;1;0;2058;648;11;585.5478744588479;585.5630342698298;1
22967;54;12;7;14;1;0;9576;3345;19;578.1250530173241;587.7134053823993;4
23283;27;0;0;0;1;0;9197;1538;6;588.9288148018452;588.9443229090855;1
23287;284;0;0;0;1;0;975;118;19;588.9783340719795;588.9938421792198;1
23321;657;0;0;0;1;0;1058;540;27;589.7148215371428;589.7303296443831;1
23200;600;14;9;18;1;0;2675;348;18;586.6918208598239;590.5590113499328;4
23403;75;0;0;0;1;0;6039;695;2;591.5137235144484;591.5292316216887;1
23349;623;8;3;6;1;0;889;953;29;590.5470585835031;591.886589628353;4
23425;35;0;0;0;1;2;481;6639;414;591.988842483511;592.0043505907513;1
23429;462;0;0;0;1;0;813;1065;75;592.1304556085483;592.1459637157886;1
23431;317;0;0;0;1;0;2189;72;17;592.1484892953094;592.1639974025497;1
23448;284;0;0;0;1;0;1010;1223;92;592.4678316904544;592.4833397976947;1
23452;375;0;0;0;1;0;29;1051;15;592.5858535849885;592.6013616922288;1
23457;529;0;0;0;1;0;381;526;11;592.7172502411955;592.7323676120875;1
23464;511;0;0;0;1;0;149;2249;35;592.9882783529472;593.0037864601875;1
23494;232;0;0;0;1;0;4326;827;35;593.9298028927582;593.9453109999985;1
23496;284;0;0;0;1;0;3117;5641;25;593.9801525854956;593.9956606927359;1
23527;642;0;0;0;1;0;2204;1511;1;594.6549110612741;594.6690396060047;1
23505;295;19;14;31;2;0;2944;4551;17;594.0943110169159;594.7207940386037;4
23543;428;0;0;0;1;0;444;768;1;595.0526744124538;595.0668029571844;1
23551;85;0;0;0;1;0;83;458;7;595.2468483111976;595.2619656820896;1
23559;555;0;0;0;1;0;706;102;16;595.6008438047777;595.6160036157596;1
23563;265;0;0;0;1;0;178;122;14;595.717046886145;595.7311754308756;1
23574;166;0;0;0;1;0;97;1152;22;595.9711467760583;595.9852753207889;1
23575;499;0;0;0;1;0;8751;3962;37;596.0136864808054;596.0291945880457;1
23589;519;0;0;0;1;0;3513;2997;43;596.5075229393702;596.5226827503521;1
23595;259;0;0;0;1;0;660;937;3;596.5863440541355;596.6018077516204;1
23588;293;19;14;30;2;0;1748;316;1;596.4835988658319;596.9772086538283;4
23590;293;19;14;31;2;0;5730;1914;44;596.521641274141;597.4019502658035;4
23629;249;0;0;0;1;0;1279;541;37;597.4400434229042;597.4555515301445;1
23635;66;0;0;0;1;0;3459;405;3;597.52306107316;597.5385691804003;1
23637;23;0;0;0;1;0;531;202;16;597.5699789111552;597.5854870183955;1
23641;265;0;0;0;1;0;2806;24;23;597.6450406889974;597.6591323643086;1
23649;215;0;0;0;1;0;3492;149;38;597.8320564029734;597.8463343750875;1
23658;519;0;0;0;1;0;1223;705;1;598.0298294571435;598.0449468280354;1
23659;134;0;0;0;1;0;328;132;60;598.0329882529994;598.0484963602397;1
23664;657;0;0;0;1;0;201;837;5;598.1114890664371;598.1269971736774;1
23708;603;0;0;0;1;0;723;3653;8;599.2698850418533;599.2841630139674;1
23713;1;0;0;0;1;0;335;143;7;599.3673228036902;599.3824401745821;1
23478;376;18;13;27;1;0;5497;956;16;593.5082026307879;599.4481767122492;4
23717;312;0;0;0;1;0;3165;551;16;599.5509703981467;599.5660877690386;1
23730;435;0;0;0;1;2;1709;2814;331;599.9010035577519;599.9165563305605;1
