#auto generated file!
6261;318;0;0;0;1;0;806;468;1;180.47222448810803;180.4869301714639;1
6263;214;0;0;0;1;0;14872;2836;52;180.56126985806873;180.5759755414246;1
6265;266;0;0;0;1;0;190;1224;24;180.60962060055303;180.62436644088274;1
6278;474;0;0;0;1;0;655;950;11;180.9249768547955;180.9397226951252;1
6325;389;0;0;0;1;0;160;1111;1;182.47741875873635;182.49216459906606;1
6370;218;0;0;0;1;0;3136;3964;18;183.77268332551807;183.7869612976322;1
6405;120;0;0;0;1;0;645;1353;6;184.85828288127422;184.8730690984925;1
6406;434;0;0;0;1;0;28;149;4;184.8779941723611;184.89278038957937;1
6373;200;16;11;23;1;0;6651;1027;1;183.88774437494163;190.5509298948255;4
6504;440;12;7;14;1;0;2893;4521;24;188.23865381325075;191.46521723016494;4
6482;523;9;4;8;1;0;2611;341;39;187.247669499639;192.05606163313124;4
6672;432;19;14;31;2;0;2814;632;43;193.17701409174052;193.74683328424558;4
6719;153;19;14;30;2;0;703;3367;18;194.43036631637446;194.81122260938355;4
6787;389;0;0;0;1;0;1745;1663;31;196.2017379941703;196.21652421138856;1
6824;514;17;12;25;1;0;1355;2134;1;196.7771007205995;198.14496098795053;4
6922;571;14;9;19;1;0;973;1003;44;198.7727164762735;200.03154131242664;4
6905;541;18;13;27;1;0;2288;210;1;198.4198395210876;200.72000526694697;4
6974;541;19;14;31;2;0;7972;3395;25;199.91778002167806;201.0023608323275;4
7133;247;0;0;0;1;0;2331;3289;9;202.7175756473872;202.7322413918922;1
7115;256;19;14;29;2;3;2334;148;2360;202.40366673850434;202.92600945513908;4
7185;141;0;0;0;1;0;9427;154;75;203.61705667193763;203.6317224164426;1
7199;214;0;0;0;1;0;103;243;67;203.86517158894006;203.87983733344504;1
7217;50;0;0;0;1;0;438;5835;24;204.11575329006132;204.1304190345663;1
7260;538;0;0;0;1;0;1356;225;58;204.82890458428437;204.84357032878935;1
7192;237;12;7;15;1;3;2878;27;22;203.6865107842961;207.3103303524735;4
7432;50;0;0;0;1;0;326;60;34;208.14209624626167;208.15684208659138;1
7436;389;0;0;0;1;0;3863;1309;27;208.27708615958684;208.29187237680512;1
7420;171;9;4;9;1;3;3100;11;771;207.8656175650606;213.22670523702874;4
7675;238;0;0;0;1;0;43;2685;27;213.70006387462325;213.71522368560514;1
7308;660;11;6;12;1;0;7907;1341;20;205.77362420743677;213.95235284256526;4
7740;471;0;0;0;1;0;972;1243;71;215.69588524430176;215.7107528823071;1
7756;381;0;0;0;1;0;1052;1774;23;216.36665806307886;216.38181787406074;1
7761;76;0;0;0;1;0;2694;2016;24;216.48152084553217;216.49668065651406;1
7767;27;0;0;0;1;0;12;585;83;216.6697488781173;216.6849086890992;1
7827;322;11;6;13;1;0;1101;1849;1;219.3101081519868;220.42338294022903;4
7238;559;6;1;2;1;0;6901;3996;65;204.52849780025002;220.52051321902258;4
7838;322;11;6;12;1;0;1493;257;1;219.81875079441872;221.32398244963744;4
7819;440;7;2;4;1;0;1660;3376;43;218.9908476966019;221.61090269441945;4
7904;685;15;10;20;1;0;2589;1258;45;221.8126407587024;224.4139591299907;4
7884;601;11;6;12;1;0;3653;2809;10;221.2290701209924;224.89434557553884;4
8099;513;19;14;28;2;0;394;502;2;228.6276932567644;228.9565624186027;4
8255;660;0;0;0;1;0;348;2525;2;232.43523488950666;232.44827191321443;1
7596;19;6;1;3;1;2;13035;1106;265;211.61311713878996;232.9733632558778;4
8294;474;0;0;0;1;0;145;1168;33;233.28938228359087;233.30437374807795;1
8343;74;19;14;28;2;0;9;3642;33;234.34286534851003;234.67596479638712;4
7938;685;15;10;21;1;0;8864;15;56;223.09874308427106;234.99153855738862;4
8395;120;0;0;0;1;0;542;1988;37;235.75125749726675;235.76629069687942;1
8409;266;0;0;0;1;0;2640;1282;117;235.93021114782547;235.94524434743815;1
8414;485;0;0;0;1;0;531;591;22;236.06755509636818;236.08258829598086;1
8420;562;0;0;0;1;0;7897;2266;10;236.26070093368207;236.27577610144402;1
8423;480;0;0;0;1;0;1498;1502;29;236.33038225882927;236.34545742659122;1
8437;485;0;0;0;1;0;513;410;30;236.6057078311659;236.62078299892784;1
8441;597;0;0;0;1;0;1840;18;23;236.70459918742216;236.7196743551841;1
8474;17;0;0;0;1;0;606;713;26;237.45406344765314;237.4693954289599;1
8505;578;0;0;0;1;0;535;171;1;238.24096351454597;238.25603868230792;1
8521;628;0;0;0;1;0;4014;829;7;238.8151847428464;238.83025991060836;1
8545;120;0;0;0;1;0;4464;1085;6;239.40121615951165;239.4162913272736;1
8563;335;0;0;0;1;0;418;428;29;239.78103011670515;239.7963620980119;1
8599;109;0;0;0;1;0;649;3290;28;240.87717382796558;240.89250580927234;1
8602;562;0;0;0;1;0;855;945;56;240.92639860901735;240.94151597990938;1
8609;538;0;0;0;1;0;2355;921;48;241.3015863774045;241.3167461883864;1
8630;458;0;0;0;1;0;604;570;14;241.9255385456383;241.94087052694505;1
8633;108;0;0;0;1;0;508;3520;8;242.0570070332992;242.07233901460594;1
8642;318;0;0;0;1;0;2288;2939;21;242.3915391205938;242.40669893157568;1
8646;329;0;0;0;1;0;664;280;13;242.5869815930768;242.60111013780747;1
8648;466;0;0;0;1;0;59;866;1;242.66168531865114;242.67706095532347;1
8651;17;0;0;0;1;0;432;943;43;242.74699541929294;242.76237105596527;1
8662;597;0;0;0;1;0;468;5923;34;243.01314048140432;243.0283002923862;1
8679;272;0;0;0;1;0;1056;2711;5;243.27551833376546;243.2908939704378;1
8653;408;14;9;18;1;0;224;33;1;242.90428594510257;243.36459016191264;4
8686;597;0;0;0;1;0;796;551;101;243.41799646093835;243.43315627192024;1
8687;562;0;0;0;1;0;133;266;32;243.44201270344396;243.45717251442585;1
8699;391;0;0;0;1;0;2728;1916;20;243.82012118583285;243.83549682250518;1
8717;660;0;0;0;1;0;1510;702;18;244.4524336680943;244.46559781872344;1
8719;111;0;0;0;1;0;1690;1308;4;244.56469714510288;244.580116686454;1
8765;336;0;0;0;1;0;5091;1483;32;246.04913395840595;246.06455349975707;1
8784;640;0;0;0;1;0;4821;19;21;246.42860869661547;246.44376850759735;1
8805;391;0;0;0;1;0;616;74;57;247.08347681920426;247.0988524558766;1
8853;612;19;14;28;2;0;2797;165;23;248.9585137375385;249.52976942501925;4
9044;520;0;0;0;1;0;837;21;26;255.04270417485722;255.05799274799406;1
9057;241;0;0;0;1;0;1270;2770;7;255.5497077718793;255.56499634501614;1
8528;272;6;1;2;1;0;8348;58;43;238.9273264260687;255.93865840737547;4
9119;627;0;0;0;1;0;430;1234;10;257.0154819909442;257.0295736662554;1
9142;27;0;0;0;1;0;37;1872;1;257.46286418129733;257.47823981796967;1
9144;335;0;0;0;1;0;3409;588;18;257.4707050360681;257.48608067274046;1
9158;695;0;0;0;1;3;796;6;3305;257.78058769135623;257.79596332802856;1
9052;69;13;8;17;1;0;2338;1684;89;255.32157370842245;257.9779005051276;4
8840;39;10;5;10;1;0;4867;2838;10;248.4839227354814;258.2122263268303;4
9212;369;19;14;28;2;0;3066;602;37;259.0629985881217;259.6522661137172;4
9011;635;7;2;5;1;0;2988;710;43;254.2559071176364;259.7571940760818;4
9395;242;0;0;0;1;0;2261;2542;8;262.3965006875296;262.41178926066647;1
9397;247;0;0;0;1;0;274;305;24;262.4077719168854;262.42306049002224;1
9426;635;0;0;0;1;0;2607;852;29;262.8869552437443;262.90224381688114;1
9435;292;0;0;0;1;0;235;418;18;263.08816255282215;263.103451125959;1
9450;507;0;0;0;1;0;2756;4230;7;263.21428924487134;263.2295778180082;1
9459;203;0;0;0;1;0;1767;442;24;263.38296557170776;263.3982541448446;1
9525;50;0;0;0;1;0;1106;343;70;264.40640138144175;264.4216899545786;1
8881;302;13;8;17;1;0;12311;3724;14;249.64383212486814;264.80176933094305;4
9561;635;0;0;0;1;0;643;164;8;265.05524310016636;265.0704885102353;1
9278;560;13;8;16;1;0;6618;567;11;260.46288240099653;269.42945917892547;4
9856;388;0;0;0;1;3;109;15;3808;270.709551035049;270.72488301635576;1
9922;471;0;0;0;1;0;277;490;10;272.1570806843681;272.17236925750495;1
9306;551;14;9;18;1;0;7978;2817;7;260.8521520886086;272.2248325433854;4
9931;242;0;0;0;1;0;209;175;14;272.3095151028885;272.32480367602534;1
9934;645;0;0;0;1;0;1065;1851;7;272.3406653266672;272.35505746015946;1
9939;104;0;0;0;1;0;1405;2491;16;272.3964630854798;272.4108552189721;1
9945;242;0;0;0;1;0;569;5245;18;272.5454901706593;272.56077874379616;1
9947;314;0;0;0;1;0;1723;764;34;272.61541416142785;272.6298062949201;1
9949;247;0;0;0;1;0;30;572;15;272.6708581795834;272.6861467527202;1
9953;107;0;0;0;1;0;1034;748;12;272.76047975118365;272.7748718846759;1
9958;105;0;0;0;1;0;624;3016;17;272.9670057262828;272.9813978597751;1
9982;597;0;0;0;1;0;1099;2237;14;273.5626582565565;273.5779902378633;1
10075;466;0;0;0;1;0;890;3281;29;276.5250598405879;276.5403918218947;1
10088;471;0;0;0;1;0;2724;465;45;276.7521358715103;276.76746785281705;1
10089;367;0;0;0;1;0;1551;127;20;276.76700140348277;276.7823333847895;1
10094;520;0;0;0;1;0;329;335;78;276.89318162877987;276.90851361008663;1
10095;507;0;0;0;1;0;1345;466;5;276.95210421733435;276.9674361986411;1
10120;154;0;0;0;1;0;4038;2622;97;277.51115297861804;277.52535584402244;1
10130;624;0;0;0;1;2;1603;2027;212;277.7547202883547;277.7689231537591;1
10131;624;0;0;0;1;2;46;3449;65;277.756264516866;277.7704673822704;1
10132;329;0;0;0;1;0;300;2267;43;277.84009427606185;277.85429714146625;1
10172;569;0;0;0;1;0;325;1799;2;279.2180506975264;279.2323286696405;1
10224;360;0;0;0;1;0;1692;1002;20;281.2923451613274;281.3076337344642;1
10179;185;16;11;23;1;0;1807;606;29;279.55488035638297;281.36884223673684;4
10237;662;0;0;0;1;0;4071;1601;1;281.7723823481974;281.78767092133427;1
10278;640;0;0;0;1;0;1042;1324;6;283.0693784670837;283.08475410375604;1
10295;81;0;0;0;1;0;2346;179;1;283.33283171364644;283.3482073503188;1
10299;480;0;0;0;1;0;3913;855;77;283.48580213684926;283.5011777735216;1
10308;480;0;0;0;1;0;997;2070;47;283.599707558918;283.61508319559033;1
10352;563;0;0;0;1;0;448;1287;2;285.0691429607038;285.08451859737613;1
10361;690;0;0;0;1;1;104;4073;43;285.19695992105665;285.212335557729;1
10365;628;0;0;0;1;0;1364;204;26;285.34356764587125;285.3589432825436;1
10294;603;18;13;27;1;2;2675;20;187;283.32798650845257;286.01502685480926;4
9918;302;6;1;3;1;0;8453;1659;30;272.07420265706537;286.59282735146826;4
10417;563;0;0;0;1;0;264;2329;3;286.7704959366464;286.78587157331873;1
10427;563;0;0;0;1;0;4906;1250;53;287.10375437736013;287.11913001403246;1
10439;485;0;0;0;1;0;1210;1364;14;287.4635690956725;287.4789447323448;1
10445;470;0;0;0;1;1;772;345;6;287.5873750125491;287.60275064922143;1
10453;562;0;0;0;1;0;2635;1630;19;287.78091760813464;287.796293244807;1
10476;292;0;0;0;1;0;4903;7;18;288.6107627884666;288.6260947697734;1
10479;485;0;0;0;1;0;217;315;23;288.73926746240465;288.7545560355415;1
10544;471;0;0;0;1;0;682;466;92;290.2796980290022;290.29498660213903;1
10546;507;0;0;0;1;0;219;1909;20;290.306547037662;290.32183561079887;1
10559;538;0;0;0;1;0;10215;5506;48;290.6208038609482;290.636092434085;1
10569;628;0;0;0;1;0;233;186;17;290.7980677719166;290.8133563450534;1
10580;266;0;0;0;1;0;1842;1742;34;291.0186564272775;291.03394500041435;1
10581;266;0;0;0;1;0;450;4574;179;291.02028164442766;291.0355702175645;1
10597;56;0;0;0;1;0;1743;164;55;291.2961072566343;291.31139582977113;1
10598;471;0;0;0;1;0;1504;1176;15;291.32710549673266;291.3423940698695;1
10599;81;0;0;0;1;0;461;3845;1;291.33195201515696;291.3472405882938;1
10605;578;0;0;0;1;0;653;1422;2;291.52566058624166;291.5409491593785;1
10608;292;0;0;0;1;0;1875;2503;30;291.6608489514649;291.67613752460176;1
10619;480;0;0;0;1;0;6657;1;51;292.02966961627135;292.0449581894082;1
10638;432;0;0;0;1;0;2355;1418;3;292.4026756108354;292.4169535829495;1
10643;56;0;0;0;1;0;1813;1699;21;292.4901972580671;292.505442668136;1
10656;203;0;0;0;1;0;1017;5774;13;292.66079126604194;292.67603667611087;1
10657;141;0;0;0;1;0;200;1204;62;292.7151533416067;292.73039875167564;1
10663;242;0;0;0;1;0;319;618;85;292.867493024591;292.8827384346599;1
10667;120;0;0;0;1;0;3455;3121;12;292.9317280682427;292.94697347831163;1
10673;389;0;0;0;1;0;1237;1208;3;293.08990117446007;293.105146584529;1
10675;507;0;0;0;1;0;706;2862;9;293.0985928420326;293.1138382521015;1
10707;457;0;0;0;1;0;1539;2179;15;293.8059868056544;293.82034068305046;1
10713;239;0;0;0;1;0;4000;274;38;293.95483793579365;293.9691918131897;1
10714;112;0;0;0;1;2;1739;3953;253;293.97334484923925;293.9876987266353;1
10715;22;0;0;0;1;1;505;503;22;294.02547994017704;294.04072535024596;1
10734;577;0;0;0;1;0;1674;4572;36;294.7380973684987;294.7533427785676;1
10740;538;0;0;0;1;0;3457;942;14;294.779521920541;294.79476733060994;1
10755;562;0;0;0;1;0;214;1633;1;295.3061463699783;295.32139178004724;1
10763;241;0;0;0;1;0;3232;279;5;295.50303483796523;295.51841047463756;1
10772;662;0;0;0;1;0;102;1883;29;295.81886931927875;295.8342449559511;1
10775;209;0;0;0;1;0;1237;816;1;295.8972909326794;295.91141947741005;1
10776;188;0;0;0;1;0;2039;32;9;295.9048559917332;295.9189845364638;1
10781;76;0;0;0;1;0;180;1582;69;296.12893505723986;296.1443106939122;1
10784;372;0;0;0;1;0;4869;452;42;296.21861361945463;296.23398925612696;1
10788;193;0;0;0;1;0;755;741;61;296.29072388700615;296.3060995236785;1
10789;333;0;0;0;1;0;2885;158;2;296.2992438069372;296.31461944360956;1
10790;298;0;0;0;1;0;500;3086;1;296.33688763438386;296.3510161791145;1
10796;110;0;0;0;1;0;2113;2901;23;296.4744461299157;296.4896486199486;1
10805;214;0;0;0;1;0;4611;1543;8;296.5986425164994;296.6138450065323;1
10808;341;0;0;0;1;0;98;1798;23;296.66955458287396;296.68475707290685;1
10813;203;0;0;0;1;0;2832;5649;24;296.7356206559912;296.7508231460241;1
10816;351;0;0;0;1;2;2657;196;80;296.8395781748558;296.8549538115281;1
10821;546;0;0;0;1;0;788;2047;6;296.9964047717882;297.0105703793745;1
10825;328;0;0;0;1;0;4216;3201;36;297.12006414970045;297.13526663973335;1
10851;98;0;0;0;1;2;681;2765;116;297.7361525295695;297.7515281662418;1
10890;298;0;0;0;1;0;586;816;2;298.57372442678667;298.58789003437295;1
10964;664;0;0;0;1;2;2847;1930;287;300.8390649755772;300.8534188529732;1
10980;218;0;0;0;1;0;530;135;113;301.2516334731882;301.2659873505842;1
11044;503;0;0;0;1;2;77;4195;996;303.3206428383137;303.33571800607564;1
11107;577;0;0;0;1;0;500;1351;6;305.1771840267593;305.1922591945212;1
11117;141;0;0;0;1;0;3343;803;4;305.330880661435;305.34595582919695;1
11122;329;0;0;0;1;0;1885;360;4;305.4165213607274;305.4306869683137;1
11127;120;0;0;0;1;0;1827;200;3;305.5576660671359;305.5727412348979;1
11133;241;0;0;0;1;0;1654;2871;27;305.8906255520293;305.90613365926964;1
11149;485;0;0;0;1;0;1930;336;62;306.23665004586655;306.2516832454792;1
10860;71;15;10;21;1;0;8413;1989;2;297.9477429566551;306.37346166928;4
11174;409;0;0;0;1;2;5515;5495;141;306.8812332674198;306.8956638614743;1
11179;41;0;0;0;1;0;394;4;29;307.00503117836377;307.01946177241825;1
10449;430;8;3;6;1;0;8760;4870;24;287.7247164219846;307.285285996147;4
11190;108;0;0;0;1;0;2718;121;1;307.3050250534177;307.32053316065804;1
11197;166;0;0;0;1;2;10046;3962;158;307.46351869534016;307.47855189495283;1
11199;418;0;0;0;1;2;785;3679;235;307.5159497987073;307.5301154062936;1
11221;592;0;0;0;1;0;938;2039;7;308.133423212263;308.14793134743195;1
11236;239;0;0;0;1;0;857;451;29;308.4815528519264;308.49606098709535;1
11240;188;0;0;0;1;0;721;900;26;308.62751166198694;308.6416772695732;1
11267;520;0;0;0;1;0;573;868;7;309.3838866793829;309.39939478662325;1
11298;188;19;14;28;2;0;1786;1560;11;310.2998387530165;310.785791314046;4
11312;203;0;0;0;1;0;248;2961;3;310.8195523383269;310.83462750608885;1
11314;485;0;0;0;1;0;1071;1271;10;310.95590293885743;310.9709781066194;1
11363;28;0;0;0;1;0;2078;1914;20;312.18275494515547;312.1982630523958;1
11372;520;0;0;0;1;0;1906;670;13;312.38656292287004;312.4020710301104;1
11398;381;0;0;0;1;0;5988;2539;4;313.0692851067983;313.08479321403865;1
11402;434;0;0;0;1;0;3910;866;189;313.26476092589934;313.2802690331397;1
11436;595;0;0;0;1;0;201;2743;43;314.0352096202183;314.0507177274587;1
11471;340;0;0;0;1;0;3414;341;40;314.83241318499006;314.8479212922304;1
11476;196;0;0;0;1;3;1167;4;1496;314.93071844888146;314.9462265561218;1
11484;308;0;0;0;1;2;2220;34;372;315.06783078771514;315.0821087598292;1
11486;263;0;0;0;1;0;3548;1684;1;315.11245358418114;315.1267315562952;1
11524;493;0;0;0;1;3;647;93;8789;315.8499859402349;315.86553871304346;1
11546;203;0;0;0;1;0;3163;852;8;316.5025249215257;316.5175581211384;1
11577;31;0;0;0;1;0;679;727;14;317.35957644198203;317.375040139467;1
11587;662;0;0;0;1;0;356;2266;8;317.5133658878629;317.52882958534786;1
11588;318;0;0;0;1;0;979;586;15;317.5317111248442;317.5467443244569;1
11591;640;0;0;0;1;0;3173;788;39;317.59333139390355;317.6083645935162;1
11592;56;0;0;0;1;0;532;378;1;317.61661021711103;317.6316434167237;1
11605;192;0;0;0;1;3;1460;12;207;317.92188709070643;317.9373507881914;1
11607;507;0;0;0;1;0;5959;142;25;317.9898093480474;318.0048425476601;1
11609;662;0;0;0;1;0;2983;1901;4;318.01475863880717;318.0302223362921;1
11615;637;0;0;0;1;3;644;12;1836;318.1270781036926;318.1425418011776;1
11617;17;0;0;0;1;0;3481;2060;16;318.20484043074293;318.2203041282279;1
11619;654;0;0;0;1;2;1777;3807;19;318.23579328893703;318.2508264885497;1
11682;196;0;0;0;1;3;1066;42;840;319.46253628410386;319.4779999815888;1
11691;501;0;0;0;1;1;221;361;5;319.6271520126004;319.64266011984074;1
11725;471;0;0;0;1;0;367;3823;1;320.1915726314138;320.2066058310265;1
11761;288;0;0;0;1;0;5406;959;70;320.81284069923447;320.8283488064748;1
11791;626;0;0;0;1;2;7060;3617;294;321.26591810935093;321.2814262165913;1
11843;507;0;0;0;1;0;199;1313;24;322.3477389203154;322.36281408807736;1
11847;653;0;0;0;1;0;578;3163;2;322.51964912558896;322.53381473317523;1
11862;34;0;0;0;1;0;4866;396;13;322.84312614931093;322.8581593489236;1
11876;266;0;0;0;1;0;1555;2896;1;323.1109417163564;323.1259749159691;1
11897;291;0;0;0;1;3;546;23;104;323.56196781712964;323.5770010167423;1
11898;266;0;0;0;1;0;170;1208;9;323.57393027773355;323.5889634773462;1
11905;471;0;0;0;1;0;1026;1109;12;323.70174675307317;323.71677995268584;1
11970;408;0;0;0;1;0;6808;813;1;324.8558315744981;324.8699601192287;1
11985;613;0;0;0;1;3;1255;5;630;325.1298316570531;325.14533976429345;1
11990;644;0;0;0;1;3;978;60;1408;325.24547315411223;325.2609812613526;1
11994;241;0;0;0;1;0;482;1052;48;325.31904135217127;325.3345494594116;1
12028;298;0;0;0;1;0;586;3050;33;326.04882487975357;326.06277098177475;1
12053;203;0;0;0;1;0;574;681;25;326.61315616606964;326.6282313338316;1
12063;263;0;0;0;1;0;1838;1159;6;326.9745815250598;326.98871006979044;1
11969;145;6;1;2;1;3;710;1;2007;324.84791434463864;326.99116336804326;4
12068;496;0;0;0;1;0;389;3016;28;327.0698273858737;327.0839559306043;1
12086;169;0;0;0;1;0;262;1116;5;327.46358057640185;327.4777091211325;1
12099;627;0;0;0;1;0;29;1141;4;327.7566537569635;327.7707823016941;1
12105;164;0;0;0;1;3;43;12;87;327.85247480210364;327.86660334683427;1
12125;242;0;0;0;1;0;1317;1169;122;328.1416874161345;328.15680478702654;1
12146;337;0;0;0;1;0;958;1657;7;328.61247340597436;328.626601950705;1
12151;288;0;0;0;1;0;168;109;14;328.6992181126545;328.71468181013944;1
12155;295;0;0;0;1;3;499;31;4684;328.76527562256393;328.7807393200489;1
12156;399;0;0;0;1;2;4249;192;295;328.78178708165535;328.7972507791403;1
12157;288;0;0;0;1;0;831;5011;23;328.8234066107924;328.83887030827736;1
12170;578;0;0;0;1;0;2180;342;15;329.1157109552239;329.13087076620576;1
12180;288;0;0;0;1;0;975;17;2;329.2227824143167;329.2382461118017;1
12186;31;0;0;0;1;0;389;361;1;329.3891656151049;329.40462931258986;1
12206;189;0;0;0;1;3;529;5;692;329.9111983005752;329.9267064078156;1
11202;693;7;2;4;1;0;10026;350;24;307.5931106314961;329.9687442042568;4
12196;175;19;14;29;2;3;948;1;842;329.636038329496;330.02030749133434;4
12318;238;0;0;0;1;0;3430;5100;12;332.28112555057044;332.2966336578108;1
12323;288;0;0;0;1;0;249;3971;28;332.39116980028336;332.4066779075237;1
12329;336;0;0;0;1;0;314;1595;33;332.564593461427;332.5801015686674;1
12388;433;0;0;0;1;0;1285;93;15;334.07586937864784;334.0903775138168;1
12402;645;0;0;0;1;0;279;5219;4;334.45972501124294;334.4742331464119;1
12501;109;0;0;0;1;0;895;408;54;337.5811316188927;337.59672931529917;1
12676;685;0;0;0;1;0;6765;3238;10;343.75573687138746;343.7696470488246;1
12818;415;19;14;30;2;0;1640;1270;23;348.25779543993616;348.70317551539335;4
12859;480;19;14;31;2;0;219;153;3;349.4471174413605;349.7950180436553;4
12989;277;0;0;0;1;0;3136;2160;21;352.7864737377758;352.8010209568374;1
13004;107;0;0;0;1;0;1356;520;11;353.1173651524727;353.1319123715343;1
13127;614;0;0;0;1;0;1448;3002;29;356.0097860843587;356.0239889497631;1
13161;408;0;0;0;1;0;1659;336;8;356.7806443286675;356.7948471940719;1
13317;685;0;0;0;1;0;627;3495;7;360.8826357583087;360.8965818603299;1
13325;298;0;0;0;1;0;273;1803;6;361.02901661405735;361.04296271607853;1
13388;329;0;0;0;1;0;418;1423;40;362.99019564904114;363.0041417510623;1
13394;74;0;0;0;1;0;596;1357;4;363.1893957629267;363.2033418649479;1
13443;546;0;0;0;1;0;57;484;11;364.3014903063223;364.3154364083435;1
13454;432;0;0;0;1;0;123;619;7;364.7225116589227;364.7364577609439;1
13462;546;0;0;0;1;0;2191;575;73;364.9909165585347;365.0048626605559;1
13471;631;0;0;0;1;0;2869;4947;112;365.14672452877534;365.1606706307965;1
13501;555;0;0;0;1;0;364;1651;11;366.1027581673629;366.1180035774318;1
13504;185;0;0;0;1;0;721;371;6;366.1560055623791;366.1699516644003;1
13526;631;0;0;0;1;0;392;1515;32;366.99911943957886;367.01306554160004;1
13529;209;0;0;0;1;0;3269;451;18;367.04864611894317;367.06259222096435;1
13552;328;0;0;0;1;0;2426;247;7;367.68589697065227;367.7011855437891;1
13562;266;0;0;0;1;0;2447;2765;12;368.01468962915425;368.0299782022911;1
13563;640;0;0;0;1;0;3986;1094;31;368.04219079379294;368.0574793669298;1
13568;203;0;0;0;1;0;613;1464;12;368.1305810386415;368.1458696117783;1
13576;631;0;0;0;1;0;1751;199;16;368.5097356780883;368.5236817801095;1
13597;210;0;0;0;1;0;2750;3237;59;369.28737821547867;369.30132431749985;1
13231;74;8;3;7;1;0;5737;215;39;358.5363816526487;370.9630509606721;4
13668;480;0;0;0;1;0;2260;5389;22;371.7927758693176;371.80675808196173;1
13671;422;0;0;0;1;0;672;3271;18;371.92396682565635;371.9379490383005;1
13721;327;0;0;0;1;3;346;22;4082;373.2594281266918;373.2734103393359;1
13726;434;0;0;0;1;0;2656;69;30;373.4438468429141;373.4594445393206;1
13734;662;0;0;0;1;0;3056;63;2;373.6369101182279;373.65250781463436;1
13737;74;0;0;0;1;0;3694;172;7;373.732303518082;373.7479012144885;1
13765;595;0;0;0;1;0;1393;2244;25;374.5402296001791;374.55582729658556;1
13771;333;0;0;0;1;0;281;900;14;374.74732506671376;374.76292276312023;1
13885;241;0;0;0;1;0;4058;3717;1;377.71949371667534;377.7350464894839;1
13886;360;0;0;0;1;0;504;398;10;377.7349585617866;377.75051133459516;1
14015;652;13;8;17;1;2;2801;2832;33;380.24499166394384;383.05906023863645;4
13809;129;11;6;12;1;0;7708;333;36;375.72057462594313;383.9710179041924;4
14211;292;0;0;0;1;0;1112;187;4;384.02800884442553;384.0435616172341;1
14239;662;0;0;0;1;0;4042;3623;35;384.3203804923495;384.3359332651581;1
14255;360;0;0;0;1;0;196;2055;1;384.53297938460526;384.54853215741383;1
14307;17;0;0;0;1;0;1943;5584;14;385.5289617992123;385.5445145720209;1
14312;288;0;0;0;1;0;1067;1571;20;385.5700985008546;385.5856512736632;1
14325;360;0;0;0;1;0;1833;1479;88;385.7688455876842;385.7843983604928;1
14414;238;0;0;0;1;0;3365;583;55;387.4218067011678;387.43735947397636;1
14415;238;0;0;0;1;0;1699;1019;81;387.44497749990694;387.4605302727155;1
14434;412;0;0;0;1;3;1077;8;227;387.7460063854626;387.76155915827115;1
14436;1;0;0;0;1;3;779;77;56;387.8497418736015;387.86529464641006;1
14120;300;8;3;6;1;3;3176;23;532;382.39105489519847;388.8010009972196;4
14485;491;0;0;0;1;2;432;2114;867;388.7901106695433;388.8056634423519;1
14497;184;0;0;0;1;3;1590;27;2639;389.0155755578738;389.03099509922487;1
14498;27;0;0;0;1;0;25;4165;19;389.04878059938835;389.0643333721969;1
14505;466;0;0;0;1;0;4883;1619;3;389.2041428753883;389.2196956481969;1
14541;141;0;0;0;1;0;478;79;22;390.1282793294291;390.1436988707802;1
14572;138;0;0;0;1;3;15;17;1663;390.81174277566436;390.8272064731493;1
14575;135;0;0;0;1;3;1064;1;1786;390.8513136981622;390.86677739564715;1
14579;143;0;0;0;1;0;4739;3633;2;390.90331469877725;390.9187783962622;1
14583;184;0;0;0;1;3;286;1;1849;390.9682404394757;390.9837041369607;1
14585;388;0;0;0;1;3;2450;1;811;390.99881754149493;391.0142812389799;1
14627;507;0;0;0;1;0;4083;544;7;392.03998210816803;392.0554902154084;1
14640;81;0;0;0;1;0;57;356;22;392.4104091077917;392.42596188060025;1
14655;341;0;0;0;1;0;1255;33;82;392.7545962915075;392.77014906431606;1
14673;81;0;0;0;1;0;482;951;1;393.19928061835736;393.21483339116594;1
14676;143;0;0;0;1;0;1950;38;119;393.35223838780604;393.3677911606146;1
14705;143;0;0;0;1;0;355;3789;18;394.225249543121;394.24080231592956;1
14712;433;0;0;0;1;0;1057;1825;7;394.5325787621711;394.5473649793894;1
14715;219;0;0;0;1;0;255;1797;50;394.57488680784763;394.5896730250659;1
14725;635;0;0;0;1;0;2011;428;26;394.9138985503092;394.9294513231178;1
14739;143;0;0;0;1;0;2052;5010;16;395.24469020310295;395.2602429759115;1
14754;562;0;0;0;1;0;1917;2381;5;395.6570114379031;395.6725642107117;1
14760;247;0;0;0;1;0;992;812;1;395.74272121468033;395.7582739874889;1
14764;562;0;0;0;1;0;4227;2861;43;395.8311959780432;395.84674875085176;1
14768;507;0;0;0;1;0;2508;507;70;395.89765670905393;395.9132094818625;1
14770;214;0;0;0;1;0;1321;384;38;395.9201267145874;395.935679487396;1
14779;473;0;0;0;1;2;3263;1832;342;396.1243705866043;396.1399233594129;1
14756;272;19;14;29;2;0;2306;1348;29;395.669718788983;396.18515309719265;4
14782;8;0;0;0;1;2;99;6566;422;396.2250945000945;396.24060260733484;1
14784;555;0;0;0;1;0;2389;535;8;396.3644286660311;396.3799367732714;1
14841;466;0;0;0;1;0;1251;5942;9;398.29568879125856;398.31124156406713;1
14780;198;7;2;4;1;0;2213;238;31;396.1333871554686;398.35945337127396;4
14846;152;0;0;0;1;2;3002;3013;154;398.45362131260276;398.46917408541134;1
14871;466;0;0;0;1;0;415;619;24;399.2522441056661;399.26779687847466;1
14873;336;0;0;0;1;0;2405;22;115;399.34265585468444;399.358208627493;1
14895;292;0;0;0;1;0;1652;971;6;400.12526135280837;400.14081412561694;1
14946;360;0;0;0;1;0;2436;3596;76;402.1196945604108;402.13524733321935;1
14956;485;0;0;0;1;0;2524;459;52;402.4304386679776;402.4459914407862;1
14982;200;0;0;0;1;0;198;1056;47;403.5390763158513;403.5537023378559;1
14985;282;19;14;30;2;0;11;1123;11;403.68579925150107;403.9911677517123;4
15108;56;0;0;0;1;0;1014;820;1;406.968221984282;406.9838196806885;1
15155;129;0;0;0;1;0;2081;813;11;408.44708021080214;408.4626779072086;1
15177;567;0;0;0;1;0;182;1412;10;408.9599127260161;408.9755104224226;1
15193;686;0;0;0;1;2;572;644;961;409.5014010041591;409.5169987005656;1
15231;56;0;0;0;1;0;591;1634;5;410.7958613624149;410.81145905882136;1
15236;129;0;0;0;1;0;1657;694;1;410.87870358084626;410.89425635365484;1
15238;471;0;0;0;1;0;5637;966;24;410.89877363278134;410.9143264055899;1
15288;490;0;0;0;1;1;28;421;17;412.0882657073252;412.1038184801338;1
15301;490;0;0;0;1;1;227;51;58;412.5148583306432;412.5304111034518;1
15302;628;0;0;0;1;0;2301;436;11;412.59660987965566;412.61216265246424;1
15358;106;7;2;5;1;1;321;1562;50;413.9902748719388;414.32511375260356;4
15352;106;7;2;4;1;1;521;387;10;413.8512874787628;414.38611375260353;4
15356;516;12;7;14;1;0;588;1719;15;413.9025990751615;414.5036360988693;4
15414;239;0;0;0;1;0;5134;899;8;415.3402548641635;415.3547629993325;1
15420;104;0;0;0;1;0;497;295;90;415.5916919598356;415.60620009500457;1
15429;457;0;0;0;1;0;2625;1701;27;415.7900955380663;415.80460367323525;1
15434;277;0;0;0;1;0;1934;637;6;415.89259541216734;415.9071035473363;1
15470;389;0;0;0;1;0;2321;188;42;416.7668390522004;416.78234715944075;1
15471;472;0;0;0;1;0;254;1195;15;416.7866413381227;416.8007330134339;1
15472;562;0;0;0;1;0;3203;3650;9;416.81822780035486;416.8337359075952;1
15475;275;0;0;0;1;0;4479;1271;27;416.92426438767285;416.9397724949132;1
15505;203;0;0;0;1;0;1785;1910;6;417.7146661596405;417.73017426688085;1
15526;34;0;0;0;1;0;136;1248;44;418.21444876694653;418.2299568741869;1
15534;662;0;0;0;1;0;1549;1237;46;418.29718924210715;418.3126529395921;1
15542;129;0;0;0;1;0;247;350;35;418.4624586096693;418.47796671690963;1
15546;340;0;0;0;1;0;4448;2297;16;418.57391383580944;418.5893775332944;1
15548;555;0;0;0;1;0;1433;2693;6;418.6114878437757;418.62699595101606;1
15549;266;0;0;0;1;0;1243;236;21;418.67330723159444;418.6888153388348;1
15550;27;0;0;0;1;0;2563;1515;9;418.6778546740413;418.6933183715263;1
15566;81;0;0;0;1;0;6938;544;17;418.9341481565102;418.94965626375057;1
15602;292;0;0;0;1;0;5783;1316;10;420.125122681964;420.14063078920435;1
15624;555;0;0;0;1;0;594;516;29;420.8556996971165;420.8712524699251;1
15627;466;0;0;0;1;0;2523;2455;18;420.9282322610513;420.9437403682916;1
15634;111;0;0;0;1;0;5249;2290;2;421.0083372203008;421.02384532754115;1
15637;57;0;0;0;1;0;1460;2813;13;421.0878942835043;421.10340239074463;1
15640;109;0;0;0;1;0;2026;2932;14;421.15544461898423;421.1709527262246;1
15641;266;0;0;0;1;0;20;523;72;421.17539077663463;421.1909435494432;1
15645;34;0;0;0;1;0;1313;3551;15;421.2555226988185;421.27107547162706;1
15675;595;0;0;0;1;0;5558;216;2;421.9758972026828;421.99140530992315;1
15677;238;0;0;0;1;0;512;4117;60;422.1254706138773;422.1409787211177;1
15776;381;0;0;0;1;0;2932;1296;1;425.28336046687156;425.29891323968013;1
15737;373;19;14;28;2;2;9931;3869;123;424.13495660156866;425.41431950298664;4
15789;173;0;0;0;1;0;18;1028;11;425.5452325402714;425.56078531308;1
15881;333;0;0;0;1;0;457;625;7;428.111418430686;428.1269712034946;1
15884;109;0;0;0;1;0;867;3;26;428.17643037789696;428.19198315070554;1
15885;415;0;0;0;1;0;2895;531;40;428.17689981646737;428.19245258927594;1
15910;660;0;0;0;1;0;310;1267;42;428.82977124820843;428.845324021017;1
15840;685;8;3;7;1;0;4118;1103;26;427.13205136809796;431.96425151402985;4
16106;415;0;0;0;1;0;204;2886;15;434.54455729925195;434.5601549956584;1
16113;238;0;0;0;1;0;261;973;8;434.6293921578995;434.64498985430595;1
16124;335;0;0;0;1;0;744;437;1;434.9200216687591;434.93561936516556;1
16128;488;19;14;28;2;0;5184;628;91;434.98374640897595;435.79053142946213;4
16164;175;0;0;0;1;3;254;4;581;435.8759572256476;435.8915099984562;1
16197;523;0;0;0;1;0;3250;2209;113;436.6475180743391;436.66307084714765;1
16223;518;0;0;0;1;0;2517;2450;2;437.15227246334746;437.16782523615603;1
16226;74;0;0;0;1;0;3009;824;19;437.1633373434046;437.17889011621315;1
16234;333;0;0;0;1;0;1626;3155;16;437.3118106243073;437.3273633971159;1
16239;76;0;0;0;1;0;835;484;13;437.45858473315076;437.47413750595933;1
16256;360;0;0;0;1;0;2587;1272;44;437.6812382014112;437.69679097421977;1
16257;74;0;0;0;1;0;597;1820;11;437.6949367442188;437.7104895170274;1
16272;520;0;0;0;1;0;4182;735;1;437.98771990268915;438.0032280099295;1
16275;360;0;0;0;1;0;55;2509;102;438.01286921988736;438.0283773271277;1
16287;439;0;0;0;1;3;655;35;579;438.21215299256136;438.2276610998017;1
16299;653;0;0;0;1;0;1466;19;4;438.5085929704634;438.52410107770373;1
16327;76;0;0;0;1;0;2774;893;7;438.86434555999807;438.8798536672384;1
16333;595;0;0;0;1;0;5906;2;19;438.9563782289165;438.97188633615684;1
16342;497;0;0;0;1;2;12111;1378;123;439.132747843974;439.148211541459;1
16347;523;0;0;0;1;0;122;1114;10;439.18533141728545;439.2007951147704;1
16354;129;0;0;0;1;0;3208;71;97;439.3007089549097;439.3164889712451;1
16356;241;0;0;0;1;0;440;556;36;439.31687608447567;439.3323397819606;1
16358;314;0;0;0;1;0;4612;946;58;439.33721556498483;439.3526792624698;1
16366;525;0;0;0;1;3;185;49;1620;439.49125965208646;439.5070396684219;1
16376;64;0;0;0;1;2;9296;756;57;439.70420917116866;439.7199891875041;1
16378;434;0;0;0;1;0;2406;1785;4;439.71586552399964;439.7313292214846;1
16325;493;6;1;2;1;3;273;1;749;438.84417155783734;439.7890180225088;4
16391;360;0;0;0;1;0;6264;3220;10;439.9745566328156;439.9900203303006;1
16418;340;0;0;0;1;0;373;28;20;440.51279505809873;440.5282587555837;1
16433;27;0;0;0;1;0;392;3986;21;440.789445910864;440.80490960834896;1
16457;309;0;0;0;1;3;899;5;3753;441.0939178776094;441.1096978939448;1
16458;415;0;0;0;1;0;3484;443;66;441.0984290166776;441.11393712391794;1
15935;627;11;6;12;1;0;6753;775;9;429.8305976719851;441.15054173207847;4
16465;683;0;0;0;1;3;674;26;715;441.30329317610864;441.3190731924441;1
16486;198;0;0;0;1;0;4404;977;8;441.78408612747006;441.79817780278125;1
16490;8;0;0;0;1;2;357;4612;1274;441.829422358542;441.84520237487743;1
16491;316;0;0;0;1;3;696;2;1635;441.8305066330845;441.84601474032485;1
16501;335;0;0;0;1;0;6900;150;4;441.99995847429466;442.015466581535;1
16502;518;0;0;0;1;0;1659;4326;13;442.01097274361405;442.0264808508544;1
16510;586;0;0;0;1;2;406;3976;409;442.1858679249358;442.20137603217614;1
16005;523;6;1;2;1;0;4415;276;13;431.9282796439028;442.4821894618505;4
16543;221;0;0;0;1;3;1007;49;829;442.84415081084467;442.8599308271801;1
16546;389;0;0;0;1;0;8458;751;12;442.90009308613196;442.9158731024674;1
16560;135;0;0;0;1;3;2021;10;1803;443.1924182738339;443.2081982901693;1
16564;50;0;0;0;1;0;2482;1348;23;443.2865159732623;443.3022959895977;1
16574;309;0;0;0;1;3;2517;103;398;443.4115219017821;443.42730191811756;1
16589;391;0;0;0;1;0;16;284;188;443.74882308287374;443.7643758556823;1
16598;104;0;0;0;1;0;3809;2640;52;443.93546584157446;443.9512458579099;1
16506;410;10;5;10;1;0;821;2795;16;442.036241537282;444.001067841107;4
16626;434;0;0;0;1;0;1759;5827;23;444.4903508651395;444.50590363794805;1
16636;193;0;0;0;1;0;1145;1022;83;444.6610628521411;444.67661562494965;1
16645;660;0;0;0;1;0;513;1386;13;444.7911749080009;444.8067276808095;1
16649;478;0;0;0;1;1;85;2029;4;444.8273392663563;444.8428920391649;1
16660;266;0;0;0;1;0;1209;434;86;445.040452632334;445.05627889657836;1
16669;143;0;0;0;1;0;297;1346;1;445.2293590870777;445.24518535132205;1
16670;660;0;0;0;1;0;521;1164;10;445.23580552172626;445.25135829453484;1
16683;56;0;0;0;1;0;349;407;30;445.45293874540585;445.4687650096502;1
16685;14;0;0;0;1;3;384;1;1334;445.50249072940494;445.5183169936493;1
16689;380;0;0;0;1;3;385;27;2092;445.55585095261245;445.571403725421;1
16691;288;0;0;0;1;0;569;1561;11;445.5582741845335;445.5738269573421;1
16692;143;0;0;0;1;0;2204;412;31;445.5594659900772;445.57529225432154;1
16706;669;0;0;0;1;3;200;10;1299;445.7352058898237;445.75103215406807;1
16712;589;0;0;0;1;3;242;4;570;445.8270300055302;445.8428562697746;1
16713;676;0;0;0;1;3;1082;10;1367;445.83055476595405;445.8463810301984;1
16719;478;0;0;0;1;1;848;69;1;445.9023095356604;445.91786230846895;1
16722;389;0;0;0;1;0;100;102;52;445.9594052649902;445.9752315292346;1
16725;34;0;0;0;1;0;7;1887;1;446.0413392745045;446.05716553874885;1
16742;17;0;0;0;1;0;1562;2236;13;446.28908266158004;446.3046803579865;1
16743;595;0;0;0;1;0;2717;3020;105;446.309498219059;446.32509591546545;1
16762;586;0;0;0;1;2;2925;3022;24;446.6221231124641;446.6377208088706;1
16824;682;0;0;0;1;2;10733;1670;4;447.8712726169006;447.8853642922118;1
16848;296;0;0;0;1;0;2334;918;7;448.4491197453345;448.4619706166927;1
16787;331;12;7;14;1;0;785;217;1;447.1061186178852;449.19900014458466;4
16697;504;11;6;12;1;0;2040;1847;27;445.60821760123156;449.5329819830551;4
16579;504;11;6;12;1;0;4307;376;99;443.57596098809273;450.0009819830551;4
16941;367;0;0;0;1;0;60;2424;44;450.32073943469726;450.3366122187332;1
16960;129;0;0;0;1;0;1133;2798;8;450.818828851259;450.83470163529495;1
16976;355;0;0;0;1;0;964;232;24;451.4973092738606;451.51318205789653;1
16977;34;0;0;0;1;0;6908;2258;72;451.5186150502695;451.5344878343054;1
16989;81;0;0;0;1;0;33;2549;2;451.8451955244798;451.8610683085157;1
16987;226;19;14;28;2;3;2117;55;103;451.79352761767956;452.2930383425757;4
17112;23;0;0;0;1;3;1097;11;209;455.1098681980021;455.12574098203805;1
16509;331;12;7;14;1;0;9490;608;5;442.1772962937328;455.4086891465108;4
17126;81;0;0;0;1;0;1860;91;16;455.5618481926105;455.57772097664645;1
17127;345;0;0;0;1;0;2187;513;16;455.6246560279595;455.6405288119954;1
17140;247;0;0;0;1;0;1976;808;1;455.88984583916954;455.9057186232055;1
17155;635;0;0;0;1;0;186;1248;8;456.26714959833936;456.2829758625837;1
17018;0;5;0;1;1;3;2045;38;432;452.48100453498296;457.3870048253577;4
17161;343;18;13;26;1;3;1014;1;4397;456.4695872133334;457.50972509037695;4
17227;205;0;0;0;1;2;3613;3133;73;458.6017934064205;458.61743628669683;1
17229;205;0;0;0;1;2;296;912;885;458.7480705229741;458.76371340325045;1
17264;563;0;0;0;1;0;878;3201;5;459.5863433158754;459.60212333221085;1
17268;129;0;0;0;1;0;648;1606;46;459.6555764328891;459.67135644922456;1
17298;168;0;0;0;1;0;359;2205;13;460.8539447387981;460.869817522834;1
17300;129;0;0;0;1;0;62;829;28;460.8911243905268;460.9069971745627;1
17314;108;0;0;0;1;0;1007;5899;11;461.6314354350083;461.64712376169507;1
17315;339;0;0;0;1;0;7009;842;7;461.7539996218389;461.76968794852564;1
17333;567;0;0;0;1;0;194;1715;40;462.2452184874509;462.2610447516953;1
17363;533;0;0;0;1;0;2143;356;3;463.54258388055877;463.55841014480313;1
17365;640;0;0;0;1;0;972;8485;3;463.7567907121737;463.7726169764181;1
17367;597;0;0;0;1;0;214;2411;13;463.8159819972009;463.83180826144525;1
17389;129;0;0;0;1;0;2168;3137;19;464.66183815013983;464.6776644143842;1
17407;387;0;0;0;1;0;379;341;15;465.37359590936086;465.3877244540915;1
17431;340;0;0;0;1;0;398;167;3;465.85440213168994;465.8701821480254;1
17434;355;0;0;0;1;0;609;1039;21;465.96273096703464;465.978557231279;1
17435;328;0;0;0;1;0;70;1112;19;465.9685308670668;465.9843571313112;1
17442;640;0;0;0;1;0;2822;1897;58;466.0894744671578;466.10530073140217;1
17444;520;0;0;0;1;0;435;871;11;466.0990061718403;466.11478618817574;1
17450;340;0;0;0;1;0;522;472;36;466.2064548514967;466.2222348678321;1
17455;464;0;0;0;1;1;91;1620;54;466.4627684324124;466.47854844874786;1
17456;247;0;0;0;1;0;11514;17;2;466.4714277613956;466.48720777773104;1
17458;328;0;0;0;1;0;2104;28;22;466.55169283786876;466.5674728542042;1
17465;628;0;0;0;1;0;1278;38;7;466.78232361669524;466.7981036330307;1
17468;341;0;0;0;1;0;2777;3444;44;466.93351368029437;466.9492936966298;1
17470;185;0;0;0;1;0;338;2983;8;466.9616580183952;466.97578656312584;1
17506;640;0;0;0;1;0;402;4916;14;468.1965861657902;468.21232020372275;1
17518;559;0;0;0;1;0;2930;3077;12;468.40614295877543;468.42187699670797;1
17523;81;0;0;0;1;0;6038;122;13;468.57151266064034;468.58724669857287;1
17524;242;0;0;0;1;0;675;964;5;468.6056577499353;468.6213917878678;1
17525;355;0;0;0;1;0;1413;695;28;468.61775299309085;468.6334870310234;1
17586;74;0;0;0;1;0;2896;3326;19;470.1745358229198;470.1902698608523;1
17593;420;0;0;0;1;0;2407;2739;67;470.34991090351775;470.3640394482484;1
17602;355;0;0;0;1;0;301;5103;2;470.60321073708303;470.6189907534185;1
17607;74;0;0;0;1;0;3008;5840;38;470.7126313589045;470.72836539683703;1
17614;209;0;0;0;1;0;176;1267;38;470.7680036107352;470.78213215546583;1
17616;480;0;0;0;1;0;286;5131;7;470.77272994858316;470.7885099649186;1
17630;415;0;0;0;1;0;2629;175;44;471.2075561545937;471.22329019252624;1
17658;477;0;0;0;1;1;427;152;39;471.76468107788816;471.7788096226188;1
17659;608;0;0;0;1;0;1196;399;7;471.76665529699545;471.7807838417261;1
17663;391;0;0;0;1;0;1269;1443;17;471.8146587371071;471.8303927750396;1
17666;382;0;0;0;1;1;72;315;4;471.99144697872543;472.0071353054122;1
17698;440;0;0;0;1;0;1398;501;11;472.87212516413905;472.88655575819354;1
17712;141;0;0;0;1;0;2895;3417;54;473.0839157257337;473.09834631978816;1
17732;13;0;0;0;1;0;1434;864;17;473.51143760256923;473.5258681966237;1
17744;120;0;0;0;1;0;539;70;18;473.7771791006323;473.79160969468677;1
17756;209;0;0;0;1;0;1354;1667;50;473.8610191172204;473.875147661951;1
17768;660;0;0;0;1;0;913;300;1;474.259262704834;474.27486040124046;1
17770;292;0;0;0;1;0;4790;1758;20;474.27365769821654;474.289255394623;1
17776;292;0;0;0;1;0;408;1387;31;474.36097433213814;474.3765271049467;1
17778;466;0;0;0;1;0;2036;2597;40;474.4316459174017;474.44719869021026;1
17783;415;0;0;0;1;0;4967;1876;38;474.5767193053825;474.59227207819106;1
17793;458;0;0;0;1;0;1671;70;17;474.8963194773142;474.9107500713687;1
17811;141;0;0;0;1;0;405;197;46;475.17827521818697;475.19270581224146;1
17819;520;0;0;0;1;0;199;931;82;475.39995314635524;475.4155059191638;1
17822;277;0;0;0;1;0;4385;7913;22;475.43732546239335;475.45175605644783;1
17823;466;0;0;0;1;0;170;2563;1;475.4497006821051;475.4652534549137;1
17825;219;0;0;0;1;0;1580;816;1;475.46840008857794;475.4828306826324;1
17837;76;0;0;0;1;0;198;104;33;475.7226999328713;475.7382527056799;1
17851;400;0;0;0;1;0;1831;3841;3;476.2384491328828;476.2528797269373;1
17854;440;0;0;0;1;0;767;3915;101;476.3450366114486;476.3594672055031;1
17878;69;0;0;0;1;0;2912;2303;3;476.8013032846578;476.8157725453841;1
17899;25;0;0;0;1;2;6613;9295;61;477.41836472403105;477.43283398475734;1
17921;366;0;0;0;1;0;1417;2264;7;477.9029678766237;477.91713348420996;1
17925;238;0;0;0;1;0;6719;194;3;477.9805100846232;477.99610778102965;1
17930;282;0;0;0;1;0;484;644;18;478.16331955373613;478.1789172501426;1
17938;595;0;0;0;1;0;2527;2180;21;478.4000376031693;478.4156352995758;1
17955;129;0;0;0;1;0;5823;609;20;478.7094814271336;478.72535421116953;1
17958;415;0;0;0;1;0;3494;755;15;478.7550055882726;478.77060328467905;1
17964;272;0;0;0;1;0;1177;413;3;478.90116099257443;478.91528953730506;1
17965;434;0;0;0;1;0;1111;611;99;478.90673289525677;478.92233059166324;1
17967;241;0;0;0;1;0;1879;477;14;479.0012551754916;479.0168528718981;1
17977;562;0;0;0;1;0;3332;2948;13;479.2012975963458;479.21717038038173;1
17978;597;0;0;0;1;0;341;2098;83;479.20806439453565;479.2239371785716;1
17981;340;0;0;0;1;0;1818;1406;10;479.2353285708139;479.2509262672204;1
17995;190;0;0;0;1;0;1240;1653;37;479.65726605618335;479.6714316637696;1
17998;39;0;0;0;1;0;1856;2040;15;479.76357586569225;479.7777414732785;1
17999;81;0;0;0;1;0;293;1266;15;479.78041826013606;479.796291044172;1
18017;282;0;0;0;1;0;50;3743;3;480.48769266384295;480.5032454366515;1
18022;336;0;0;0;1;0;656;2220;45;480.6844849555;480.7000377283086;1
18036;282;0;0;0;1;0;3747;4432;36;481.03577276461704;481.0513255374256;1
18038;660;0;0;0;1;0;483;6172;19;481.076716627793;481.0922694006016;1
18067;173;0;0;0;1;0;1514;933;24;482.12036280918295;482.1359155819915;1
18101;480;0;0;0;1;0;6073;590;69;483.06408172764543;483.08009572654026;1
18122;266;0;0;0;1;0;4389;37;24;483.71586080703764;483.7318748059325;1
18123;562;0;0;0;1;0;1921;5578;12;483.7214338758587;483.7374478747535;1
18125;555;0;0;0;1;0;6085;781;38;483.7624588003169;483.7784727992117;1
18157;104;0;0;0;1;0;13;1080;2;484.632694438013;484.64870843690784;1
18283;662;0;0;0;1;0;285;1712;5;488.85893925032906;488.87449202313763;1
18288;685;0;0;0;1;0;1529;2644;1;489.07432598533217;489.08987875814074;1
18318;685;0;0;0;1;0;1302;865;35;490.09651804372044;490.112070816529;1
18517;530;19;14;28;2;3;454;97;3204;496.2215111814463;496.54834331765994;4
18638;266;0;0;0;1;0;2141;661;7;499.0643432612695;499.08045280766737;1
18646;563;0;0;0;1;0;381;5489;59;499.2864205162688;499.3025300626666;1
18652;597;0;0;0;1;0;827;3950;29;499.39476578560107;499.4108753319989;1
18656;104;0;0;0;1;0;4761;164;5;499.50151063616863;499.5176201825665;1
18660;93;0;0;0;1;1;933;1140;23;499.6051698226319;499.62127936902976;1
18715;328;0;0;0;1;0;2375;1836;60;500.3861103259677;500.40226807495947;1
18748;164;0;0;0;1;3;436;45;5272;500.92097573123243;500.9371334802242;1
18756;93;0;0;0;1;1;1641;2921;32;501.0409911846855;501.05714893367724;1
18766;247;0;0;0;1;0;2659;1475;13;501.2879245628348;501.30408231182656;1
18654;110;15;10;21;1;0;1739;379;1;499.42527022464935;501.4479821959079;4
18775;104;0;0;0;1;0;22;328;11;501.4793430002734;501.49550074926515;1
18784;207;0;0;0;1;3;682;17;2997;501.5871104681302;501.603268217122;1
18642;232;12;7;15;1;3;1937;52;1983;499.1816726779025;501.760950333685;4
18650;610;9;4;8;1;3;1767;12;19;499.3817882982919;501.83945937678186;4
18794;683;0;0;0;1;3;351;11;1297;501.82590127928717;501.8420590282789;1
18803;129;0;0;0;1;0;1625;1337;142;502.00777715996213;502.0239349089539;1
18809;547;0;0;0;1;3;106;2;6055;502.1361409155123;502.1522986645041;1
18865;635;0;0;0;1;0;221;2305;77;503.0515285804491;503.06773482136174;1
18858;633;18;13;27;1;3;237;3;749;502.9560629543132;503.20544856010724;4
18736;407;9;4;8;1;3;1660;5;499;500.7914993147288;503.3243857162854;4
18751;71;14;9;18;1;0;2937;241;3;500.9405665445276;503.88962755105615;4
18992;317;0;0;0;1;3;991;14;1292;505.03839121831396;505.0540795450007;1
19011;339;0;0;0;1;0;5456;1490;27;505.24720519159;505.26289351827677;1
19019;50;0;0;0;1;0;315;800;54;505.3569067255533;505.37296835610255;1
19025;397;0;0;0;1;3;412;5;769;505.46691874459367;505.4829803751429;1
18940;272;8;3;6;1;0;1086;866;43;504.2894532160509;505.6152955579697;4
19030;349;0;0;0;1;3;1602;17;1470;505.59970151277685;505.6157631433261;1
19039;386;0;0;0;1;0;279;14;4;505.80742044346334;505.8234820740126;1
19040;168;0;0;0;1;0;244;28;40;505.86156061239404;505.8776222429433;1
18795;407;9;4;9;1;3;1492;20;3320;501.8446639917192;505.9104798158589;4
19043;110;0;0;0;1;0;1020;1007;35;505.92734253510645;505.9430308617932;1
19049;410;0;0;0;1;0;741;2193;2;506.02763447650705;506.0433228031938;1
19050;168;0;0;0;1;0;668;1269;19;506.05126608022096;506.0673277107702;1
19056;17;0;0;0;1;0;1;132;1;506.1435588449348;506.15924717162153;1
19064;468;0;0;0;1;0;4472;837;13;506.269594616841;506.28565624739025;1
19066;305;0;0;0;1;3;1175;28;3956;506.35223183487903;506.3679201615658;1
19078;578;0;0;0;1;0;3750;1562;22;506.4399954793561;506.4560571099054;1
19081;109;0;0;0;1;0;4465;3325;56;506.5115543530577;506.52724267974446;1
19100;292;0;0;0;1;0;350;1125;69;506.97766145498036;506.9933497816671;1
19104;414;0;0;0;1;3;116;28;211;507.06212543478773;507.0778137614745;1
19107;530;0;0;0;1;3;334;84;43;507.13704175781754;507.1527300845043;1
19111;104;0;0;0;1;0;3882;1098;9;507.2027398624213;507.21880149297056;1
19116;31;0;0;0;1;0;124;2741;15;507.30256326004485;507.3182515867316;1
19118;292;0;0;0;1;0;1963;86;17;507.3101121265645;507.32580045325125;1
19128;318;0;0;0;1;0;934;5186;24;507.4454725356038;507.46153416615306;1
19133;559;0;0;0;1;0;1216;1423;17;507.544932745694;507.56099437624323;1
19136;81;0;0;0;1;0;903;874;1;507.6093787782014;507.62544040875065;1
19138;597;0;0;0;1;0;694;1380;17;507.69157693773906;507.7076385682883;1
19145;56;0;0;0;1;0;6080;3816;30;507.8303277992;507.84638942974925;1
19151;143;0;0;0;1;0;320;217;45;507.8895228664561;507.90558449700535;1
19154;578;0;0;0;1;0;1748;156;88;507.9847403596343;508.00080199018356;1
19155;599;0;0;0;1;3;46;1;3474;508.02500824072354;508.0410698712728;1
19165;386;0;0;0;1;0;66;1478;6;508.2576830281292;508.2737446586784;1
19221;349;0;0;0;1;3;615;28;1985;509.47032319842185;509.4863848289711;1
19280;410;0;0;0;1;0;6388;2314;31;510.6790464543541;510.6946893346304;1
19281;266;0;0;0;1;0;1143;231;11;510.68368176709527;510.6997433976445;1
19284;288;0;0;0;1;0;1062;4072;29;510.7356082525778;510.7512511328541;1
19291;316;0;0;0;1;3;1951;11;1289;510.88828665059765;510.903929530874;1
19295;504;0;0;0;1;0;4623;725;45;511.0813280540337;511.09697093431004;1
19301;367;0;0;0;1;0;9118;647;19;511.16438841060545;511.1804500411547;1
19323;288;0;0;0;1;0;584;1564;10;511.614655607725;511.63029848800136;1
19189;276;11;6;12;1;0;4198;257;14;508.85109851703453;513.0611988039425;4
19397;81;0;0;0;1;0;11025;678;10;513.2841560306216;513.3002176611708;1
19399;567;0;0;0;1;0;572;256;24;513.3480300230178;513.364091653567;1
19400;355;0;0;0;1;0;1426;1077;18;513.351232624846;513.3672942553952;1
19376;694;19;14;28;2;0;3481;3647;2;512.8003890968382;513.466410037755;4
19358;694;10;5;10;1;0;827;338;68;512.4661781412973;513.6619722183732;4
19417;480;0;0;0;1;0;1707;1026;39;513.8550317710464;513.8710934015955;1
19420;173;0;0;0;1;0;78;1341;12;513.9225864173659;513.9382292976422;1
19438;466;0;0;0;1;0;299;170;4;514.3359926105848;514.3516809372716;1
18745;238;6;1;2;1;0;5593;2012;2;500.893514096013;514.6086811261949;4
19457;504;0;0;0;1;0;2835;579;5;514.8634699622464;514.8791582889332;1
19415;10;19;14;31;2;0;7849;8;13;513.8363931752157;514.9256273192267;4
19474;1;0;0;0;1;3;889;14;395;515.3185113709245;515.3342454088571;1
19494;70;0;0;0;1;3;189;1;2149;515.8650682461831;515.881177792581;1
19496;138;0;0;0;1;3;267;1;1728;515.9642139788626;515.9803235252605;1
19513;391;0;0;0;1;0;2243;399;59;516.3889267823286;516.4046608202611;1
19518;76;0;0;0;1;0;482;1658;15;516.4652675844214;516.481001622354;1
19521;98;0;0;0;1;2;2578;631;91;516.5532022351593;516.5689362730919;1
19525;214;0;0;0;1;0;1783;1963;4;516.6693995884133;516.6855091348111;1
19529;507;0;0;0;1;0;3964;1243;52;516.8138356506939;516.8299451970918;1
19532;533;0;0;0;1;0;520;1330;6;516.8711392412966;516.8872487876945;1
19534;367;0;0;0;1;0;1544;2833;9;516.8880683352598;516.9041778816577;1
19383;694;10;5;11;1;0;2412;1016;14;512.9632693529688;517.788127479406;4
19557;129;0;0;0;1;0;3785;983;1;517.9453489867336;517.9614585331315;1
19615;336;0;0;0;1;0;1902;1031;5;520.0502802360786;520.0660142740112;1
19587;621;17;12;25;1;0;1800;37;7;519.077874171232;520.8901377961037;4
19693;438;0;0;0;1;2;1710;557;557;522.9763893336457;522.992032213922;1
19697;242;0;0;0;1;0;280;196;10;523.1161352364724;523.1321968670215;1
19706;468;0;0;0;1;0;1137;1134;2;523.3837515338097;523.3998131643589;1
19710;593;0;0;0;1;0;627;2548;17;523.4899404841966;523.5060021147458;1
19715;129;0;0;0;1;0;715;157;68;523.6480156796032;523.6640773101524;1
19718;578;0;0;0;1;0;2196;3024;1;523.7091029121146;523.7251645426638;1
19666;336;6;1;2;1;0;1600;186;2;521.9455562648758;524.6631991451521;4
19983;597;0;0;0;1;0;427;965;33;531.3171067530089;531.3331207519037;1
19986;81;0;0;0;1;0;4715;2937;60;531.3642393868003;531.380253385695;1
19500;621;17;12;24;1;0;15258;1686;1;516.0673113946706;531.5759866058345;4
20001;685;0;0;0;1;0;9804;3628;56;531.6857558853876;531.7012639926279;1
20008;595;0;0;0;1;0;2744;2263;1;531.8467063816572;531.8622144888975;1
20031;74;0;0;0;1;0;2495;1243;25;532.3941710533312;532.4096791605715;1
20032;56;0;0;0;1;0;2874;2269;11;532.3965233329529;532.4124899818667;1
20051;241;0;0;0;1;0;2669;1178;6;532.9533714289768;532.9688795362171;1
20054;454;0;0;0;1;2;290;5273;29;532.981885844956;532.9978524938697;1
20055;339;0;0;0;1;0;25;49;1;533.0143146861634;533.0298227934037;1
20059;660;0;0;0;1;0;395;390;23;533.0635510923414;533.0790591995817;1
20070;504;0;0;0;1;0;1804;714;3;533.2195708701773;533.2350789774176;1
20072;684;0;0;0;1;2;5668;4427;58;533.3353302290185;533.349570548746;1
20078;505;0;0;0;1;2;486;16403;1185;533.4458559418094;533.4613640490497;1
20080;333;0;0;0;1;0;548;2326;4;533.4877476969102;533.5032558041505;1
20095;480;0;0;0;1;0;1661;3520;65;534.0269785526301;534.0429452015438;1
20100;382;0;0;0;1;1;51;685;27;534.0902707578243;534.1057788650646;1
20105;110;0;0;0;1;0;515;943;3;534.1868059522849;534.2023140595252;1
20107;386;0;0;0;1;0;86;1915;70;534.2166181126098;534.2325847615235;1
20108;483;0;0;0;1;0;2611;522;49;534.2391077329845;534.2546158402248;1
20109;507;0;0;0;1;0;311;1374;45;534.2428586843555;534.2588253332692;1
20117;563;0;0;0;1;0;659;1090;53;534.4347419122516;534.4507085611654;1
20119;330;0;0;0;1;1;1252;2898;8;534.5041889387663;534.52015558768;1
20120;111;0;0;0;1;0;2077;1165;42;534.5065040154243;534.5220121226646;1
20133;329;0;0;0;1;0;3991;1989;72;534.7668755640411;534.7811535361552;1
20141;471;0;0;0;1;0;1216;1810;6;535.0044542354216;535.0204208843353;1
20151;468;0;0;0;1;0;688;460;19;535.1665336504549;535.1825002993686;1
20159;275;0;0;0;1;0;1399;1095;8;535.2801466624234;535.2961133113371;1
20183;111;0;0;0;1;0;4063;1741;6;535.8943597375007;535.9099125103094;1
20196;391;0;0;0;1;0;1762;154;11;536.1203674887558;536.1359202615645;1
20199;595;0;0;0;1;0;322;92;21;536.2150236758316;536.2305764486402;1
20234;111;0;0;0;1;0;81;1324;43;536.7540632174862;536.7696159902948;1
20237;76;0;0;0;1;0;52;847;1;536.8226956386828;536.8382484114915;1
20247;241;0;0;0;1;0;58;1887;19;537.0643953198706;537.0799480926793;1
20249;410;0;0;0;1;0;821;886;16;537.0746911133408;537.0902438861494;1
20256;483;0;0;0;1;0;166;1215;51;537.1981724054905;537.2137251782991;1
20260;64;0;0;0;1;2;385;4087;160;537.2822580434349;537.2981776215496;1
20267;420;0;0;0;1;0;2026;920;38;537.4089899020837;537.4232678741978;1
20310;239;0;0;0;1;0;7226;167;72;538.6039237809478;538.6179422917027;1
20328;399;0;0;0;1;2;31;951;119;539.130145936781;539.1457436331874;1
20331;360;0;0;0;1;0;1729;719;15;539.2680849883669;539.2836826847733;1
20360;662;0;0;0;1;0;540;406;13;540.1551797900929;540.1710525741288;1
20391;507;0;0;0;1;0;1471;956;23;540.937082786188;540.9529555702238;1
20402;485;0;0;0;1;0;1286;1368;76;541.1889637790714;541.2048365631073;1
20403;593;0;0;0;1;0;1466;54;1;541.190025178046;541.2058979620818;1
20408;517;0;0;0;1;2;3823;503;84;541.3522113918918;541.3680841759277;1
20411;458;0;0;0;1;0;7447;423;26;541.4214037904574;541.4354587882749;1
20412;120;0;0;0;1;0;366;2605;30;541.427556006707;541.4416110045246;1
20425;593;0;0;0;1;0;3;101;2;541.7175726253831;541.7334922034978;1
20429;389;0;0;0;1;0;1336;416;44;541.7805554555541;541.7964750336688;1
20444;468;0;0;0;1;0;1904;863;27;542.1994389335385;542.2153585116532;1
20355;592;8;3;6;1;0;2033;1478;19;539.8489644884883;544.7764499667143;4
20551;485;0;0;0;1;0;2759;628;35;545.1880335645753;545.20395314269;1
20169;198;8;3;6;1;0;4526;1268;8;535.573039414869;546.0491101323462;4
20608;104;0;0;0;1;0;786;1379;43;546.9354486605906;546.9513682387053;1
20624;621;0;0;0;1;0;1031;125;28;547.3072234832945;547.3213890908808;1
20531;60;18;13;27;1;0;1870;499;35;544.715576019784;547.3656271542114;4
20626;190;0;0;0;1;0;4105;505;9;547.3917234194533;547.4058890270396;1
20645;636;0;0;0;1;2;4893;6415;275;547.894556294987;547.9087219025732;1
20301;198;8;3;6;1;0;5359;501;62;538.2949351175946;549.8367807347365;4
20721;640;0;0;0;1;0;4802;392;29;550.0886361499273;550.104602798841;1
20736;432;0;0;0;1;0;60;1391;9;550.4462233676558;550.4621900165695;1
20740;635;0;0;0;1;0;2705;25;9;550.5859032846481;550.6018699335618;1
20753;640;0;0;0;1;0;461;2617;2;551.0927498571125;551.1087165060262;1
20757;432;0;0;0;1;0;7168;2574;1;551.1920089228023;551.207975571716;1
20761;662;0;0;0;1;0;1832;643;17;551.3339635116794;551.3499301605931;1
20763;555;0;0;0;1;0;1561;418;24;551.4109368469037;551.4269034958174;1
20792;185;0;0;0;1;0;3356;1633;19;552.1290282091143;552.1431938167005;1
20082;608;8;3;7;1;0;10723;656;19;533.7715146119501;552.7512697886984;4
20860;514;19;14;29;2;0;3688;1381;38;553.9217108605139;554.5729187181173;4
20885;288;0;0;0;1;0;3792;2548;19;554.5804108306742;554.5960085270806;1
20888;181;0;0;0;1;2;2260;533;96;554.67995536329;554.6955530596964;1
20931;288;0;0;0;1;0;1107;1213;34;555.6011182836564;555.6167159800628;1
20946;415;0;0;0;1;0;275;1942;31;556.0010246687671;556.0166223651735;1
20983;282;0;0;0;1;0;3440;1843;2;556.7016562291748;556.7172539255812;1
20988;560;16;11;23;1;0;1480;1614;5;556.9208816064937;558.4133487979129;4
21085;52;0;0;0;1;0;4420;2120;5;558.7731934611407;558.7891601100545;1
21086;241;0;0;0;1;0;852;610;47;558.7838115153676;558.7993642881762;1
21089;491;0;0;0;1;2;711;317;653;558.8287446256346;558.8442973984432;1
21132;355;0;0;0;1;0;868;3016;10;559.6908554248048;559.7068220737185;1
21151;635;0;0;0;1;0;978;3546;21;560.0065329793072;560.0224996282209;1
21154;316;0;0;0;1;3;1207;29;8203;560.0663097932426;560.0818625660512;1
21156;288;0;0;0;1;0;745;487;2;560.0785039302762;560.0940567030848;1
21161;241;0;0;0;1;0;133;1587;99;560.1551230632281;560.1706758360367;1
21170;76;0;0;0;1;0;1038;1921;2;560.2880710918066;560.3036238646152;1
21171;389;0;0;0;1;0;428;191;46;560.2937972552386;560.3097639041523;1
21172;367;0;0;0;1;0;389;1570;20;560.3130805345742;560.3290471834879;1
21192;139;0;0;0;1;3;1830;1;1588;560.8334333821592;560.8489861549679;1
21204;137;0;0;0;1;3;1241;28;159;561.0805171942609;561.0960699670695;1
21205;108;0;0;0;1;0;369;166;35;561.0938306254482;561.1093833982568;1
21218;17;0;0;0;1;0;2694;865;21;561.4306411111851;561.4461938839937;1
21243;247;0;0;0;1;0;170;407;12;561.8803574789406;561.8963241278543;1
21248;314;0;0;0;1;0;2248;1726;4;561.9377385987143;561.9532913715229;1
21251;288;0;0;0;1;0;1443;2039;34;561.9958569160226;562.0114096888312;1
21263;454;0;0;0;1;2;1480;524;454;562.2124104774394;562.2283771263532;1
21318;193;0;0;0;1;0;2321;3196;11;563.277575553458;563.2932184337343;1
21357;436;0;0;0;1;3;66;14;312;563.8129209474182;563.8285638276946;1
21394;129;0;0;0;1;0;472;1431;16;564.3833946997042;564.399361348618;1
21400;215;0;0;0;1;0;3510;989;29;564.5231232441058;564.5374390682455;1
21405;395;0;0;0;1;3;504;25;421;564.5977728532114;564.6137395021251;1
21419;266;0;0;0;1;0;417;1022;11;564.7675055934186;564.7834722423323;1
21420;222;0;0;0;1;3;17;16;5823;564.7758290724566;564.7914267688631;1
21429;266;0;0;0;1;0;595;738;9;564.9865856079647;565.0025522568784;1
21432;389;0;0;0;1;0;189;556;40;565.0204937792013;565.036460428115;1
21447;81;0;0;0;1;0;2282;1605;34;565.4047864356445;565.4207530845582;1
21524;17;0;0;0;1;0;32;1;8;567.1366712638741;567.1523141441504;1
21528;307;0;0;0;1;3;231;41;1711;567.2662798213204;567.2821993994351;1
21570;389;0;0;0;1;0;2612;1090;7;568.1123283354108;568.1282479135255;1
21617;589;0;0;0;1;3;207;1;939;569.0690785515178;569.0849513355537;1
21606;189;19;14;30;2;3;1023;33;671;568.8743818576442;569.2645804228218;4
21667;456;0;0;0;1;2;4610;3708;110;570.1162383813098;570.1320646455541;1
21729;567;0;0;0;1;0;150;889;16;571.7092951963906;571.7251679804265;1
21825;143;0;0;0;1;0;1218;2630;34;574.0254559334903;574.0413287175262;1
21923;333;0;0;0;1;0;2786;65;3;577.3787012053942;577.3943440856706;1
21940;27;0;0;0;1;0;748;314;4;577.919177047962;577.9348653746488;1
21946;1;0;0;0;1;3;66;33;2835;578.170074628069;578.1857629547558;1
21948;292;0;0;0;1;0;1651;287;8;578.2387141892099;578.2544025158967;1
21954;24;0;0;0;1;2;2356;287;651;578.3500466505159;578.3659194345518;1
21959;109;0;0;0;1;0;688;560;13;578.5680068629848;578.5836951896716;1
21969;355;0;0;0;1;0;2229;1189;7;578.7206403683011;578.736513152337;1
21972;282;0;0;0;1;0;3038;1883;44;578.817342225535;578.8330305522218;1
22073;434;0;0;0;1;0;2901;283;47;582.3183552806904;582.3340436073772;1
22086;485;0;0;0;1;0;3040;3526;6;582.7112105321112;582.7269905484466;1
22087;367;0;0;0;1;0;561;1015;22;582.7173146809198;582.7330946972552;1
22116;31;0;0;0;1;0;1259;1068;23;583.4521791745315;583.4678220548078;1
22122;485;0;0;0;1;0;8338;816;7;583.6403271700264;583.6561071863617;1
22124;50;0;0;0;1;0;2131;495;46;583.690764166713;583.7065441830484;1
22127;471;0;0;0;1;0;2554;4707;21;583.8093952664876;583.825175282823;1
22132;129;0;0;0;1;0;2302;130;4;584.0220600794441;584.0378400957795;1
22135;60;0;0;0;1;0;1305;4565;7;584.164892590043;584.1806726063784;1
22139;341;0;0;0;1;0;4208;1839;21;584.2619378939274;584.2777179102628;1
22162;129;0;0;0;1;0;669;426;50;584.9165437931973;584.9323238095327;1
22169;555;0;0;0;1;0;686;2430;18;584.9779041987609;584.9936842150963;1
22183;150;0;0;0;1;1;433;853;12;585.2521166198757;585.267896636211;1
22189;521;0;0;0;1;1;135;1418;35;585.4997426595123;585.5155226758477;1
22250;434;0;0;0;1;0;1216;354;17;587.4385927055248;587.4542355858011;1
22253;27;0;0;0;1;0;1914;855;53;587.4875645107146;587.503207390991;1
22287;640;0;0;0;1;0;1287;593;5;588.8593867700599;588.8752130343042;1
22327;640;0;0;0;1;0;2794;3890;48;590.2478126384058;590.2636389026501;1
22328;559;0;0;0;1;0;1245;2052;3;590.3035499808811;590.3193762451255;1
22397;434;0;0;0;1;0;852;3214;29;592.1662445905982;592.1819786285308;1
22400;111;0;0;0;1;0;698;694;10;592.1950380173469;592.2107720552794;1
22440;173;0;0;0;1;0;2974;1324;26;593.1899289805024;593.2056173071892;1
22515;520;0;0;0;1;0;2424;6;9;595.1334774082486;595.1491657349354;1
22533;292;0;0;0;1;0;1867;2497;24;595.7714855535368;595.7871738802236;1
22536;31;0;0;0;1;0;763;4869;2;595.8298416023919;595.8455299290787;1
22539;415;0;0;0;1;0;2609;1517;68;595.863671916068;595.8793602427548;1
22554;592;0;0;0;1;0;628;43;13;596.1286828268502;596.144371153537;1
22555;110;0;0;0;1;0;23;2937;12;596.1401315166142;596.1558198433011;1
22558;129;0;0;0;1;0;916;627;23;596.1808491021316;596.1965831400641;1
22560;593;0;0;0;1;0;2292;26;50;596.2220328448022;596.2377668827348;1
22572;76;0;0;0;1;0;2336;551;63;596.5009621855501;596.5166505122369;1
22578;129;0;0;0;1;0;1113;962;85;596.5659749774978;596.5817090154304;1
22579;559;0;0;0;1;0;1529;3695;75;596.6215266038366;596.6372606417692;1
22586;555;0;0;0;1;0;1781;626;28;596.7866793344554;596.802413372388;1
22588;247;0;0;0;1;0;1120;932;2;596.8574495642803;596.8731836022129;1
22591;520;0;0;0;1;0;1096;1487;27;596.9256468006603;596.9413351273471;1
22605;214;0;0;0;1;0;4139;998;1;597.3436629911031;597.3593970290357;1
22630;129;0;0;0;1;0;385;2922;28;598.1003791465871;598.1161131845197;1
22632;432;0;0;0;1;0;153;752;25;598.1928493323348;598.2085833702674;1
22634;578;0;0;0;1;0;237;654;18;598.2054128916456;598.2211469295781;1
22697;341;0;0;0;1;0;981;1025;1;599.6671256111712;599.6828596491038;1
22699;480;0;0;0;1;0;1693;913;14;599.7106729722597;599.7264070101922;1
